[Sat Apr  2 15:51:30 2016] [info]  Starting Axis2 HTTP server....
[Sat Apr  2 15:51:30 2016] [info]  Apache Axis2/C version in use : 1.6.0
[Sat Apr  2 15:51:30 2016] [info]  Server port : 9090
[Sat Apr  2 15:51:30 2016] [info]  Repo location : ../
[Sat Apr  2 15:51:30 2016] [info]  Read Timeout : 60000 ms
[Sat Apr  2 15:51:30 2016] [debug] phase.c(121) axis2_handler_t *request_uri_based_dispatcher added to the index 0 of the phase Transport
[Sat Apr  2 15:51:30 2016] [debug] phase.c(121) axis2_handler_t *addressing_based_dispatcher added to the index 1 of the phase Transport
[Sat Apr  2 15:51:30 2016] [debug] phase.c(121) axis2_handler_t *rest_dispatcher added to the index 0 of the phase Dispatch
[Sat Apr  2 15:51:30 2016] [debug] phase.c(121) axis2_handler_t *soap_message_body_based_dispatcher added to the index 1 of the phase Dispatch
[Sat Apr  2 15:51:30 2016] [debug] phase.c(121) axis2_handler_t *soap_action_based_dispatcher added to the index 2 of the phase Dispatch
[Sat Apr  2 15:51:30 2016] [debug] phase.c(121) axis2_handler_t *dispatch_post_conditions_evaluator added to the index 0 of the phase PostDispatch
[Sat Apr  2 15:51:30 2016] [debug] phase.c(121) axis2_handler_t *context_handler added to the index 1 of the phase PostDispatch
[Sat Apr  2 15:51:30 2016] [debug] conf_builder.c(234) No custom dispatching order found. Continue with the default dispatching order
[Sat Apr  2 15:51:30 2016] [debug] conf_builder.c(379) Module addressing found in axis2.xml
[Sat Apr  2 15:51:30 2016] [debug] class_loader.c(140) ..//lib/libaxis2_http_sender.so shared lib loaded successfully
[Sat Apr  2 15:51:30 2016] [debug] class_loader.c(140) ..//lib/libaxis2_http_receiver.so shared lib loaded successfully
[Sat Apr  2 15:51:30 2016] [debug] dep_engine.c(1283) axis2_dep_engine_load_module_dll: DLL path is : ..//modules/addressing/libaxis2_mod_addr.so
[Sat Apr  2 15:51:30 2016] [debug] class_loader.c(140) ..//modules/addressing/libaxis2_mod_addr.so shared lib loaded successfully
[Sat Apr  2 15:51:30 2016] [debug] dep_engine.c(1283) axis2_dep_engine_load_module_dll: DLL path is : ..//modules/logging/libaxis2_mod_log.so
[Sat Apr  2 15:51:30 2016] [debug] class_loader.c(140) ..//modules/logging/libaxis2_mod_log.so shared lib loaded successfully
[Sat Apr  2 15:51:30 2016] [debug] svc_builder.c(318) DLL path is : ..//services/Calculator/libCalculator.so
[Sat Apr  2 15:51:30 2016] [debug] svc_builder.c(318) DLL path is : ..//services/echo/libecho.so
[Sat Apr  2 15:51:30 2016] [debug] svc_builder.c(318) DLL path is : ..//services/math/libmath.so
[Sat Apr  2 15:51:30 2016] [debug] svc_builder.c(318) DLL path is : ..//services/mtom/libmtom.so
[Sat Apr  2 15:51:30 2016] [debug] svc_builder.c(318) DLL path is : ..//services/mtom_callback/libmtom_callback.so
[Sat Apr  2 15:51:30 2016] [debug] svc_builder.c(318) DLL path is : ..//services/notify/libnotify.so
[Sat Apr  2 15:51:30 2016] [debug] svc_builder.c(318) DLL path is : ..//services/sg_math/libadd.so
[Sat Apr  2 15:51:30 2016] [debug] om_element.c(1114) There are no child elements for the node
[Sat Apr  2 15:51:30 2016] [debug] svc_builder.c(318) DLL path is : ..//services/sg_math/libsub.so
[Sat Apr  2 15:51:30 2016] [debug] om_element.c(1114) There are no child elements for the node
[Sat Apr  2 15:51:30 2016] [debug] svc_builder.c(318) DLL path is : ..//services/sg_math/libmul.so
[Sat Apr  2 15:51:30 2016] [debug] om_element.c(1114) There are no child elements for the node
[Sat Apr  2 15:51:30 2016] [debug] svc_builder.c(318) DLL path is : ..//services/sg_math/libdiv.so
[Sat Apr  2 15:51:30 2016] [debug] om_element.c(1114) There are no child elements for the node
[Sat Apr  2 15:51:30 2016] [debug] svc_builder.c(318) DLL path is : ..//services/version/libversion.so
[Sat Apr  2 15:51:30 2016] [debug] phase_holder.c(139) Add handler AddressingInHandler to phase Transport
[Sat Apr  2 15:51:30 2016] [debug] phase_resolver.c(222) svc name is:div
[Sat Apr  2 15:51:30 2016] [debug] phase_resolver.c(139) Service name is : div
[Sat Apr  2 15:51:30 2016] [debug] phase_resolver.c(1123) Operation name is : div
[Sat Apr  2 15:51:30 2016] [debug] phase_holder.c(139) Add handler AddressingOutHandler to phase MessageOut
[Sat Apr  2 15:51:30 2016] [debug] phase_holder.c(139) Add handler AddressingOutHandler to phase MessageOut
[Sat Apr  2 15:51:30 2016] [debug] phase_resolver.c(222) svc name is:version
[Sat Apr  2 15:51:30 2016] [debug] phase_resolver.c(139) Service name is : version
[Sat Apr  2 15:51:30 2016] [debug] phase_resolver.c(1123) Operation name is : GetVersion
[Sat Apr  2 15:51:30 2016] [debug] phase_holder.c(139) Add handler AddressingOutHandler to phase MessageOut
[Sat Apr  2 15:51:30 2016] [debug] phase_holder.c(139) Add handler AddressingOutHandler to phase MessageOut
[Sat Apr  2 15:51:30 2016] [debug] phase_resolver.c(222) svc name is:mtom_callback
[Sat Apr  2 15:51:30 2016] [debug] phase_resolver.c(139) Service name is : mtom_callback
[Sat Apr  2 15:51:30 2016] [debug] phase_resolver.c(1123) Operation name is : mtomSample
[Sat Apr  2 15:51:30 2016] [debug] phase_holder.c(139) Add handler AddressingOutHandler to phase MessageOut
[Sat Apr  2 15:51:30 2016] [debug] phase_holder.c(139) Add handler AddressingOutHandler to phase MessageOut
[Sat Apr  2 15:51:30 2016] [debug] phase_resolver.c(222) svc name is:notify
[Sat Apr  2 15:51:30 2016] [debug] phase_resolver.c(139) Service name is : notify
[Sat Apr  2 15:51:30 2016] [debug] phase_resolver.c(1123) Operation name is : notify
[Sat Apr  2 15:51:30 2016] [debug] phase_holder.c(139) Add handler AddressingOutHandler to phase MessageOut
[Sat Apr  2 15:51:30 2016] [debug] phase_holder.c(139) Add handler AddressingOutHandler to phase MessageOut
[Sat Apr  2 15:51:30 2016] [debug] phase_resolver.c(222) svc name is:add
[Sat Apr  2 15:51:30 2016] [debug] phase_resolver.c(139) Service name is : add
[Sat Apr  2 15:51:30 2016] [debug] phase_resolver.c(1123) Operation name is : add
[Sat Apr  2 15:51:30 2016] [debug] phase_holder.c(139) Add handler AddressingOutHandler to phase MessageOut
[Sat Apr  2 15:51:30 2016] [debug] phase_holder.c(139) Add handler AddressingOutHandler to phase MessageOut
[Sat Apr  2 15:51:30 2016] [debug] phase_resolver.c(222) svc name is:Calculator
[Sat Apr  2 15:51:30 2016] [debug] phase_resolver.c(139) Service name is : Calculator
[Sat Apr  2 15:51:30 2016] [debug] phase_resolver.c(1123) Operation name is : div
[Sat Apr  2 15:51:30 2016] [debug] phase_holder.c(139) Add handler AddressingOutHandler to phase MessageOut
[Sat Apr  2 15:51:30 2016] [debug] phase_holder.c(139) Add handler AddressingOutHandler to phase MessageOut
[Sat Apr  2 15:51:30 2016] [debug] phase_resolver.c(1123) Operation name is : add
[Sat Apr  2 15:51:30 2016] [debug] phase_holder.c(139) Add handler AddressingOutHandler to phase MessageOut
[Sat Apr  2 15:51:30 2016] [debug] phase_holder.c(139) Add handler AddressingOutHandler to phase MessageOut
[Sat Apr  2 15:51:30 2016] [debug] phase_resolver.c(1123) Operation name is : sub
[Sat Apr  2 15:51:30 2016] [debug] phase_holder.c(139) Add handler AddressingOutHandler to phase MessageOut
[Sat Apr  2 15:51:30 2016] [debug] phase_holder.c(139) Add handler AddressingOutHandler to phase MessageOut
[Sat Apr  2 15:51:30 2016] [debug] phase_resolver.c(1123) Operation name is : mul
[Sat Apr  2 15:51:30 2016] [debug] phase_holder.c(139) Add handler AddressingOutHandler to phase MessageOut
[Sat Apr  2 15:51:30 2016] [debug] phase_holder.c(139) Add handler AddressingOutHandler to phase MessageOut
[Sat Apr  2 15:51:30 2016] [debug] phase_resolver.c(222) svc name is:math
[Sat Apr  2 15:51:30 2016] [debug] phase_resolver.c(139) Service name is : math
[Sat Apr  2 15:51:30 2016] [debug] phase_resolver.c(1123) Operation name is : div
[Sat Apr  2 15:51:30 2016] [debug] phase_holder.c(139) Add handler AddressingOutHandler to phase MessageOut
[Sat Apr  2 15:51:30 2016] [debug] phase_holder.c(139) Add handler AddressingOutHandler to phase MessageOut
[Sat Apr  2 15:51:30 2016] [debug] phase_resolver.c(1123) Operation name is : add
[Sat Apr  2 15:51:30 2016] [debug] phase_holder.c(139) Add handler AddressingOutHandler to phase MessageOut
[Sat Apr  2 15:51:30 2016] [debug] phase_holder.c(139) Add handler AddressingOutHandler to phase MessageOut
[Sat Apr  2 15:51:30 2016] [debug] phase_resolver.c(1123) Operation name is : sub
[Sat Apr  2 15:51:30 2016] [debug] phase_holder.c(139) Add handler AddressingOutHandler to phase MessageOut
[Sat Apr  2 15:51:30 2016] [debug] phase_holder.c(139) Add handler AddressingOutHandler to phase MessageOut
[Sat Apr  2 15:51:30 2016] [debug] phase_resolver.c(1123) Operation name is : mul
[Sat Apr  2 15:51:30 2016] [debug] phase_holder.c(139) Add handler AddressingOutHandler to phase MessageOut
[Sat Apr  2 15:51:30 2016] [debug] phase_holder.c(139) Add handler AddressingOutHandler to phase MessageOut
[Sat Apr  2 15:51:30 2016] [debug] phase_resolver.c(222) svc name is:sub
[Sat Apr  2 15:51:30 2016] [debug] phase_resolver.c(139) Service name is : sub
[Sat Apr  2 15:51:30 2016] [debug] phase_resolver.c(1123) Operation name is : sub
[Sat Apr  2 15:51:30 2016] [debug] phase_holder.c(139) Add handler AddressingOutHandler to phase MessageOut
[Sat Apr  2 15:51:30 2016] [debug] phase_holder.c(139) Add handler AddressingOutHandler to phase MessageOut
[Sat Apr  2 15:51:30 2016] [debug] phase_resolver.c(222) svc name is:mtom
[Sat Apr  2 15:51:30 2016] [debug] phase_resolver.c(139) Service name is : mtom
[Sat Apr  2 15:51:30 2016] [debug] phase_resolver.c(1123) Operation name is : mtomSample
[Sat Apr  2 15:51:30 2016] [debug] phase_holder.c(139) Add handler AddressingOutHandler to phase MessageOut
[Sat Apr  2 15:51:30 2016] [debug] phase_holder.c(139) Add handler AddressingOutHandler to phase MessageOut
[Sat Apr  2 15:51:30 2016] [debug] phase_resolver.c(222) svc name is:mul
[Sat Apr  2 15:51:30 2016] [debug] phase_resolver.c(139) Service name is : mul
[Sat Apr  2 15:51:30 2016] [debug] phase_resolver.c(1123) Operation name is : mul
[Sat Apr  2 15:51:30 2016] [debug] phase_holder.c(139) Add handler AddressingOutHandler to phase MessageOut
[Sat Apr  2 15:51:30 2016] [debug] phase_holder.c(139) Add handler AddressingOutHandler to phase MessageOut
[Sat Apr  2 15:51:30 2016] [debug] phase_resolver.c(222) svc name is:echo
[Sat Apr  2 15:51:30 2016] [debug] phase_resolver.c(139) Service name is : echo
[Sat Apr  2 15:51:30 2016] [debug] phase_resolver.c(1123) Operation name is : echoString
[Sat Apr  2 15:51:30 2016] [debug] phase_holder.c(139) Add handler AddressingOutHandler to phase MessageOut
[Sat Apr  2 15:51:30 2016] [debug] phase_holder.c(139) Add handler AddressingOutHandler to phase MessageOut
[Sat Apr  2 15:51:30 2016] [info]  Starting HTTP server thread
[Sat Apr  2 15:51:35 2016] [info]  Received signal SIGINT. Server shutting down
[Sat Apr  2 15:51:35 2016] [info]  Terminating HTTP server thread
[Sat Apr  2 15:51:35 2016] [debug] http_svr_thread.c(181) Terminating HTTP server thread.
[Sat Apr  2 15:51:35 2016] [info]  Successfully terminated  HTTP server thread
[Sat Apr  2 15:51:35 2016] [info]  Shutdown complete ...
[Sat Apr  2 15:51:35 2016] [debug] arch_file_data.c(149) Service name :Calculator
[Sat Apr  2 15:51:35 2016] [debug] arch_file_data.c(149) Service name :echo
[Sat Apr  2 15:51:35 2016] [debug] arch_file_data.c(149) Service name :math
[Sat Apr  2 15:51:35 2016] [debug] arch_file_data.c(149) Service name :mtom
[Sat Apr  2 15:51:35 2016] [debug] arch_file_data.c(149) Service name :mtom_callback
[Sat Apr  2 15:51:35 2016] [debug] arch_file_data.c(149) Service name :notify
[Sat Apr  2 15:51:35 2016] [debug] arch_file_data.c(149) Service name :div
[Sat Apr  2 15:51:35 2016] [debug] arch_file_data.c(149) Service name :add
[Sat Apr  2 15:51:35 2016] [debug] arch_file_data.c(149) Service name :sub
[Sat Apr  2 15:51:35 2016] [debug] arch_file_data.c(149) Service name :mul
[Sat Apr  2 15:51:35 2016] [debug] arch_file_data.c(149) Service name :version
[Sat Apr  2 15:51:39 2016] [info]  Starting Axis2 HTTP server....
[Sat Apr  2 15:51:39 2016] [info]  Apache Axis2/C version in use : 1.6.0
[Sat Apr  2 15:51:39 2016] [info]  Server port : 9090
[Sat Apr  2 15:51:39 2016] [info]  Repo location : ../
[Sat Apr  2 15:51:39 2016] [info]  Read Timeout : 60000 ms
[Sat Apr  2 15:51:39 2016] [debug] phase.c(121) axis2_handler_t *request_uri_based_dispatcher added to the index 0 of the phase Transport
[Sat Apr  2 15:51:39 2016] [debug] phase.c(121) axis2_handler_t *addressing_based_dispatcher added to the index 1 of the phase Transport
[Sat Apr  2 15:51:39 2016] [debug] phase.c(121) axis2_handler_t *rest_dispatcher added to the index 0 of the phase Dispatch
[Sat Apr  2 15:51:39 2016] [debug] phase.c(121) axis2_handler_t *soap_message_body_based_dispatcher added to the index 1 of the phase Dispatch
[Sat Apr  2 15:51:39 2016] [debug] phase.c(121) axis2_handler_t *soap_action_based_dispatcher added to the index 2 of the phase Dispatch
[Sat Apr  2 15:51:39 2016] [debug] phase.c(121) axis2_handler_t *dispatch_post_conditions_evaluator added to the index 0 of the phase PostDispatch
[Sat Apr  2 15:51:39 2016] [debug] phase.c(121) axis2_handler_t *context_handler added to the index 1 of the phase PostDispatch
[Sat Apr  2 15:51:39 2016] [debug] conf_builder.c(234) No custom dispatching order found. Continue with the default dispatching order
[Sat Apr  2 15:51:39 2016] [debug] conf_builder.c(379) Module addressing found in axis2.xml
[Sat Apr  2 15:51:39 2016] [debug] class_loader.c(140) ..//lib/libaxis2_http_sender.so shared lib loaded successfully
[Sat Apr  2 15:51:39 2016] [debug] class_loader.c(140) ..//lib/libaxis2_http_receiver.so shared lib loaded successfully
[Sat Apr  2 15:51:39 2016] [debug] dep_engine.c(1283) axis2_dep_engine_load_module_dll: DLL path is : ..//modules/addressing/libaxis2_mod_addr.so
[Sat Apr  2 15:51:39 2016] [debug] class_loader.c(140) ..//modules/addressing/libaxis2_mod_addr.so shared lib loaded successfully
[Sat Apr  2 15:51:39 2016] [debug] dep_engine.c(1283) axis2_dep_engine_load_module_dll: DLL path is : ..//modules/logging/libaxis2_mod_log.so
[Sat Apr  2 15:51:39 2016] [debug] class_loader.c(140) ..//modules/logging/libaxis2_mod_log.so shared lib loaded successfully
[Sat Apr  2 15:51:39 2016] [debug] svc_builder.c(318) DLL path is : ..//services/Calculator/libCalculator.so
[Sat Apr  2 15:51:39 2016] [debug] svc_builder.c(318) DLL path is : ..//services/echo/libecho.so
[Sat Apr  2 15:51:39 2016] [debug] svc_builder.c(318) DLL path is : ..//services/math/libmath.so
[Sat Apr  2 15:51:39 2016] [debug] svc_builder.c(318) DLL path is : ..//services/mtom/libmtom.so
[Sat Apr  2 15:51:39 2016] [debug] svc_builder.c(318) DLL path is : ..//services/mtom_callback/libmtom_callback.so
[Sat Apr  2 15:51:39 2016] [debug] svc_builder.c(318) DLL path is : ..//services/notify/libnotify.so
[Sat Apr  2 15:51:39 2016] [debug] svc_builder.c(318) DLL path is : ..//services/sg_math/libadd.so
[Sat Apr  2 15:51:39 2016] [debug] om_element.c(1114) There are no child elements for the node
[Sat Apr  2 15:51:39 2016] [debug] svc_builder.c(318) DLL path is : ..//services/sg_math/libsub.so
[Sat Apr  2 15:51:39 2016] [debug] om_element.c(1114) There are no child elements for the node
[Sat Apr  2 15:51:39 2016] [debug] svc_builder.c(318) DLL path is : ..//services/sg_math/libmul.so
[Sat Apr  2 15:51:39 2016] [debug] om_element.c(1114) There are no child elements for the node
[Sat Apr  2 15:51:39 2016] [debug] svc_builder.c(318) DLL path is : ..//services/sg_math/libdiv.so
[Sat Apr  2 15:51:39 2016] [debug] om_element.c(1114) There are no child elements for the node
[Sat Apr  2 15:51:39 2016] [debug] svc_builder.c(318) DLL path is : ..//services/version/libversion.so
[Sat Apr  2 15:51:39 2016] [debug] phase_holder.c(139) Add handler AddressingInHandler to phase Transport
[Sat Apr  2 15:51:39 2016] [debug] phase_resolver.c(222) svc name is:div
[Sat Apr  2 15:51:39 2016] [debug] phase_resolver.c(139) Service name is : div
[Sat Apr  2 15:51:39 2016] [debug] phase_resolver.c(1123) Operation name is : div
[Sat Apr  2 15:51:39 2016] [debug] phase_holder.c(139) Add handler AddressingOutHandler to phase MessageOut
[Sat Apr  2 15:51:39 2016] [debug] phase_holder.c(139) Add handler AddressingOutHandler to phase MessageOut
[Sat Apr  2 15:51:39 2016] [debug] phase_resolver.c(222) svc name is:version
[Sat Apr  2 15:51:39 2016] [debug] phase_resolver.c(139) Service name is : version
[Sat Apr  2 15:51:39 2016] [debug] phase_resolver.c(1123) Operation name is : GetVersion
[Sat Apr  2 15:51:39 2016] [debug] phase_holder.c(139) Add handler AddressingOutHandler to phase MessageOut
[Sat Apr  2 15:51:39 2016] [debug] phase_holder.c(139) Add handler AddressingOutHandler to phase MessageOut
[Sat Apr  2 15:51:39 2016] [debug] phase_resolver.c(222) svc name is:mtom_callback
[Sat Apr  2 15:51:39 2016] [debug] phase_resolver.c(139) Service name is : mtom_callback
[Sat Apr  2 15:51:39 2016] [debug] phase_resolver.c(1123) Operation name is : mtomSample
[Sat Apr  2 15:51:39 2016] [debug] phase_holder.c(139) Add handler AddressingOutHandler to phase MessageOut
[Sat Apr  2 15:51:39 2016] [debug] phase_holder.c(139) Add handler AddressingOutHandler to phase MessageOut
[Sat Apr  2 15:51:39 2016] [debug] phase_resolver.c(222) svc name is:notify
[Sat Apr  2 15:51:39 2016] [debug] phase_resolver.c(139) Service name is : notify
[Sat Apr  2 15:51:39 2016] [debug] phase_resolver.c(1123) Operation name is : notify
[Sat Apr  2 15:51:39 2016] [debug] phase_holder.c(139) Add handler AddressingOutHandler to phase MessageOut
[Sat Apr  2 15:51:39 2016] [debug] phase_holder.c(139) Add handler AddressingOutHandler to phase MessageOut
[Sat Apr  2 15:51:39 2016] [debug] phase_resolver.c(222) svc name is:add
[Sat Apr  2 15:51:39 2016] [debug] phase_resolver.c(139) Service name is : add
[Sat Apr  2 15:51:39 2016] [debug] phase_resolver.c(1123) Operation name is : add
[Sat Apr  2 15:51:39 2016] [debug] phase_holder.c(139) Add handler AddressingOutHandler to phase MessageOut
[Sat Apr  2 15:51:39 2016] [debug] phase_holder.c(139) Add handler AddressingOutHandler to phase MessageOut
[Sat Apr  2 15:51:39 2016] [debug] phase_resolver.c(222) svc name is:Calculator
[Sat Apr  2 15:51:39 2016] [debug] phase_resolver.c(139) Service name is : Calculator
[Sat Apr  2 15:51:39 2016] [debug] phase_resolver.c(1123) Operation name is : div
[Sat Apr  2 15:51:39 2016] [debug] phase_holder.c(139) Add handler AddressingOutHandler to phase MessageOut
[Sat Apr  2 15:51:39 2016] [debug] phase_holder.c(139) Add handler AddressingOutHandler to phase MessageOut
[Sat Apr  2 15:51:39 2016] [debug] phase_resolver.c(1123) Operation name is : add
[Sat Apr  2 15:51:39 2016] [debug] phase_holder.c(139) Add handler AddressingOutHandler to phase MessageOut
[Sat Apr  2 15:51:39 2016] [debug] phase_holder.c(139) Add handler AddressingOutHandler to phase MessageOut
[Sat Apr  2 15:51:39 2016] [debug] phase_resolver.c(1123) Operation name is : sub
[Sat Apr  2 15:51:39 2016] [debug] phase_holder.c(139) Add handler AddressingOutHandler to phase MessageOut
[Sat Apr  2 15:51:39 2016] [debug] phase_holder.c(139) Add handler AddressingOutHandler to phase MessageOut
[Sat Apr  2 15:51:39 2016] [debug] phase_resolver.c(1123) Operation name is : mul
[Sat Apr  2 15:51:39 2016] [debug] phase_holder.c(139) Add handler AddressingOutHandler to phase MessageOut
[Sat Apr  2 15:51:39 2016] [debug] phase_holder.c(139) Add handler AddressingOutHandler to phase MessageOut
[Sat Apr  2 15:51:39 2016] [debug] phase_resolver.c(222) svc name is:math
[Sat Apr  2 15:51:39 2016] [debug] phase_resolver.c(139) Service name is : math
[Sat Apr  2 15:51:39 2016] [debug] phase_resolver.c(1123) Operation name is : div
[Sat Apr  2 15:51:39 2016] [debug] phase_holder.c(139) Add handler AddressingOutHandler to phase MessageOut
[Sat Apr  2 15:51:39 2016] [debug] phase_holder.c(139) Add handler AddressingOutHandler to phase MessageOut
[Sat Apr  2 15:51:39 2016] [debug] phase_resolver.c(1123) Operation name is : add
[Sat Apr  2 15:51:39 2016] [debug] phase_holder.c(139) Add handler AddressingOutHandler to phase MessageOut
[Sat Apr  2 15:51:39 2016] [debug] phase_holder.c(139) Add handler AddressingOutHandler to phase MessageOut
[Sat Apr  2 15:51:39 2016] [debug] phase_resolver.c(1123) Operation name is : sub
[Sat Apr  2 15:51:39 2016] [debug] phase_holder.c(139) Add handler AddressingOutHandler to phase MessageOut
[Sat Apr  2 15:51:39 2016] [debug] phase_holder.c(139) Add handler AddressingOutHandler to phase MessageOut
[Sat Apr  2 15:51:39 2016] [debug] phase_resolver.c(1123) Operation name is : mul
[Sat Apr  2 15:51:39 2016] [debug] phase_holder.c(139) Add handler AddressingOutHandler to phase MessageOut
[Sat Apr  2 15:51:39 2016] [debug] phase_holder.c(139) Add handler AddressingOutHandler to phase MessageOut
[Sat Apr  2 15:51:39 2016] [debug] phase_resolver.c(222) svc name is:sub
[Sat Apr  2 15:51:39 2016] [debug] phase_resolver.c(139) Service name is : sub
[Sat Apr  2 15:51:39 2016] [debug] phase_resolver.c(1123) Operation name is : sub
[Sat Apr  2 15:51:39 2016] [debug] phase_holder.c(139) Add handler AddressingOutHandler to phase MessageOut
[Sat Apr  2 15:51:39 2016] [debug] phase_holder.c(139) Add handler AddressingOutHandler to phase MessageOut
[Sat Apr  2 15:51:39 2016] [debug] phase_resolver.c(222) svc name is:mtom
[Sat Apr  2 15:51:39 2016] [debug] phase_resolver.c(139) Service name is : mtom
[Sat Apr  2 15:51:39 2016] [debug] phase_resolver.c(1123) Operation name is : mtomSample
[Sat Apr  2 15:51:39 2016] [debug] phase_holder.c(139) Add handler AddressingOutHandler to phase MessageOut
[Sat Apr  2 15:51:39 2016] [debug] phase_holder.c(139) Add handler AddressingOutHandler to phase MessageOut
[Sat Apr  2 15:51:39 2016] [debug] phase_resolver.c(222) svc name is:mul
[Sat Apr  2 15:51:39 2016] [debug] phase_resolver.c(139) Service name is : mul
[Sat Apr  2 15:51:39 2016] [debug] phase_resolver.c(1123) Operation name is : mul
[Sat Apr  2 15:51:39 2016] [debug] phase_holder.c(139) Add handler AddressingOutHandler to phase MessageOut
[Sat Apr  2 15:51:39 2016] [debug] phase_holder.c(139) Add handler AddressingOutHandler to phase MessageOut
[Sat Apr  2 15:51:39 2016] [debug] phase_resolver.c(222) svc name is:echo
[Sat Apr  2 15:51:39 2016] [debug] phase_resolver.c(139) Service name is : echo
[Sat Apr  2 15:51:39 2016] [debug] phase_resolver.c(1123) Operation name is : echoString
[Sat Apr  2 15:51:39 2016] [debug] phase_holder.c(139) Add handler AddressingOutHandler to phase MessageOut
[Sat Apr  2 15:51:39 2016] [debug] phase_holder.c(139) Add handler AddressingOutHandler to phase MessageOut
[Sat Apr  2 15:51:39 2016] [info]  Starting HTTP server thread
[Sat Apr  2 15:52:33 2016] [info]  Received signal SIGINT. Server shutting down
[Sat Apr  2 15:52:33 2016] [info]  Terminating HTTP server thread
[Sat Apr  2 15:52:33 2016] [debug] http_svr_thread.c(181) Terminating HTTP server thread.
[Sat Apr  2 15:52:33 2016] [info]  Successfully terminated  HTTP server thread
[Sat Apr  2 15:52:33 2016] [info]  Shutdown complete ...
[Sat Apr  2 15:52:33 2016] [debug] arch_file_data.c(149) Service name :Calculator
[Sat Apr  2 15:52:33 2016] [debug] arch_file_data.c(149) Service name :echo
[Sat Apr  2 15:52:33 2016] [debug] arch_file_data.c(149) Service name :math
[Sat Apr  2 15:52:33 2016] [debug] arch_file_data.c(149) Service name :mtom
[Sat Apr  2 15:52:33 2016] [debug] arch_file_data.c(149) Service name :mtom_callback
[Sat Apr  2 15:52:33 2016] [debug] arch_file_data.c(149) Service name :notify
[Sat Apr  2 15:52:33 2016] [debug] arch_file_data.c(149) Service name :div
[Sat Apr  2 15:52:33 2016] [debug] arch_file_data.c(149) Service name :add
[Sat Apr  2 15:52:33 2016] [debug] arch_file_data.c(149) Service name :sub
[Sat Apr  2 15:52:33 2016] [debug] arch_file_data.c(149) Service name :mul
[Sat Apr  2 15:52:33 2016] [debug] arch_file_data.c(149) Service name :version
[Sat Apr  2 22:28:47 2016] [info]  Starting Axis2 HTTP server....
[Sat Apr  2 22:28:47 2016] [info]  Apache Axis2/C version in use : 1.6.0
[Sat Apr  2 22:28:47 2016] [info]  Server port : 9090
[Sat Apr  2 22:28:47 2016] [info]  Repo location : ../
[Sat Apr  2 22:28:47 2016] [info]  Read Timeout : 60000 ms
[Sat Apr  2 22:28:47 2016] [debug] phase.c(121) axis2_handler_t *request_uri_based_dispatcher added to the index 0 of the phase Transport
[Sat Apr  2 22:28:47 2016] [debug] phase.c(121) axis2_handler_t *addressing_based_dispatcher added to the index 1 of the phase Transport
[Sat Apr  2 22:28:47 2016] [debug] phase.c(121) axis2_handler_t *rest_dispatcher added to the index 0 of the phase Dispatch
[Sat Apr  2 22:28:47 2016] [debug] phase.c(121) axis2_handler_t *soap_message_body_based_dispatcher added to the index 1 of the phase Dispatch
[Sat Apr  2 22:28:47 2016] [debug] phase.c(121) axis2_handler_t *soap_action_based_dispatcher added to the index 2 of the phase Dispatch
[Sat Apr  2 22:28:47 2016] [debug] phase.c(121) axis2_handler_t *dispatch_post_conditions_evaluator added to the index 0 of the phase PostDispatch
[Sat Apr  2 22:28:47 2016] [debug] phase.c(121) axis2_handler_t *context_handler added to the index 1 of the phase PostDispatch
[Sat Apr  2 22:28:47 2016] [debug] conf_builder.c(234) No custom dispatching order found. Continue with the default dispatching order
[Sat Apr  2 22:28:47 2016] [debug] conf_builder.c(379) Module addressing found in axis2.xml
[Sat Apr  2 22:28:47 2016] [debug] class_loader.c(140) ..//lib/libaxis2_http_sender.so shared lib loaded successfully
[Sat Apr  2 22:28:47 2016] [debug] class_loader.c(140) ..//lib/libaxis2_http_receiver.so shared lib loaded successfully
[Sat Apr  2 22:28:47 2016] [debug] dep_engine.c(1283) axis2_dep_engine_load_module_dll: DLL path is : ..//modules/addressing/libaxis2_mod_addr.so
[Sat Apr  2 22:28:47 2016] [debug] class_loader.c(140) ..//modules/addressing/libaxis2_mod_addr.so shared lib loaded successfully
[Sat Apr  2 22:28:47 2016] [debug] dep_engine.c(1283) axis2_dep_engine_load_module_dll: DLL path is : ..//modules/logging/libaxis2_mod_log.so
[Sat Apr  2 22:28:47 2016] [debug] class_loader.c(140) ..//modules/logging/libaxis2_mod_log.so shared lib loaded successfully
[Sat Apr  2 22:28:47 2016] [debug] svc_builder.c(318) DLL path is : ..//services/Calculator/libCalculator.so
[Sat Apr  2 22:28:47 2016] [debug] svc_builder.c(318) DLL path is : ..//services/echo/libecho.so
[Sat Apr  2 22:28:47 2016] [debug] svc_builder.c(318) DLL path is : ..//services/hello/libhello.so
[Sat Apr  2 22:28:47 2016] [debug] om_element.c(1114) There are no child elements for the node
[Sat Apr  2 22:28:47 2016] [debug] svc_builder.c(318) DLL path is : ..//services/math/libmath.so
[Sat Apr  2 22:28:47 2016] [debug] svc_builder.c(318) DLL path is : ..//services/mtom/libmtom.so
[Sat Apr  2 22:28:47 2016] [debug] svc_builder.c(318) DLL path is : ..//services/mtom_callback/libmtom_callback.so
[Sat Apr  2 22:28:47 2016] [debug] svc_builder.c(318) DLL path is : ..//services/notify/libnotify.so
[Sat Apr  2 22:28:47 2016] [debug] svc_builder.c(318) DLL path is : ..//services/sg_math/libadd.so
[Sat Apr  2 22:28:47 2016] [debug] om_element.c(1114) There are no child elements for the node
[Sat Apr  2 22:28:47 2016] [debug] svc_builder.c(318) DLL path is : ..//services/sg_math/libsub.so
[Sat Apr  2 22:28:47 2016] [debug] om_element.c(1114) There are no child elements for the node
[Sat Apr  2 22:28:47 2016] [debug] svc_builder.c(318) DLL path is : ..//services/sg_math/libmul.so
[Sat Apr  2 22:28:47 2016] [debug] om_element.c(1114) There are no child elements for the node
[Sat Apr  2 22:28:47 2016] [debug] svc_builder.c(318) DLL path is : ..//services/sg_math/libdiv.so
[Sat Apr  2 22:28:47 2016] [debug] om_element.c(1114) There are no child elements for the node
[Sat Apr  2 22:28:47 2016] [debug] svc_builder.c(318) DLL path is : ..//services/version/libversion.so
[Sat Apr  2 22:28:47 2016] [debug] phase_holder.c(139) Add handler AddressingInHandler to phase Transport
[Sat Apr  2 22:28:47 2016] [debug] phase_resolver.c(222) svc name is:div
[Sat Apr  2 22:28:47 2016] [debug] phase_resolver.c(139) Service name is : div
[Sat Apr  2 22:28:47 2016] [debug] phase_resolver.c(1123) Operation name is : div
[Sat Apr  2 22:28:47 2016] [debug] phase_holder.c(139) Add handler AddressingOutHandler to phase MessageOut
[Sat Apr  2 22:28:47 2016] [debug] phase_holder.c(139) Add handler AddressingOutHandler to phase MessageOut
[Sat Apr  2 22:28:47 2016] [debug] phase_resolver.c(222) svc name is:hello
[Sat Apr  2 22:28:47 2016] [debug] phase_resolver.c(139) Service name is : hello
[Sat Apr  2 22:28:47 2016] [debug] phase_resolver.c(1123) Operation name is : greet
[Sat Apr  2 22:28:47 2016] [debug] phase_holder.c(139) Add handler AddressingOutHandler to phase MessageOut
[Sat Apr  2 22:28:47 2016] [debug] phase_holder.c(139) Add handler AddressingOutHandler to phase MessageOut
[Sat Apr  2 22:28:47 2016] [debug] phase_resolver.c(222) svc name is:version
[Sat Apr  2 22:28:47 2016] [debug] phase_resolver.c(139) Service name is : version
[Sat Apr  2 22:28:47 2016] [debug] phase_resolver.c(1123) Operation name is : GetVersion
[Sat Apr  2 22:28:47 2016] [debug] phase_holder.c(139) Add handler AddressingOutHandler to phase MessageOut
[Sat Apr  2 22:28:47 2016] [debug] phase_holder.c(139) Add handler AddressingOutHandler to phase MessageOut
[Sat Apr  2 22:28:47 2016] [debug] phase_resolver.c(222) svc name is:mtom_callback
[Sat Apr  2 22:28:47 2016] [debug] phase_resolver.c(139) Service name is : mtom_callback
[Sat Apr  2 22:28:47 2016] [debug] phase_resolver.c(1123) Operation name is : mtomSample
[Sat Apr  2 22:28:47 2016] [debug] phase_holder.c(139) Add handler AddressingOutHandler to phase MessageOut
[Sat Apr  2 22:28:47 2016] [debug] phase_holder.c(139) Add handler AddressingOutHandler to phase MessageOut
[Sat Apr  2 22:28:47 2016] [debug] phase_resolver.c(222) svc name is:notify
[Sat Apr  2 22:28:47 2016] [debug] phase_resolver.c(139) Service name is : notify
[Sat Apr  2 22:28:47 2016] [debug] phase_resolver.c(1123) Operation name is : notify
[Sat Apr  2 22:28:47 2016] [debug] phase_holder.c(139) Add handler AddressingOutHandler to phase MessageOut
[Sat Apr  2 22:28:47 2016] [debug] phase_holder.c(139) Add handler AddressingOutHandler to phase MessageOut
[Sat Apr  2 22:28:47 2016] [debug] phase_resolver.c(222) svc name is:add
[Sat Apr  2 22:28:47 2016] [debug] phase_resolver.c(139) Service name is : add
[Sat Apr  2 22:28:47 2016] [debug] phase_resolver.c(1123) Operation name is : add
[Sat Apr  2 22:28:47 2016] [debug] phase_holder.c(139) Add handler AddressingOutHandler to phase MessageOut
[Sat Apr  2 22:28:47 2016] [debug] phase_holder.c(139) Add handler AddressingOutHandler to phase MessageOut
[Sat Apr  2 22:28:47 2016] [debug] phase_resolver.c(222) svc name is:Calculator
[Sat Apr  2 22:28:47 2016] [debug] phase_resolver.c(139) Service name is : Calculator
[Sat Apr  2 22:28:47 2016] [debug] phase_resolver.c(1123) Operation name is : div
[Sat Apr  2 22:28:47 2016] [debug] phase_holder.c(139) Add handler AddressingOutHandler to phase MessageOut
[Sat Apr  2 22:28:47 2016] [debug] phase_holder.c(139) Add handler AddressingOutHandler to phase MessageOut
[Sat Apr  2 22:28:47 2016] [debug] phase_resolver.c(1123) Operation name is : add
[Sat Apr  2 22:28:47 2016] [debug] phase_holder.c(139) Add handler AddressingOutHandler to phase MessageOut
[Sat Apr  2 22:28:47 2016] [debug] phase_holder.c(139) Add handler AddressingOutHandler to phase MessageOut
[Sat Apr  2 22:28:47 2016] [debug] phase_resolver.c(1123) Operation name is : sub
[Sat Apr  2 22:28:47 2016] [debug] phase_holder.c(139) Add handler AddressingOutHandler to phase MessageOut
[Sat Apr  2 22:28:47 2016] [debug] phase_holder.c(139) Add handler AddressingOutHandler to phase MessageOut
[Sat Apr  2 22:28:47 2016] [debug] phase_resolver.c(1123) Operation name is : mul
[Sat Apr  2 22:28:47 2016] [debug] phase_holder.c(139) Add handler AddressingOutHandler to phase MessageOut
[Sat Apr  2 22:28:47 2016] [debug] phase_holder.c(139) Add handler AddressingOutHandler to phase MessageOut
[Sat Apr  2 22:28:47 2016] [debug] phase_resolver.c(222) svc name is:math
[Sat Apr  2 22:28:47 2016] [debug] phase_resolver.c(139) Service name is : math
[Sat Apr  2 22:28:47 2016] [debug] phase_resolver.c(1123) Operation name is : div
[Sat Apr  2 22:28:47 2016] [debug] phase_holder.c(139) Add handler AddressingOutHandler to phase MessageOut
[Sat Apr  2 22:28:47 2016] [debug] phase_holder.c(139) Add handler AddressingOutHandler to phase MessageOut
[Sat Apr  2 22:28:47 2016] [debug] phase_resolver.c(1123) Operation name is : add
[Sat Apr  2 22:28:47 2016] [debug] phase_holder.c(139) Add handler AddressingOutHandler to phase MessageOut
[Sat Apr  2 22:28:47 2016] [debug] phase_holder.c(139) Add handler AddressingOutHandler to phase MessageOut
[Sat Apr  2 22:28:47 2016] [debug] phase_resolver.c(1123) Operation name is : sub
[Sat Apr  2 22:28:47 2016] [debug] phase_holder.c(139) Add handler AddressingOutHandler to phase MessageOut
[Sat Apr  2 22:28:47 2016] [debug] phase_holder.c(139) Add handler AddressingOutHandler to phase MessageOut
[Sat Apr  2 22:28:47 2016] [debug] phase_resolver.c(1123) Operation name is : mul
[Sat Apr  2 22:28:47 2016] [debug] phase_holder.c(139) Add handler AddressingOutHandler to phase MessageOut
[Sat Apr  2 22:28:47 2016] [debug] phase_holder.c(139) Add handler AddressingOutHandler to phase MessageOut
[Sat Apr  2 22:28:47 2016] [debug] phase_resolver.c(222) svc name is:sub
[Sat Apr  2 22:28:47 2016] [debug] phase_resolver.c(139) Service name is : sub
[Sat Apr  2 22:28:47 2016] [debug] phase_resolver.c(1123) Operation name is : sub
[Sat Apr  2 22:28:47 2016] [debug] phase_holder.c(139) Add handler AddressingOutHandler to phase MessageOut
[Sat Apr  2 22:28:47 2016] [debug] phase_holder.c(139) Add handler AddressingOutHandler to phase MessageOut
[Sat Apr  2 22:28:47 2016] [debug] phase_resolver.c(222) svc name is:mtom
[Sat Apr  2 22:28:47 2016] [debug] phase_resolver.c(139) Service name is : mtom
[Sat Apr  2 22:28:47 2016] [debug] phase_resolver.c(1123) Operation name is : mtomSample
[Sat Apr  2 22:28:47 2016] [debug] phase_holder.c(139) Add handler AddressingOutHandler to phase MessageOut
[Sat Apr  2 22:28:47 2016] [debug] phase_holder.c(139) Add handler AddressingOutHandler to phase MessageOut
[Sat Apr  2 22:28:47 2016] [debug] phase_resolver.c(222) svc name is:mul
[Sat Apr  2 22:28:47 2016] [debug] phase_resolver.c(139) Service name is : mul
[Sat Apr  2 22:28:47 2016] [debug] phase_resolver.c(1123) Operation name is : mul
[Sat Apr  2 22:28:47 2016] [debug] phase_holder.c(139) Add handler AddressingOutHandler to phase MessageOut
[Sat Apr  2 22:28:47 2016] [debug] phase_holder.c(139) Add handler AddressingOutHandler to phase MessageOut
[Sat Apr  2 22:28:47 2016] [debug] phase_resolver.c(222) svc name is:echo
[Sat Apr  2 22:28:47 2016] [debug] phase_resolver.c(139) Service name is : echo
[Sat Apr  2 22:28:47 2016] [debug] phase_resolver.c(1123) Operation name is : echoString
[Sat Apr  2 22:28:47 2016] [debug] phase_holder.c(139) Add handler AddressingOutHandler to phase MessageOut
[Sat Apr  2 22:28:47 2016] [debug] phase_holder.c(139) Add handler AddressingOutHandler to phase MessageOut
[Sat Apr  2 22:28:47 2016] [info]  Starting HTTP server thread
[Sat Apr  2 22:28:51 2016] [info]  Received signal SIGINT. Server shutting down
[Sat Apr  2 22:28:51 2016] [info]  Terminating HTTP server thread
[Sat Apr  2 22:28:51 2016] [debug] http_svr_thread.c(181) Terminating HTTP server thread.
[Sat Apr  2 22:28:51 2016] [info]  Successfully terminated  HTTP server thread
[Sat Apr  2 22:28:51 2016] [info]  Shutdown complete ...
[Sat Apr  2 22:28:51 2016] [debug] arch_file_data.c(149) Service name :Calculator
[Sat Apr  2 22:28:51 2016] [debug] arch_file_data.c(149) Service name :echo
[Sat Apr  2 22:28:51 2016] [debug] arch_file_data.c(149) Service name :hello
[Sat Apr  2 22:28:51 2016] [debug] arch_file_data.c(149) Service name :math
[Sat Apr  2 22:28:51 2016] [debug] arch_file_data.c(149) Service name :mtom
[Sat Apr  2 22:28:51 2016] [debug] arch_file_data.c(149) Service name :mtom_callback
[Sat Apr  2 22:28:51 2016] [debug] arch_file_data.c(149) Service name :notify
[Sat Apr  2 22:28:51 2016] [debug] arch_file_data.c(149) Service name :div
[Sat Apr  2 22:28:51 2016] [debug] arch_file_data.c(149) Service name :add
[Sat Apr  2 22:28:51 2016] [debug] arch_file_data.c(149) Service name :sub
[Sat Apr  2 22:28:51 2016] [debug] arch_file_data.c(149) Service name :mul
[Sat Apr  2 22:28:51 2016] [debug] arch_file_data.c(149) Service name :version
[Mon Apr  4 09:13:24 2016] [info]  Starting Axis2 HTTP server....
[Mon Apr  4 09:13:24 2016] [info]  Apache Axis2/C version in use : 1.6.0
[Mon Apr  4 09:13:24 2016] [info]  Server port : 9090
[Mon Apr  4 09:13:24 2016] [info]  Repo location : ../
[Mon Apr  4 09:13:24 2016] [info]  Read Timeout : 60000 ms
[Mon Apr  4 09:13:24 2016] [debug] phase.c(121) axis2_handler_t *request_uri_based_dispatcher added to the index 0 of the phase Transport
[Mon Apr  4 09:13:24 2016] [debug] phase.c(121) axis2_handler_t *addressing_based_dispatcher added to the index 1 of the phase Transport
[Mon Apr  4 09:13:24 2016] [debug] phase.c(121) axis2_handler_t *rest_dispatcher added to the index 0 of the phase Dispatch
[Mon Apr  4 09:13:24 2016] [debug] phase.c(121) axis2_handler_t *soap_message_body_based_dispatcher added to the index 1 of the phase Dispatch
[Mon Apr  4 09:13:24 2016] [debug] phase.c(121) axis2_handler_t *soap_action_based_dispatcher added to the index 2 of the phase Dispatch
[Mon Apr  4 09:13:24 2016] [debug] phase.c(121) axis2_handler_t *dispatch_post_conditions_evaluator added to the index 0 of the phase PostDispatch
[Mon Apr  4 09:13:24 2016] [debug] phase.c(121) axis2_handler_t *context_handler added to the index 1 of the phase PostDispatch
[Mon Apr  4 09:13:24 2016] [debug] conf_builder.c(234) No custom dispatching order found. Continue with the default dispatching order
[Mon Apr  4 09:13:24 2016] [debug] conf_builder.c(379) Module addressing found in axis2.xml
[Mon Apr  4 09:13:24 2016] [debug] class_loader.c(140) ..//lib/libaxis2_http_sender.so shared lib loaded successfully
[Mon Apr  4 09:13:24 2016] [debug] class_loader.c(140) ..//lib/libaxis2_http_receiver.so shared lib loaded successfully
[Mon Apr  4 09:13:24 2016] [debug] dep_engine.c(1283) axis2_dep_engine_load_module_dll: DLL path is : ..//modules/addressing/libaxis2_mod_addr.so
[Mon Apr  4 09:13:24 2016] [debug] class_loader.c(140) ..//modules/addressing/libaxis2_mod_addr.so shared lib loaded successfully
[Mon Apr  4 09:13:24 2016] [debug] dep_engine.c(1283) axis2_dep_engine_load_module_dll: DLL path is : ..//modules/logging/libaxis2_mod_log.so
[Mon Apr  4 09:13:24 2016] [debug] class_loader.c(140) ..//modules/logging/libaxis2_mod_log.so shared lib loaded successfully
[Mon Apr  4 09:13:24 2016] [debug] svc_builder.c(318) DLL path is : ..//services/Axis2Service/libAxis2Service.so
[Mon Apr  4 09:13:24 2016] [debug] om_element.c(1114) There are no child elements for the node
[Mon Apr  4 09:13:24 2016] [debug] svc_builder.c(318) DLL path is : ..//services/Calculator/libCalculator.so
[Mon Apr  4 09:13:24 2016] [debug] svc_builder.c(318) DLL path is : ..//services/echo/libecho.so
[Mon Apr  4 09:13:24 2016] [debug] svc_builder.c(318) DLL path is : ..//services/math/libmath.so
[Mon Apr  4 09:13:24 2016] [debug] svc_builder.c(318) DLL path is : ..//services/mtom/libmtom.so
[Mon Apr  4 09:13:24 2016] [debug] svc_builder.c(318) DLL path is : ..//services/mtom_callback/libmtom_callback.so
[Mon Apr  4 09:13:24 2016] [debug] svc_builder.c(318) DLL path is : ..//services/notify/libnotify.so
[Mon Apr  4 09:13:24 2016] [debug] svc_builder.c(318) DLL path is : ..//services/sg_math/libadd.so
[Mon Apr  4 09:13:24 2016] [debug] om_element.c(1114) There are no child elements for the node
[Mon Apr  4 09:13:24 2016] [debug] svc_builder.c(318) DLL path is : ..//services/sg_math/libsub.so
[Mon Apr  4 09:13:24 2016] [debug] om_element.c(1114) There are no child elements for the node
[Mon Apr  4 09:13:24 2016] [debug] svc_builder.c(318) DLL path is : ..//services/sg_math/libmul.so
[Mon Apr  4 09:13:24 2016] [debug] om_element.c(1114) There are no child elements for the node
[Mon Apr  4 09:13:24 2016] [debug] svc_builder.c(318) DLL path is : ..//services/sg_math/libdiv.so
[Mon Apr  4 09:13:24 2016] [debug] om_element.c(1114) There are no child elements for the node
[Mon Apr  4 09:13:24 2016] [debug] svc_builder.c(318) DLL path is : ..//services/version/libversion.so
[Mon Apr  4 09:13:24 2016] [debug] phase_holder.c(139) Add handler AddressingInHandler to phase Transport
[Mon Apr  4 09:13:24 2016] [debug] phase_resolver.c(222) svc name is:div
[Mon Apr  4 09:13:24 2016] [debug] phase_resolver.c(139) Service name is : div
[Mon Apr  4 09:13:24 2016] [debug] phase_resolver.c(1123) Operation name is : div
[Mon Apr  4 09:13:24 2016] [debug] phase_holder.c(139) Add handler AddressingOutHandler to phase MessageOut
[Mon Apr  4 09:13:24 2016] [debug] phase_holder.c(139) Add handler AddressingOutHandler to phase MessageOut
[Mon Apr  4 09:13:24 2016] [debug] phase_resolver.c(222) svc name is:version
[Mon Apr  4 09:13:24 2016] [debug] phase_resolver.c(139) Service name is : version
[Mon Apr  4 09:13:24 2016] [debug] phase_resolver.c(1123) Operation name is : GetVersion
[Mon Apr  4 09:13:24 2016] [debug] phase_holder.c(139) Add handler AddressingOutHandler to phase MessageOut
[Mon Apr  4 09:13:24 2016] [debug] phase_holder.c(139) Add handler AddressingOutHandler to phase MessageOut
[Mon Apr  4 09:13:24 2016] [debug] phase_resolver.c(222) svc name is:Axis2Service
[Mon Apr  4 09:13:24 2016] [debug] phase_resolver.c(139) Service name is : Axis2Service
[Mon Apr  4 09:13:24 2016] [debug] phase_resolver.c(1123) Operation name is : greet
[Mon Apr  4 09:13:24 2016] [debug] phase_holder.c(139) Add handler AddressingOutHandler to phase MessageOut
[Mon Apr  4 09:13:24 2016] [debug] phase_holder.c(139) Add handler AddressingOutHandler to phase MessageOut
[Mon Apr  4 09:13:24 2016] [debug] phase_resolver.c(222) svc name is:mtom_callback
[Mon Apr  4 09:13:24 2016] [debug] phase_resolver.c(139) Service name is : mtom_callback
[Mon Apr  4 09:13:24 2016] [debug] phase_resolver.c(1123) Operation name is : mtomSample
[Mon Apr  4 09:13:24 2016] [debug] phase_holder.c(139) Add handler AddressingOutHandler to phase MessageOut
[Mon Apr  4 09:13:24 2016] [debug] phase_holder.c(139) Add handler AddressingOutHandler to phase MessageOut
[Mon Apr  4 09:13:24 2016] [debug] phase_resolver.c(222) svc name is:notify
[Mon Apr  4 09:13:24 2016] [debug] phase_resolver.c(139) Service name is : notify
[Mon Apr  4 09:13:24 2016] [debug] phase_resolver.c(1123) Operation name is : notify
[Mon Apr  4 09:13:24 2016] [debug] phase_holder.c(139) Add handler AddressingOutHandler to phase MessageOut
[Mon Apr  4 09:13:24 2016] [debug] phase_holder.c(139) Add handler AddressingOutHandler to phase MessageOut
[Mon Apr  4 09:13:24 2016] [debug] phase_resolver.c(222) svc name is:add
[Mon Apr  4 09:13:24 2016] [debug] phase_resolver.c(139) Service name is : add
[Mon Apr  4 09:13:24 2016] [debug] phase_resolver.c(1123) Operation name is : add
[Mon Apr  4 09:13:24 2016] [debug] phase_holder.c(139) Add handler AddressingOutHandler to phase MessageOut
[Mon Apr  4 09:13:24 2016] [debug] phase_holder.c(139) Add handler AddressingOutHandler to phase MessageOut
[Mon Apr  4 09:13:24 2016] [debug] phase_resolver.c(222) svc name is:Calculator
[Mon Apr  4 09:13:24 2016] [debug] phase_resolver.c(139) Service name is : Calculator
[Mon Apr  4 09:13:24 2016] [debug] phase_resolver.c(1123) Operation name is : div
[Mon Apr  4 09:13:24 2016] [debug] phase_holder.c(139) Add handler AddressingOutHandler to phase MessageOut
[Mon Apr  4 09:13:24 2016] [debug] phase_holder.c(139) Add handler AddressingOutHandler to phase MessageOut
[Mon Apr  4 09:13:24 2016] [debug] phase_resolver.c(1123) Operation name is : add
[Mon Apr  4 09:13:24 2016] [debug] phase_holder.c(139) Add handler AddressingOutHandler to phase MessageOut
[Mon Apr  4 09:13:24 2016] [debug] phase_holder.c(139) Add handler AddressingOutHandler to phase MessageOut
[Mon Apr  4 09:13:24 2016] [debug] phase_resolver.c(1123) Operation name is : sub
[Mon Apr  4 09:13:24 2016] [debug] phase_holder.c(139) Add handler AddressingOutHandler to phase MessageOut
[Mon Apr  4 09:13:24 2016] [debug] phase_holder.c(139) Add handler AddressingOutHandler to phase MessageOut
[Mon Apr  4 09:13:24 2016] [debug] phase_resolver.c(1123) Operation name is : mul
[Mon Apr  4 09:13:24 2016] [debug] phase_holder.c(139) Add handler AddressingOutHandler to phase MessageOut
[Mon Apr  4 09:13:24 2016] [debug] phase_holder.c(139) Add handler AddressingOutHandler to phase MessageOut
[Mon Apr  4 09:13:24 2016] [debug] phase_resolver.c(222) svc name is:math
[Mon Apr  4 09:13:24 2016] [debug] phase_resolver.c(139) Service name is : math
[Mon Apr  4 09:13:24 2016] [debug] phase_resolver.c(1123) Operation name is : div
[Mon Apr  4 09:13:24 2016] [debug] phase_holder.c(139) Add handler AddressingOutHandler to phase MessageOut
[Mon Apr  4 09:13:24 2016] [debug] phase_holder.c(139) Add handler AddressingOutHandler to phase MessageOut
[Mon Apr  4 09:13:24 2016] [debug] phase_resolver.c(1123) Operation name is : add
[Mon Apr  4 09:13:24 2016] [debug] phase_holder.c(139) Add handler AddressingOutHandler to phase MessageOut
[Mon Apr  4 09:13:24 2016] [debug] phase_holder.c(139) Add handler AddressingOutHandler to phase MessageOut
[Mon Apr  4 09:13:24 2016] [debug] phase_resolver.c(1123) Operation name is : sub
[Mon Apr  4 09:13:24 2016] [debug] phase_holder.c(139) Add handler AddressingOutHandler to phase MessageOut
[Mon Apr  4 09:13:24 2016] [debug] phase_holder.c(139) Add handler AddressingOutHandler to phase MessageOut
[Mon Apr  4 09:13:24 2016] [debug] phase_resolver.c(1123) Operation name is : mul
[Mon Apr  4 09:13:24 2016] [debug] phase_holder.c(139) Add handler AddressingOutHandler to phase MessageOut
[Mon Apr  4 09:13:24 2016] [debug] phase_holder.c(139) Add handler AddressingOutHandler to phase MessageOut
[Mon Apr  4 09:13:24 2016] [debug] phase_resolver.c(222) svc name is:sub
[Mon Apr  4 09:13:24 2016] [debug] phase_resolver.c(139) Service name is : sub
[Mon Apr  4 09:13:24 2016] [debug] phase_resolver.c(1123) Operation name is : sub
[Mon Apr  4 09:13:24 2016] [debug] phase_holder.c(139) Add handler AddressingOutHandler to phase MessageOut
[Mon Apr  4 09:13:24 2016] [debug] phase_holder.c(139) Add handler AddressingOutHandler to phase MessageOut
[Mon Apr  4 09:13:24 2016] [debug] phase_resolver.c(222) svc name is:mtom
[Mon Apr  4 09:13:24 2016] [debug] phase_resolver.c(139) Service name is : mtom
[Mon Apr  4 09:13:24 2016] [debug] phase_resolver.c(1123) Operation name is : mtomSample
[Mon Apr  4 09:13:24 2016] [debug] phase_holder.c(139) Add handler AddressingOutHandler to phase MessageOut
[Mon Apr  4 09:13:24 2016] [debug] phase_holder.c(139) Add handler AddressingOutHandler to phase MessageOut
[Mon Apr  4 09:13:24 2016] [debug] phase_resolver.c(222) svc name is:mul
[Mon Apr  4 09:13:24 2016] [debug] phase_resolver.c(139) Service name is : mul
[Mon Apr  4 09:13:24 2016] [debug] phase_resolver.c(1123) Operation name is : mul
[Mon Apr  4 09:13:24 2016] [debug] phase_holder.c(139) Add handler AddressingOutHandler to phase MessageOut
[Mon Apr  4 09:13:24 2016] [debug] phase_holder.c(139) Add handler AddressingOutHandler to phase MessageOut
[Mon Apr  4 09:13:24 2016] [debug] phase_resolver.c(222) svc name is:echo
[Mon Apr  4 09:13:24 2016] [debug] phase_resolver.c(139) Service name is : echo
[Mon Apr  4 09:13:24 2016] [debug] phase_resolver.c(1123) Operation name is : echoString
[Mon Apr  4 09:13:24 2016] [debug] phase_holder.c(139) Add handler AddressingOutHandler to phase MessageOut
[Mon Apr  4 09:13:24 2016] [debug] phase_holder.c(139) Add handler AddressingOutHandler to phase MessageOut
[Mon Apr  4 09:13:24 2016] [info]  Starting HTTP server thread
[Mon Apr  4 09:13:30 2016] [info]  Received signal SIGINT. Server shutting down
[Mon Apr  4 09:13:30 2016] [info]  Terminating HTTP server thread
[Mon Apr  4 09:13:30 2016] [debug] http_svr_thread.c(181) Terminating HTTP server thread.
[Mon Apr  4 09:13:30 2016] [info]  Successfully terminated  HTTP server thread
[Mon Apr  4 09:13:30 2016] [info]  Shutdown complete ...
[Mon Apr  4 09:13:30 2016] [debug] arch_file_data.c(149) Service name :Axis2Service
[Mon Apr  4 09:13:30 2016] [debug] arch_file_data.c(149) Service name :Calculator
[Mon Apr  4 09:13:30 2016] [debug] arch_file_data.c(149) Service name :echo
[Mon Apr  4 09:13:30 2016] [debug] arch_file_data.c(149) Service name :math
[Mon Apr  4 09:13:30 2016] [debug] arch_file_data.c(149) Service name :mtom
[Mon Apr  4 09:13:30 2016] [debug] arch_file_data.c(149) Service name :mtom_callback
[Mon Apr  4 09:13:30 2016] [debug] arch_file_data.c(149) Service name :notify
[Mon Apr  4 09:13:30 2016] [debug] arch_file_data.c(149) Service name :div
[Mon Apr  4 09:13:30 2016] [debug] arch_file_data.c(149) Service name :add
[Mon Apr  4 09:13:30 2016] [debug] arch_file_data.c(149) Service name :sub
[Mon Apr  4 09:13:30 2016] [debug] arch_file_data.c(149) Service name :mul
[Mon Apr  4 09:13:30 2016] [debug] arch_file_data.c(149) Service name :version
[Mon Apr  4 09:13:52 2016] [info]  Starting Axis2 HTTP server....
[Mon Apr  4 09:13:52 2016] [info]  Apache Axis2/C version in use : 1.6.0
[Mon Apr  4 09:13:52 2016] [info]  Server port : 9090
[Mon Apr  4 09:13:52 2016] [info]  Repo location : ../
[Mon Apr  4 09:13:52 2016] [info]  Read Timeout : 60000 ms
[Mon Apr  4 09:13:52 2016] [debug] phase.c(121) axis2_handler_t *request_uri_based_dispatcher added to the index 0 of the phase Transport
[Mon Apr  4 09:13:52 2016] [debug] phase.c(121) axis2_handler_t *addressing_based_dispatcher added to the index 1 of the phase Transport
[Mon Apr  4 09:13:52 2016] [debug] phase.c(121) axis2_handler_t *rest_dispatcher added to the index 0 of the phase Dispatch
[Mon Apr  4 09:13:52 2016] [debug] phase.c(121) axis2_handler_t *soap_message_body_based_dispatcher added to the index 1 of the phase Dispatch
[Mon Apr  4 09:13:52 2016] [debug] phase.c(121) axis2_handler_t *soap_action_based_dispatcher added to the index 2 of the phase Dispatch
[Mon Apr  4 09:13:52 2016] [debug] phase.c(121) axis2_handler_t *dispatch_post_conditions_evaluator added to the index 0 of the phase PostDispatch
[Mon Apr  4 09:13:52 2016] [debug] phase.c(121) axis2_handler_t *context_handler added to the index 1 of the phase PostDispatch
[Mon Apr  4 09:13:52 2016] [debug] conf_builder.c(234) No custom dispatching order found. Continue with the default dispatching order
[Mon Apr  4 09:13:52 2016] [debug] conf_builder.c(379) Module addressing found in axis2.xml
[Mon Apr  4 09:13:52 2016] [debug] class_loader.c(140) ..//lib/libaxis2_http_sender.so shared lib loaded successfully
[Mon Apr  4 09:13:52 2016] [debug] class_loader.c(140) ..//lib/libaxis2_http_receiver.so shared lib loaded successfully
[Mon Apr  4 09:13:52 2016] [debug] dep_engine.c(1283) axis2_dep_engine_load_module_dll: DLL path is : ..//modules/addressing/libaxis2_mod_addr.so
[Mon Apr  4 09:13:52 2016] [debug] class_loader.c(140) ..//modules/addressing/libaxis2_mod_addr.so shared lib loaded successfully
[Mon Apr  4 09:13:52 2016] [debug] dep_engine.c(1283) axis2_dep_engine_load_module_dll: DLL path is : ..//modules/logging/libaxis2_mod_log.so
[Mon Apr  4 09:13:52 2016] [debug] class_loader.c(140) ..//modules/logging/libaxis2_mod_log.so shared lib loaded successfully
[Mon Apr  4 09:13:52 2016] [debug] svc_builder.c(318) DLL path is : ..//services/Axis2Service/libAxis2Service.so
[Mon Apr  4 09:13:52 2016] [debug] om_element.c(1114) There are no child elements for the node
[Mon Apr  4 09:13:52 2016] [debug] svc_builder.c(318) DLL path is : ..//services/Calculator/libCalculator.so
[Mon Apr  4 09:13:52 2016] [debug] svc_builder.c(318) DLL path is : ..//services/echo/libecho.so
[Mon Apr  4 09:13:52 2016] [debug] svc_builder.c(318) DLL path is : ..//services/math/libmath.so
[Mon Apr  4 09:13:52 2016] [debug] svc_builder.c(318) DLL path is : ..//services/mtom/libmtom.so
[Mon Apr  4 09:13:52 2016] [debug] svc_builder.c(318) DLL path is : ..//services/mtom_callback/libmtom_callback.so
[Mon Apr  4 09:13:52 2016] [debug] svc_builder.c(318) DLL path is : ..//services/notify/libnotify.so
[Mon Apr  4 09:13:52 2016] [debug] svc_builder.c(318) DLL path is : ..//services/sg_math/libadd.so
[Mon Apr  4 09:13:52 2016] [debug] om_element.c(1114) There are no child elements for the node
[Mon Apr  4 09:13:52 2016] [debug] svc_builder.c(318) DLL path is : ..//services/sg_math/libsub.so
[Mon Apr  4 09:13:52 2016] [debug] om_element.c(1114) There are no child elements for the node
[Mon Apr  4 09:13:52 2016] [debug] svc_builder.c(318) DLL path is : ..//services/sg_math/libmul.so
[Mon Apr  4 09:13:52 2016] [debug] om_element.c(1114) There are no child elements for the node
[Mon Apr  4 09:13:52 2016] [debug] svc_builder.c(318) DLL path is : ..//services/sg_math/libdiv.so
[Mon Apr  4 09:13:52 2016] [debug] om_element.c(1114) There are no child elements for the node
[Mon Apr  4 09:13:52 2016] [debug] svc_builder.c(318) DLL path is : ..//services/version/libversion.so
[Mon Apr  4 09:13:52 2016] [debug] phase_holder.c(139) Add handler AddressingInHandler to phase Transport
[Mon Apr  4 09:13:52 2016] [debug] phase_resolver.c(222) svc name is:div
[Mon Apr  4 09:13:52 2016] [debug] phase_resolver.c(139) Service name is : div
[Mon Apr  4 09:13:52 2016] [debug] phase_resolver.c(1123) Operation name is : div
[Mon Apr  4 09:13:52 2016] [debug] phase_holder.c(139) Add handler AddressingOutHandler to phase MessageOut
[Mon Apr  4 09:13:52 2016] [debug] phase_holder.c(139) Add handler AddressingOutHandler to phase MessageOut
[Mon Apr  4 09:13:52 2016] [debug] phase_resolver.c(222) svc name is:version
[Mon Apr  4 09:13:52 2016] [debug] phase_resolver.c(139) Service name is : version
[Mon Apr  4 09:13:52 2016] [debug] phase_resolver.c(1123) Operation name is : GetVersion
[Mon Apr  4 09:13:52 2016] [debug] phase_holder.c(139) Add handler AddressingOutHandler to phase MessageOut
[Mon Apr  4 09:13:52 2016] [debug] phase_holder.c(139) Add handler AddressingOutHandler to phase MessageOut
[Mon Apr  4 09:13:52 2016] [debug] phase_resolver.c(222) svc name is:Axis2Service
[Mon Apr  4 09:13:52 2016] [debug] phase_resolver.c(139) Service name is : Axis2Service
[Mon Apr  4 09:13:52 2016] [debug] phase_resolver.c(1123) Operation name is : greet
[Mon Apr  4 09:13:52 2016] [debug] phase_holder.c(139) Add handler AddressingOutHandler to phase MessageOut
[Mon Apr  4 09:13:52 2016] [debug] phase_holder.c(139) Add handler AddressingOutHandler to phase MessageOut
[Mon Apr  4 09:13:52 2016] [debug] phase_resolver.c(222) svc name is:mtom_callback
[Mon Apr  4 09:13:52 2016] [debug] phase_resolver.c(139) Service name is : mtom_callback
[Mon Apr  4 09:13:52 2016] [debug] phase_resolver.c(1123) Operation name is : mtomSample
[Mon Apr  4 09:13:52 2016] [debug] phase_holder.c(139) Add handler AddressingOutHandler to phase MessageOut
[Mon Apr  4 09:13:52 2016] [debug] phase_holder.c(139) Add handler AddressingOutHandler to phase MessageOut
[Mon Apr  4 09:13:52 2016] [debug] phase_resolver.c(222) svc name is:notify
[Mon Apr  4 09:13:52 2016] [debug] phase_resolver.c(139) Service name is : notify
[Mon Apr  4 09:13:52 2016] [debug] phase_resolver.c(1123) Operation name is : notify
[Mon Apr  4 09:13:52 2016] [debug] phase_holder.c(139) Add handler AddressingOutHandler to phase MessageOut
[Mon Apr  4 09:13:52 2016] [debug] phase_holder.c(139) Add handler AddressingOutHandler to phase MessageOut
[Mon Apr  4 09:13:52 2016] [debug] phase_resolver.c(222) svc name is:add
[Mon Apr  4 09:13:52 2016] [debug] phase_resolver.c(139) Service name is : add
[Mon Apr  4 09:13:52 2016] [debug] phase_resolver.c(1123) Operation name is : add
[Mon Apr  4 09:13:52 2016] [debug] phase_holder.c(139) Add handler AddressingOutHandler to phase MessageOut
[Mon Apr  4 09:13:52 2016] [debug] phase_holder.c(139) Add handler AddressingOutHandler to phase MessageOut
[Mon Apr  4 09:13:52 2016] [debug] phase_resolver.c(222) svc name is:Calculator
[Mon Apr  4 09:13:52 2016] [debug] phase_resolver.c(139) Service name is : Calculator
[Mon Apr  4 09:13:52 2016] [debug] phase_resolver.c(1123) Operation name is : div
[Mon Apr  4 09:13:52 2016] [debug] phase_holder.c(139) Add handler AddressingOutHandler to phase MessageOut
[Mon Apr  4 09:13:52 2016] [debug] phase_holder.c(139) Add handler AddressingOutHandler to phase MessageOut
[Mon Apr  4 09:13:52 2016] [debug] phase_resolver.c(1123) Operation name is : add
[Mon Apr  4 09:13:52 2016] [debug] phase_holder.c(139) Add handler AddressingOutHandler to phase MessageOut
[Mon Apr  4 09:13:52 2016] [debug] phase_holder.c(139) Add handler AddressingOutHandler to phase MessageOut
[Mon Apr  4 09:13:52 2016] [debug] phase_resolver.c(1123) Operation name is : sub
[Mon Apr  4 09:13:52 2016] [debug] phase_holder.c(139) Add handler AddressingOutHandler to phase MessageOut
[Mon Apr  4 09:13:52 2016] [debug] phase_holder.c(139) Add handler AddressingOutHandler to phase MessageOut
[Mon Apr  4 09:13:52 2016] [debug] phase_resolver.c(1123) Operation name is : mul
[Mon Apr  4 09:13:52 2016] [debug] phase_holder.c(139) Add handler AddressingOutHandler to phase MessageOut
[Mon Apr  4 09:13:52 2016] [debug] phase_holder.c(139) Add handler AddressingOutHandler to phase MessageOut
[Mon Apr  4 09:13:52 2016] [debug] phase_resolver.c(222) svc name is:math
[Mon Apr  4 09:13:52 2016] [debug] phase_resolver.c(139) Service name is : math
[Mon Apr  4 09:13:52 2016] [debug] phase_resolver.c(1123) Operation name is : div
[Mon Apr  4 09:13:52 2016] [debug] phase_holder.c(139) Add handler AddressingOutHandler to phase MessageOut
[Mon Apr  4 09:13:52 2016] [debug] phase_holder.c(139) Add handler AddressingOutHandler to phase MessageOut
[Mon Apr  4 09:13:52 2016] [debug] phase_resolver.c(1123) Operation name is : add
[Mon Apr  4 09:13:52 2016] [debug] phase_holder.c(139) Add handler AddressingOutHandler to phase MessageOut
[Mon Apr  4 09:13:52 2016] [debug] phase_holder.c(139) Add handler AddressingOutHandler to phase MessageOut
[Mon Apr  4 09:13:52 2016] [debug] phase_resolver.c(1123) Operation name is : sub
[Mon Apr  4 09:13:52 2016] [debug] phase_holder.c(139) Add handler AddressingOutHandler to phase MessageOut
[Mon Apr  4 09:13:52 2016] [debug] phase_holder.c(139) Add handler AddressingOutHandler to phase MessageOut
[Mon Apr  4 09:13:52 2016] [debug] phase_resolver.c(1123) Operation name is : mul
[Mon Apr  4 09:13:52 2016] [debug] phase_holder.c(139) Add handler AddressingOutHandler to phase MessageOut
[Mon Apr  4 09:13:52 2016] [debug] phase_holder.c(139) Add handler AddressingOutHandler to phase MessageOut
[Mon Apr  4 09:13:52 2016] [debug] phase_resolver.c(222) svc name is:sub
[Mon Apr  4 09:13:52 2016] [debug] phase_resolver.c(139) Service name is : sub
[Mon Apr  4 09:13:52 2016] [debug] phase_resolver.c(1123) Operation name is : sub
[Mon Apr  4 09:13:52 2016] [debug] phase_holder.c(139) Add handler AddressingOutHandler to phase MessageOut
[Mon Apr  4 09:13:52 2016] [debug] phase_holder.c(139) Add handler AddressingOutHandler to phase MessageOut
[Mon Apr  4 09:13:52 2016] [debug] phase_resolver.c(222) svc name is:mtom
[Mon Apr  4 09:13:52 2016] [debug] phase_resolver.c(139) Service name is : mtom
[Mon Apr  4 09:13:52 2016] [debug] phase_resolver.c(1123) Operation name is : mtomSample
[Mon Apr  4 09:13:52 2016] [debug] phase_holder.c(139) Add handler AddressingOutHandler to phase MessageOut
[Mon Apr  4 09:13:52 2016] [debug] phase_holder.c(139) Add handler AddressingOutHandler to phase MessageOut
[Mon Apr  4 09:13:52 2016] [debug] phase_resolver.c(222) svc name is:mul
[Mon Apr  4 09:13:52 2016] [debug] phase_resolver.c(139) Service name is : mul
[Mon Apr  4 09:13:52 2016] [debug] phase_resolver.c(1123) Operation name is : mul
[Mon Apr  4 09:13:52 2016] [debug] phase_holder.c(139) Add handler AddressingOutHandler to phase MessageOut
[Mon Apr  4 09:13:52 2016] [debug] phase_holder.c(139) Add handler AddressingOutHandler to phase MessageOut
[Mon Apr  4 09:13:52 2016] [debug] phase_resolver.c(222) svc name is:echo
[Mon Apr  4 09:13:52 2016] [debug] phase_resolver.c(139) Service name is : echo
[Mon Apr  4 09:13:52 2016] [debug] phase_resolver.c(1123) Operation name is : echoString
[Mon Apr  4 09:13:52 2016] [debug] phase_holder.c(139) Add handler AddressingOutHandler to phase MessageOut
[Mon Apr  4 09:13:52 2016] [debug] phase_holder.c(139) Add handler AddressingOutHandler to phase MessageOut
[Mon Apr  4 09:13:52 2016] [info]  Starting HTTP server thread
[Mon Apr  4 09:18:00 2016] [debug] http_worker.c(200) Client HTTP version HTTP/1.1
[Mon Apr  4 09:18:00 2016] [debug] soap_builder.c(945) identified soap version is soap12
[Mon Apr  4 09:18:00 2016] [debug] phase.c(210) Invoke the handler request_uri_based_dispatcher within the phase Transport
[Mon Apr  4 09:18:00 2016] [debug] req_uri_disp.c(100) Checking for service using target endpoint address : http://127.0.0.1:9090/axis2/services/Axis2Service
[Mon Apr  4 09:18:00 2016] [debug] req_uri_disp.c(121) Service found using target endpoint address
[Mon Apr  4 09:18:00 2016] [debug] phase.c(210) Invoke the handler AddressingInHandler within the phase Transport
[Mon Apr  4 09:18:00 2016] [info]  Starting addressing in handler
[Mon Apr  4 09:18:00 2016] [debug] phase.c(210) Invoke the handler addressing_based_dispatcher within the phase Transport
[Mon Apr  4 09:18:00 2016] [debug] phase.c(210) Invoke the handler rest_dispatcher within the phase Dispatch
[Mon Apr  4 09:18:00 2016] [debug] phase.c(210) Invoke the handler soap_message_body_based_dispatcher within the phase Dispatch
[Mon Apr  4 09:18:00 2016] [debug] soap_body_disp.c(231) Checking for operation using SOAP messagebody's first child's local name : json
[Mon Apr  4 09:18:00 2016] [debug] phase.c(210) Invoke the handler soap_action_based_dispatcher within the phase Dispatch
[Mon Apr  4 09:18:00 2016] [debug] phase.c(210) Invoke the handler dispatch_post_conditions_evaluator within the phase PostDispatch
[Mon Apr  4 09:18:00 2016] [info]  Operation Not found. Endpoint reference is : http://127.0.0.1:9090/axis2/services/Axis2Service
[Mon Apr  4 09:18:00 2016] [error] phase.c(233) Handler dispatch_post_conditions_evaluator invoke failed within phase PostDispatch
[Mon Apr  4 09:18:00 2016] [error] engine.c(696) Invoking phase PostDispatch failed
[Mon Apr  4 09:18:00 2016] [error] engine.c(255) Invoking pre-calculated phases failed
[Mon Apr  4 09:18:00 2016] [info]  Request served in 0.002 seconds
[Mon Apr  4 09:18:33 2016] [info]  Received signal SIGINT. Server shutting down
[Mon Apr  4 09:18:33 2016] [info]  Terminating HTTP server thread
[Mon Apr  4 09:18:33 2016] [debug] http_svr_thread.c(181) Terminating HTTP server thread.
[Mon Apr  4 09:18:33 2016] [info]  Successfully terminated  HTTP server thread
[Mon Apr  4 09:18:33 2016] [info]  Shutdown complete ...
[Mon Apr  4 09:18:33 2016] [debug] arch_file_data.c(149) Service name :Axis2Service
[Mon Apr  4 09:18:33 2016] [debug] arch_file_data.c(149) Service name :Calculator
[Mon Apr  4 09:18:33 2016] [debug] arch_file_data.c(149) Service name :echo
[Mon Apr  4 09:18:33 2016] [debug] arch_file_data.c(149) Service name :math
[Mon Apr  4 09:18:33 2016] [debug] arch_file_data.c(149) Service name :mtom
[Mon Apr  4 09:18:33 2016] [debug] arch_file_data.c(149) Service name :mtom_callback
[Mon Apr  4 09:18:33 2016] [debug] arch_file_data.c(149) Service name :notify
[Mon Apr  4 09:18:33 2016] [debug] arch_file_data.c(149) Service name :div
[Mon Apr  4 09:18:33 2016] [debug] arch_file_data.c(149) Service name :add
[Mon Apr  4 09:18:33 2016] [debug] arch_file_data.c(149) Service name :sub
[Mon Apr  4 09:18:33 2016] [debug] arch_file_data.c(149) Service name :mul
[Mon Apr  4 09:18:33 2016] [debug] arch_file_data.c(149) Service name :version
