The system is: Linux - 3.13.0-83-generic - x86_64
Compiling the C compiler identification source file "CMakeCCompilerId.c" succeeded.
Compiler: /usr/bin/cc 
Build flags: 
Id flags: 

The output was:
0


Compilation of the C compiler identification source "CMakeCCompilerId.c" produced "a.out"

The C compiler identification is GNU, found in "/home/veret/Projects/NSConsole/nc-ui-prototype/Axis2/jansson-2.7/CMakeFiles/2.8.12.2/CompilerIdC/a.out"

Determining if the C compiler works passed with the following output:
Change Dir: /home/veret/Projects/NSConsole/nc-ui-prototype/Axis2/jansson-2.7/CMakeFiles/CMakeTmp

Run Build Command:/usr/bin/make "cmTryCompileExec1165007125/fast"
/usr/bin/make -f CMakeFiles/cmTryCompileExec1165007125.dir/build.make CMakeFiles/cmTryCompileExec1165007125.dir/build
make[1]: Вход в каталог `/home/veret/Projects/NSConsole/nc-ui-prototype/Axis2/jansson-2.7/CMakeFiles/CMakeTmp'
/usr/bin/cmake -E cmake_progress_report /home/veret/Projects/NSConsole/nc-ui-prototype/Axis2/jansson-2.7/CMakeFiles/CMakeTmp/CMakeFiles 1
Building C object CMakeFiles/cmTryCompileExec1165007125.dir/testCCompiler.c.o
/usr/bin/cc    -o CMakeFiles/cmTryCompileExec1165007125.dir/testCCompiler.c.o   -c /home/veret/Projects/NSConsole/nc-ui-prototype/Axis2/jansson-2.7/CMakeFiles/CMakeTmp/testCCompiler.c
Linking C executable cmTryCompileExec1165007125
/usr/bin/cmake -E cmake_link_script CMakeFiles/cmTryCompileExec1165007125.dir/link.txt --verbose=1
/usr/bin/cc       CMakeFiles/cmTryCompileExec1165007125.dir/testCCompiler.c.o  -o cmTryCompileExec1165007125 -rdynamic 
make[1]: Выход из каталога `/home/veret/Projects/NSConsole/nc-ui-prototype/Axis2/jansson-2.7/CMakeFiles/CMakeTmp'


Detecting C compiler ABI info compiled with the following output:
Change Dir: /home/veret/Projects/NSConsole/nc-ui-prototype/Axis2/jansson-2.7/CMakeFiles/CMakeTmp

Run Build Command:/usr/bin/make "cmTryCompileExec1246401626/fast"
/usr/bin/make -f CMakeFiles/cmTryCompileExec1246401626.dir/build.make CMakeFiles/cmTryCompileExec1246401626.dir/build
make[1]: Вход в каталог `/home/veret/Projects/NSConsole/nc-ui-prototype/Axis2/jansson-2.7/CMakeFiles/CMakeTmp'
/usr/bin/cmake -E cmake_progress_report /home/veret/Projects/NSConsole/nc-ui-prototype/Axis2/jansson-2.7/CMakeFiles/CMakeTmp/CMakeFiles 1
Building C object CMakeFiles/cmTryCompileExec1246401626.dir/CMakeCCompilerABI.c.o
/usr/bin/cc    -o CMakeFiles/cmTryCompileExec1246401626.dir/CMakeCCompilerABI.c.o   -c /usr/share/cmake-2.8/Modules/CMakeCCompilerABI.c
Linking C executable cmTryCompileExec1246401626
/usr/bin/cmake -E cmake_link_script CMakeFiles/cmTryCompileExec1246401626.dir/link.txt --verbose=1
/usr/bin/cc     -v CMakeFiles/cmTryCompileExec1246401626.dir/CMakeCCompilerABI.c.o  -o cmTryCompileExec1246401626 -rdynamic  
Using built-in specs.
COLLECT_GCC=/usr/bin/cc
COLLECT_LTO_WRAPPER=/usr/lib/gcc/x86_64-linux-gnu/4.8/lto-wrapper
Target: x86_64-linux-gnu
Configured with: ../src/configure -v --with-pkgversion='Ubuntu 4.8.4-2ubuntu1~14.04.1' --with-bugurl=file:///usr/share/doc/gcc-4.8/README.Bugs --enable-languages=c,c++,java,go,d,fortran,objc,obj-c++ --prefix=/usr --program-suffix=-4.8 --enable-shared --enable-linker-build-id --libexecdir=/usr/lib --without-included-gettext --enable-threads=posix --with-gxx-include-dir=/usr/include/c++/4.8 --libdir=/usr/lib --enable-nls --with-sysroot=/ --enable-clocale=gnu --enable-libstdcxx-debug --enable-libstdcxx-time=yes --enable-gnu-unique-object --disable-libmudflap --enable-plugin --with-system-zlib --disable-browser-plugin --enable-java-awt=gtk --enable-gtk-cairo --with-java-home=/usr/lib/jvm/java-1.5.0-gcj-4.8-amd64/jre --enable-java-home --with-jvm-root-dir=/usr/lib/jvm/java-1.5.0-gcj-4.8-amd64 --with-jvm-jar-dir=/usr/lib/jvm-exports/java-1.5.0-gcj-4.8-amd64 --with-arch-directory=amd64 --with-ecj-jar=/usr/share/java/eclipse-ecj.jar --enable-objc-gc --enable-multiarch --disable-werror --with-arch-32=i686 --with-abi=m64 --with-multilib-list=m32,m64,mx32 --with-tune=generic --enable-checking=release --build=x86_64-linux-gnu --host=x86_64-linux-gnu --target=x86_64-linux-gnu
Thread model: posix
gcc version 4.8.4 (Ubuntu 4.8.4-2ubuntu1~14.04.1) 
COMPILER_PATH=/usr/lib/gcc/x86_64-linux-gnu/4.8/:/usr/lib/gcc/x86_64-linux-gnu/4.8/:/usr/lib/gcc/x86_64-linux-gnu/:/usr/lib/gcc/x86_64-linux-gnu/4.8/:/usr/lib/gcc/x86_64-linux-gnu/
LIBRARY_PATH=/usr/lib/gcc/x86_64-linux-gnu/4.8/:/usr/lib/gcc/x86_64-linux-gnu/4.8/../../../x86_64-linux-gnu/:/usr/lib/gcc/x86_64-linux-gnu/4.8/../../../../lib/:/lib/x86_64-linux-gnu/:/lib/../lib/:/usr/lib/x86_64-linux-gnu/:/usr/lib/../lib/:/usr/lib/gcc/x86_64-linux-gnu/4.8/../../../:/lib/:/usr/lib/
COLLECT_GCC_OPTIONS='-v' '-o' 'cmTryCompileExec1246401626' '-rdynamic' '-mtune=generic' '-march=x86-64'
 /usr/lib/gcc/x86_64-linux-gnu/4.8/collect2 --sysroot=/ --build-id --eh-frame-hdr -m elf_x86_64 --hash-style=gnu --as-needed -export-dynamic -dynamic-linker /lib64/ld-linux-x86-64.so.2 -z relro -o cmTryCompileExec1246401626 /usr/lib/gcc/x86_64-linux-gnu/4.8/../../../x86_64-linux-gnu/crt1.o /usr/lib/gcc/x86_64-linux-gnu/4.8/../../../x86_64-linux-gnu/crti.o /usr/lib/gcc/x86_64-linux-gnu/4.8/crtbegin.o -L/usr/lib/gcc/x86_64-linux-gnu/4.8 -L/usr/lib/gcc/x86_64-linux-gnu/4.8/../../../x86_64-linux-gnu -L/usr/lib/gcc/x86_64-linux-gnu/4.8/../../../../lib -L/lib/x86_64-linux-gnu -L/lib/../lib -L/usr/lib/x86_64-linux-gnu -L/usr/lib/../lib -L/usr/lib/gcc/x86_64-linux-gnu/4.8/../../.. CMakeFiles/cmTryCompileExec1246401626.dir/CMakeCCompilerABI.c.o -lgcc --as-needed -lgcc_s --no-as-needed -lc -lgcc --as-needed -lgcc_s --no-as-needed /usr/lib/gcc/x86_64-linux-gnu/4.8/crtend.o /usr/lib/gcc/x86_64-linux-gnu/4.8/../../../x86_64-linux-gnu/crtn.o
make[1]: Выход из каталога `/home/veret/Projects/NSConsole/nc-ui-prototype/Axis2/jansson-2.7/CMakeFiles/CMakeTmp'


Parsed C implicit link information from above output:
  link line regex: [^( *|.*[/\])(ld|([^/\]+-)?ld|collect2)[^/\]*( |$)]
  ignore line: [Change Dir: /home/veret/Projects/NSConsole/nc-ui-prototype/Axis2/jansson-2.7/CMakeFiles/CMakeTmp]
  ignore line: []
  ignore line: [Run Build Command:/usr/bin/make "cmTryCompileExec1246401626/fast"]
  ignore line: [/usr/bin/make -f CMakeFiles/cmTryCompileExec1246401626.dir/build.make CMakeFiles/cmTryCompileExec1246401626.dir/build]
  ignore line: [make[1]: Вход в каталог `/home/veret/Projects/NSConsole/nc-ui-prototype/Axis2/jansson-2.7/CMakeFiles/CMakeTmp']
  ignore line: [/usr/bin/cmake -E cmake_progress_report /home/veret/Projects/NSConsole/nc-ui-prototype/Axis2/jansson-2.7/CMakeFiles/CMakeTmp/CMakeFiles 1]
  ignore line: [Building C object CMakeFiles/cmTryCompileExec1246401626.dir/CMakeCCompilerABI.c.o]
  ignore line: [/usr/bin/cc    -o CMakeFiles/cmTryCompileExec1246401626.dir/CMakeCCompilerABI.c.o   -c /usr/share/cmake-2.8/Modules/CMakeCCompilerABI.c]
  ignore line: [Linking C executable cmTryCompileExec1246401626]
  ignore line: [/usr/bin/cmake -E cmake_link_script CMakeFiles/cmTryCompileExec1246401626.dir/link.txt --verbose=1]
  ignore line: [/usr/bin/cc     -v CMakeFiles/cmTryCompileExec1246401626.dir/CMakeCCompilerABI.c.o  -o cmTryCompileExec1246401626 -rdynamic  ]
  ignore line: [Using built-in specs.]
  ignore line: [COLLECT_GCC=/usr/bin/cc]
  ignore line: [COLLECT_LTO_WRAPPER=/usr/lib/gcc/x86_64-linux-gnu/4.8/lto-wrapper]
  ignore line: [Target: x86_64-linux-gnu]
  ignore line: [Configured with: ../src/configure -v --with-pkgversion='Ubuntu 4.8.4-2ubuntu1~14.04.1' --with-bugurl=file:///usr/share/doc/gcc-4.8/README.Bugs --enable-languages=c,c++,java,go,d,fortran,objc,obj-c++ --prefix=/usr --program-suffix=-4.8 --enable-shared --enable-linker-build-id --libexecdir=/usr/lib --without-included-gettext --enable-threads=posix --with-gxx-include-dir=/usr/include/c++/4.8 --libdir=/usr/lib --enable-nls --with-sysroot=/ --enable-clocale=gnu --enable-libstdcxx-debug --enable-libstdcxx-time=yes --enable-gnu-unique-object --disable-libmudflap --enable-plugin --with-system-zlib --disable-browser-plugin --enable-java-awt=gtk --enable-gtk-cairo --with-java-home=/usr/lib/jvm/java-1.5.0-gcj-4.8-amd64/jre --enable-java-home --with-jvm-root-dir=/usr/lib/jvm/java-1.5.0-gcj-4.8-amd64 --with-jvm-jar-dir=/usr/lib/jvm-exports/java-1.5.0-gcj-4.8-amd64 --with-arch-directory=amd64 --with-ecj-jar=/usr/share/java/eclipse-ecj.jar --enable-objc-gc --enable-multiarch --disable-werror --with-arch-32=i686 --with-abi=m64 --with-multilib-list=m32,m64,mx32 --with-tune=generic --enable-checking=release --build=x86_64-linux-gnu --host=x86_64-linux-gnu --target=x86_64-linux-gnu]
  ignore line: [Thread model: posix]
  ignore line: [gcc version 4.8.4 (Ubuntu 4.8.4-2ubuntu1~14.04.1) ]
  ignore line: [COMPILER_PATH=/usr/lib/gcc/x86_64-linux-gnu/4.8/:/usr/lib/gcc/x86_64-linux-gnu/4.8/:/usr/lib/gcc/x86_64-linux-gnu/:/usr/lib/gcc/x86_64-linux-gnu/4.8/:/usr/lib/gcc/x86_64-linux-gnu/]
  ignore line: [LIBRARY_PATH=/usr/lib/gcc/x86_64-linux-gnu/4.8/:/usr/lib/gcc/x86_64-linux-gnu/4.8/../../../x86_64-linux-gnu/:/usr/lib/gcc/x86_64-linux-gnu/4.8/../../../../lib/:/lib/x86_64-linux-gnu/:/lib/../lib/:/usr/lib/x86_64-linux-gnu/:/usr/lib/../lib/:/usr/lib/gcc/x86_64-linux-gnu/4.8/../../../:/lib/:/usr/lib/]
  ignore line: [COLLECT_GCC_OPTIONS='-v' '-o' 'cmTryCompileExec1246401626' '-rdynamic' '-mtune=generic' '-march=x86-64']
  link line: [ /usr/lib/gcc/x86_64-linux-gnu/4.8/collect2 --sysroot=/ --build-id --eh-frame-hdr -m elf_x86_64 --hash-style=gnu --as-needed -export-dynamic -dynamic-linker /lib64/ld-linux-x86-64.so.2 -z relro -o cmTryCompileExec1246401626 /usr/lib/gcc/x86_64-linux-gnu/4.8/../../../x86_64-linux-gnu/crt1.o /usr/lib/gcc/x86_64-linux-gnu/4.8/../../../x86_64-linux-gnu/crti.o /usr/lib/gcc/x86_64-linux-gnu/4.8/crtbegin.o -L/usr/lib/gcc/x86_64-linux-gnu/4.8 -L/usr/lib/gcc/x86_64-linux-gnu/4.8/../../../x86_64-linux-gnu -L/usr/lib/gcc/x86_64-linux-gnu/4.8/../../../../lib -L/lib/x86_64-linux-gnu -L/lib/../lib -L/usr/lib/x86_64-linux-gnu -L/usr/lib/../lib -L/usr/lib/gcc/x86_64-linux-gnu/4.8/../../.. CMakeFiles/cmTryCompileExec1246401626.dir/CMakeCCompilerABI.c.o -lgcc --as-needed -lgcc_s --no-as-needed -lc -lgcc --as-needed -lgcc_s --no-as-needed /usr/lib/gcc/x86_64-linux-gnu/4.8/crtend.o /usr/lib/gcc/x86_64-linux-gnu/4.8/../../../x86_64-linux-gnu/crtn.o]
    arg [/usr/lib/gcc/x86_64-linux-gnu/4.8/collect2] ==> ignore
    arg [--sysroot=/] ==> ignore
    arg [--build-id] ==> ignore
    arg [--eh-frame-hdr] ==> ignore
    arg [-m] ==> ignore
    arg [elf_x86_64] ==> ignore
    arg [--hash-style=gnu] ==> ignore
    arg [--as-needed] ==> ignore
    arg [-export-dynamic] ==> ignore
    arg [-dynamic-linker] ==> ignore
    arg [/lib64/ld-linux-x86-64.so.2] ==> ignore
    arg [-zrelro] ==> ignore
    arg [-o] ==> ignore
    arg [cmTryCompileExec1246401626] ==> ignore
    arg [/usr/lib/gcc/x86_64-linux-gnu/4.8/../../../x86_64-linux-gnu/crt1.o] ==> ignore
    arg [/usr/lib/gcc/x86_64-linux-gnu/4.8/../../../x86_64-linux-gnu/crti.o] ==> ignore
    arg [/usr/lib/gcc/x86_64-linux-gnu/4.8/crtbegin.o] ==> ignore
    arg [-L/usr/lib/gcc/x86_64-linux-gnu/4.8] ==> dir [/usr/lib/gcc/x86_64-linux-gnu/4.8]
    arg [-L/usr/lib/gcc/x86_64-linux-gnu/4.8/../../../x86_64-linux-gnu] ==> dir [/usr/lib/gcc/x86_64-linux-gnu/4.8/../../../x86_64-linux-gnu]
    arg [-L/usr/lib/gcc/x86_64-linux-gnu/4.8/../../../../lib] ==> dir [/usr/lib/gcc/x86_64-linux-gnu/4.8/../../../../lib]
    arg [-L/lib/x86_64-linux-gnu] ==> dir [/lib/x86_64-linux-gnu]
    arg [-L/lib/../lib] ==> dir [/lib/../lib]
    arg [-L/usr/lib/x86_64-linux-gnu] ==> dir [/usr/lib/x86_64-linux-gnu]
    arg [-L/usr/lib/../lib] ==> dir [/usr/lib/../lib]
    arg [-L/usr/lib/gcc/x86_64-linux-gnu/4.8/../../..] ==> dir [/usr/lib/gcc/x86_64-linux-gnu/4.8/../../..]
    arg [CMakeFiles/cmTryCompileExec1246401626.dir/CMakeCCompilerABI.c.o] ==> ignore
    arg [-lgcc] ==> lib [gcc]
    arg [--as-needed] ==> ignore
    arg [-lgcc_s] ==> lib [gcc_s]
    arg [--no-as-needed] ==> ignore
    arg [-lc] ==> lib [c]
    arg [-lgcc] ==> lib [gcc]
    arg [--as-needed] ==> ignore
    arg [-lgcc_s] ==> lib [gcc_s]
    arg [--no-as-needed] ==> ignore
    arg [/usr/lib/gcc/x86_64-linux-gnu/4.8/crtend.o] ==> ignore
    arg [/usr/lib/gcc/x86_64-linux-gnu/4.8/../../../x86_64-linux-gnu/crtn.o] ==> ignore
  remove lib [gcc]
  remove lib [gcc_s]
  remove lib [gcc]
  remove lib [gcc_s]
  collapse library dir [/usr/lib/gcc/x86_64-linux-gnu/4.8] ==> [/usr/lib/gcc/x86_64-linux-gnu/4.8]
  collapse library dir [/usr/lib/gcc/x86_64-linux-gnu/4.8/../../../x86_64-linux-gnu] ==> [/usr/lib/x86_64-linux-gnu]
  collapse library dir [/usr/lib/gcc/x86_64-linux-gnu/4.8/../../../../lib] ==> [/usr/lib]
  collapse library dir [/lib/x86_64-linux-gnu] ==> [/lib/x86_64-linux-gnu]
  collapse library dir [/lib/../lib] ==> [/lib]
  collapse library dir [/usr/lib/x86_64-linux-gnu] ==> [/usr/lib/x86_64-linux-gnu]
  collapse library dir [/usr/lib/../lib] ==> [/usr/lib]
  collapse library dir [/usr/lib/gcc/x86_64-linux-gnu/4.8/../../..] ==> [/usr/lib]
  implicit libs: [c]
  implicit dirs: [/usr/lib/gcc/x86_64-linux-gnu/4.8;/usr/lib/x86_64-linux-gnu;/usr/lib;/lib/x86_64-linux-gnu;/lib]
  implicit fwks: []


Determining if files endian.h exist passed with the following output:
Change Dir: /home/veret/Projects/NSConsole/nc-ui-prototype/Axis2/jansson-2.7/CMakeFiles/CMakeTmp

Run Build Command:/usr/bin/make "cmTryCompileExec1907065697/fast"
/usr/bin/make -f CMakeFiles/cmTryCompileExec1907065697.dir/build.make CMakeFiles/cmTryCompileExec1907065697.dir/build
make[1]: Вход в каталог `/home/veret/Projects/NSConsole/nc-ui-prototype/Axis2/jansson-2.7/CMakeFiles/CMakeTmp'
/usr/bin/cmake -E cmake_progress_report /home/veret/Projects/NSConsole/nc-ui-prototype/Axis2/jansson-2.7/CMakeFiles/CMakeTmp/CMakeFiles 1
Building C object CMakeFiles/cmTryCompileExec1907065697.dir/CheckIncludeFiles.c.o
/usr/bin/cc    -o CMakeFiles/cmTryCompileExec1907065697.dir/CheckIncludeFiles.c.o   -c /home/veret/Projects/NSConsole/nc-ui-prototype/Axis2/jansson-2.7/CMakeFiles/CMakeTmp/CheckIncludeFiles.c
Linking C executable cmTryCompileExec1907065697
/usr/bin/cmake -E cmake_link_script CMakeFiles/cmTryCompileExec1907065697.dir/link.txt --verbose=1
/usr/bin/cc       CMakeFiles/cmTryCompileExec1907065697.dir/CheckIncludeFiles.c.o  -o cmTryCompileExec1907065697 -rdynamic 
make[1]: Выход из каталога `/home/veret/Projects/NSConsole/nc-ui-prototype/Axis2/jansson-2.7/CMakeFiles/CMakeTmp'


Determining if files fcntl.h exist passed with the following output:
Change Dir: /home/veret/Projects/NSConsole/nc-ui-prototype/Axis2/jansson-2.7/CMakeFiles/CMakeTmp

Run Build Command:/usr/bin/make "cmTryCompileExec632527423/fast"
/usr/bin/make -f CMakeFiles/cmTryCompileExec632527423.dir/build.make CMakeFiles/cmTryCompileExec632527423.dir/build
make[1]: Вход в каталог `/home/veret/Projects/NSConsole/nc-ui-prototype/Axis2/jansson-2.7/CMakeFiles/CMakeTmp'
/usr/bin/cmake -E cmake_progress_report /home/veret/Projects/NSConsole/nc-ui-prototype/Axis2/jansson-2.7/CMakeFiles/CMakeTmp/CMakeFiles 1
Building C object CMakeFiles/cmTryCompileExec632527423.dir/CheckIncludeFiles.c.o
/usr/bin/cc    -o CMakeFiles/cmTryCompileExec632527423.dir/CheckIncludeFiles.c.o   -c /home/veret/Projects/NSConsole/nc-ui-prototype/Axis2/jansson-2.7/CMakeFiles/CMakeTmp/CheckIncludeFiles.c
Linking C executable cmTryCompileExec632527423
/usr/bin/cmake -E cmake_link_script CMakeFiles/cmTryCompileExec632527423.dir/link.txt --verbose=1
/usr/bin/cc       CMakeFiles/cmTryCompileExec632527423.dir/CheckIncludeFiles.c.o  -o cmTryCompileExec632527423 -rdynamic 
make[1]: Выход из каталога `/home/veret/Projects/NSConsole/nc-ui-prototype/Axis2/jansson-2.7/CMakeFiles/CMakeTmp'


Determining if files sched.h exist passed with the following output:
Change Dir: /home/veret/Projects/NSConsole/nc-ui-prototype/Axis2/jansson-2.7/CMakeFiles/CMakeTmp

Run Build Command:/usr/bin/make "cmTryCompileExec1456127366/fast"
/usr/bin/make -f CMakeFiles/cmTryCompileExec1456127366.dir/build.make CMakeFiles/cmTryCompileExec1456127366.dir/build
make[1]: Вход в каталог `/home/veret/Projects/NSConsole/nc-ui-prototype/Axis2/jansson-2.7/CMakeFiles/CMakeTmp'
/usr/bin/cmake -E cmake_progress_report /home/veret/Projects/NSConsole/nc-ui-prototype/Axis2/jansson-2.7/CMakeFiles/CMakeTmp/CMakeFiles 1
Building C object CMakeFiles/cmTryCompileExec1456127366.dir/CheckIncludeFiles.c.o
/usr/bin/cc    -o CMakeFiles/cmTryCompileExec1456127366.dir/CheckIncludeFiles.c.o   -c /home/veret/Projects/NSConsole/nc-ui-prototype/Axis2/jansson-2.7/CMakeFiles/CMakeTmp/CheckIncludeFiles.c
Linking C executable cmTryCompileExec1456127366
/usr/bin/cmake -E cmake_link_script CMakeFiles/cmTryCompileExec1456127366.dir/link.txt --verbose=1
/usr/bin/cc       CMakeFiles/cmTryCompileExec1456127366.dir/CheckIncludeFiles.c.o  -o cmTryCompileExec1456127366 -rdynamic 
make[1]: Выход из каталога `/home/veret/Projects/NSConsole/nc-ui-prototype/Axis2/jansson-2.7/CMakeFiles/CMakeTmp'


Determining if files unistd.h exist passed with the following output:
Change Dir: /home/veret/Projects/NSConsole/nc-ui-prototype/Axis2/jansson-2.7/CMakeFiles/CMakeTmp

Run Build Command:/usr/bin/make "cmTryCompileExec382029118/fast"
/usr/bin/make -f CMakeFiles/cmTryCompileExec382029118.dir/build.make CMakeFiles/cmTryCompileExec382029118.dir/build
make[1]: Вход в каталог `/home/veret/Projects/NSConsole/nc-ui-prototype/Axis2/jansson-2.7/CMakeFiles/CMakeTmp'
/usr/bin/cmake -E cmake_progress_report /home/veret/Projects/NSConsole/nc-ui-prototype/Axis2/jansson-2.7/CMakeFiles/CMakeTmp/CMakeFiles 1
Building C object CMakeFiles/cmTryCompileExec382029118.dir/CheckIncludeFiles.c.o
/usr/bin/cc    -o CMakeFiles/cmTryCompileExec382029118.dir/CheckIncludeFiles.c.o   -c /home/veret/Projects/NSConsole/nc-ui-prototype/Axis2/jansson-2.7/CMakeFiles/CMakeTmp/CheckIncludeFiles.c
Linking C executable cmTryCompileExec382029118
/usr/bin/cmake -E cmake_link_script CMakeFiles/cmTryCompileExec382029118.dir/link.txt --verbose=1
/usr/bin/cc       CMakeFiles/cmTryCompileExec382029118.dir/CheckIncludeFiles.c.o  -o cmTryCompileExec382029118 -rdynamic 
make[1]: Выход из каталога `/home/veret/Projects/NSConsole/nc-ui-prototype/Axis2/jansson-2.7/CMakeFiles/CMakeTmp'


Determining if files sys/param.h exist passed with the following output:
Change Dir: /home/veret/Projects/NSConsole/nc-ui-prototype/Axis2/jansson-2.7/CMakeFiles/CMakeTmp

Run Build Command:/usr/bin/make "cmTryCompileExec549664514/fast"
/usr/bin/make -f CMakeFiles/cmTryCompileExec549664514.dir/build.make CMakeFiles/cmTryCompileExec549664514.dir/build
make[1]: Вход в каталог `/home/veret/Projects/NSConsole/nc-ui-prototype/Axis2/jansson-2.7/CMakeFiles/CMakeTmp'
/usr/bin/cmake -E cmake_progress_report /home/veret/Projects/NSConsole/nc-ui-prototype/Axis2/jansson-2.7/CMakeFiles/CMakeTmp/CMakeFiles 1
Building C object CMakeFiles/cmTryCompileExec549664514.dir/CheckIncludeFiles.c.o
/usr/bin/cc    -o CMakeFiles/cmTryCompileExec549664514.dir/CheckIncludeFiles.c.o   -c /home/veret/Projects/NSConsole/nc-ui-prototype/Axis2/jansson-2.7/CMakeFiles/CMakeTmp/CheckIncludeFiles.c
Linking C executable cmTryCompileExec549664514
/usr/bin/cmake -E cmake_link_script CMakeFiles/cmTryCompileExec549664514.dir/link.txt --verbose=1
/usr/bin/cc       CMakeFiles/cmTryCompileExec549664514.dir/CheckIncludeFiles.c.o  -o cmTryCompileExec549664514 -rdynamic 
make[1]: Выход из каталога `/home/veret/Projects/NSConsole/nc-ui-prototype/Axis2/jansson-2.7/CMakeFiles/CMakeTmp'


Determining if files sys/stat.h exist passed with the following output:
Change Dir: /home/veret/Projects/NSConsole/nc-ui-prototype/Axis2/jansson-2.7/CMakeFiles/CMakeTmp

Run Build Command:/usr/bin/make "cmTryCompileExec3555381997/fast"
/usr/bin/make -f CMakeFiles/cmTryCompileExec3555381997.dir/build.make CMakeFiles/cmTryCompileExec3555381997.dir/build
make[1]: Вход в каталог `/home/veret/Projects/NSConsole/nc-ui-prototype/Axis2/jansson-2.7/CMakeFiles/CMakeTmp'
/usr/bin/cmake -E cmake_progress_report /home/veret/Projects/NSConsole/nc-ui-prototype/Axis2/jansson-2.7/CMakeFiles/CMakeTmp/CMakeFiles 1
Building C object CMakeFiles/cmTryCompileExec3555381997.dir/CheckIncludeFiles.c.o
/usr/bin/cc    -o CMakeFiles/cmTryCompileExec3555381997.dir/CheckIncludeFiles.c.o   -c /home/veret/Projects/NSConsole/nc-ui-prototype/Axis2/jansson-2.7/CMakeFiles/CMakeTmp/CheckIncludeFiles.c
Linking C executable cmTryCompileExec3555381997
/usr/bin/cmake -E cmake_link_script CMakeFiles/cmTryCompileExec3555381997.dir/link.txt --verbose=1
/usr/bin/cc       CMakeFiles/cmTryCompileExec3555381997.dir/CheckIncludeFiles.c.o  -o cmTryCompileExec3555381997 -rdynamic 
make[1]: Выход из каталога `/home/veret/Projects/NSConsole/nc-ui-prototype/Axis2/jansson-2.7/CMakeFiles/CMakeTmp'


Determining if files sys/time.h exist passed with the following output:
Change Dir: /home/veret/Projects/NSConsole/nc-ui-prototype/Axis2/jansson-2.7/CMakeFiles/CMakeTmp

Run Build Command:/usr/bin/make "cmTryCompileExec2087893703/fast"
/usr/bin/make -f CMakeFiles/cmTryCompileExec2087893703.dir/build.make CMakeFiles/cmTryCompileExec2087893703.dir/build
make[1]: Вход в каталог `/home/veret/Projects/NSConsole/nc-ui-prototype/Axis2/jansson-2.7/CMakeFiles/CMakeTmp'
/usr/bin/cmake -E cmake_progress_report /home/veret/Projects/NSConsole/nc-ui-prototype/Axis2/jansson-2.7/CMakeFiles/CMakeTmp/CMakeFiles 1
Building C object CMakeFiles/cmTryCompileExec2087893703.dir/CheckIncludeFiles.c.o
/usr/bin/cc    -o CMakeFiles/cmTryCompileExec2087893703.dir/CheckIncludeFiles.c.o   -c /home/veret/Projects/NSConsole/nc-ui-prototype/Axis2/jansson-2.7/CMakeFiles/CMakeTmp/CheckIncludeFiles.c
Linking C executable cmTryCompileExec2087893703
/usr/bin/cmake -E cmake_link_script CMakeFiles/cmTryCompileExec2087893703.dir/link.txt --verbose=1
/usr/bin/cc       CMakeFiles/cmTryCompileExec2087893703.dir/CheckIncludeFiles.c.o  -o cmTryCompileExec2087893703 -rdynamic 
make[1]: Выход из каталога `/home/veret/Projects/NSConsole/nc-ui-prototype/Axis2/jansson-2.7/CMakeFiles/CMakeTmp'


Determining if files sys/time.h exist passed with the following output:
Change Dir: /home/veret/Projects/NSConsole/nc-ui-prototype/Axis2/jansson-2.7/CMakeFiles/CMakeTmp

Run Build Command:/usr/bin/make "cmTryCompileExec3262901126/fast"
/usr/bin/make -f CMakeFiles/cmTryCompileExec3262901126.dir/build.make CMakeFiles/cmTryCompileExec3262901126.dir/build
make[1]: Вход в каталог `/home/veret/Projects/NSConsole/nc-ui-prototype/Axis2/jansson-2.7/CMakeFiles/CMakeTmp'
/usr/bin/cmake -E cmake_progress_report /home/veret/Projects/NSConsole/nc-ui-prototype/Axis2/jansson-2.7/CMakeFiles/CMakeTmp/CMakeFiles 1
Building C object CMakeFiles/cmTryCompileExec3262901126.dir/CheckIncludeFiles.c.o
/usr/bin/cc    -o CMakeFiles/cmTryCompileExec3262901126.dir/CheckIncludeFiles.c.o   -c /home/veret/Projects/NSConsole/nc-ui-prototype/Axis2/jansson-2.7/CMakeFiles/CMakeTmp/CheckIncludeFiles.c
Linking C executable cmTryCompileExec3262901126
/usr/bin/cmake -E cmake_link_script CMakeFiles/cmTryCompileExec3262901126.dir/link.txt --verbose=1
/usr/bin/cc       CMakeFiles/cmTryCompileExec3262901126.dir/CheckIncludeFiles.c.o  -o cmTryCompileExec3262901126 -rdynamic 
make[1]: Выход из каталога `/home/veret/Projects/NSConsole/nc-ui-prototype/Axis2/jansson-2.7/CMakeFiles/CMakeTmp'


Determining if the function close exists passed with the following output:
Change Dir: /home/veret/Projects/NSConsole/nc-ui-prototype/Axis2/jansson-2.7/CMakeFiles/CMakeTmp

Run Build Command:/usr/bin/make "cmTryCompileExec2015082620/fast"
/usr/bin/make -f CMakeFiles/cmTryCompileExec2015082620.dir/build.make CMakeFiles/cmTryCompileExec2015082620.dir/build
make[1]: Вход в каталог `/home/veret/Projects/NSConsole/nc-ui-prototype/Axis2/jansson-2.7/CMakeFiles/CMakeTmp'
/usr/bin/cmake -E cmake_progress_report /home/veret/Projects/NSConsole/nc-ui-prototype/Axis2/jansson-2.7/CMakeFiles/CMakeTmp/CMakeFiles 1
Building C object CMakeFiles/cmTryCompileExec2015082620.dir/CheckFunctionExists.c.o
/usr/bin/cc   -DCHECK_FUNCTION_EXISTS=close   -o CMakeFiles/cmTryCompileExec2015082620.dir/CheckFunctionExists.c.o   -c /usr/share/cmake-2.8/Modules/CheckFunctionExists.c
Linking C executable cmTryCompileExec2015082620
/usr/bin/cmake -E cmake_link_script CMakeFiles/cmTryCompileExec2015082620.dir/link.txt --verbose=1
/usr/bin/cc   -DCHECK_FUNCTION_EXISTS=close    CMakeFiles/cmTryCompileExec2015082620.dir/CheckFunctionExists.c.o  -o cmTryCompileExec2015082620 -rdynamic 
make[1]: Выход из каталога `/home/veret/Projects/NSConsole/nc-ui-prototype/Axis2/jansson-2.7/CMakeFiles/CMakeTmp'


Determining if the function getpid exists passed with the following output:
Change Dir: /home/veret/Projects/NSConsole/nc-ui-prototype/Axis2/jansson-2.7/CMakeFiles/CMakeTmp

Run Build Command:/usr/bin/make "cmTryCompileExec2501486182/fast"
/usr/bin/make -f CMakeFiles/cmTryCompileExec2501486182.dir/build.make CMakeFiles/cmTryCompileExec2501486182.dir/build
make[1]: Вход в каталог `/home/veret/Projects/NSConsole/nc-ui-prototype/Axis2/jansson-2.7/CMakeFiles/CMakeTmp'
/usr/bin/cmake -E cmake_progress_report /home/veret/Projects/NSConsole/nc-ui-prototype/Axis2/jansson-2.7/CMakeFiles/CMakeTmp/CMakeFiles 1
Building C object CMakeFiles/cmTryCompileExec2501486182.dir/CheckFunctionExists.c.o
/usr/bin/cc   -DCHECK_FUNCTION_EXISTS=getpid   -o CMakeFiles/cmTryCompileExec2501486182.dir/CheckFunctionExists.c.o   -c /usr/share/cmake-2.8/Modules/CheckFunctionExists.c
Linking C executable cmTryCompileExec2501486182
/usr/bin/cmake -E cmake_link_script CMakeFiles/cmTryCompileExec2501486182.dir/link.txt --verbose=1
/usr/bin/cc   -DCHECK_FUNCTION_EXISTS=getpid    CMakeFiles/cmTryCompileExec2501486182.dir/CheckFunctionExists.c.o  -o cmTryCompileExec2501486182 -rdynamic 
make[1]: Выход из каталога `/home/veret/Projects/NSConsole/nc-ui-prototype/Axis2/jansson-2.7/CMakeFiles/CMakeTmp'


Determining if the function gettimeofday exists passed with the following output:
Change Dir: /home/veret/Projects/NSConsole/nc-ui-prototype/Axis2/jansson-2.7/CMakeFiles/CMakeTmp

Run Build Command:/usr/bin/make "cmTryCompileExec597404963/fast"
/usr/bin/make -f CMakeFiles/cmTryCompileExec597404963.dir/build.make CMakeFiles/cmTryCompileExec597404963.dir/build
make[1]: Вход в каталог `/home/veret/Projects/NSConsole/nc-ui-prototype/Axis2/jansson-2.7/CMakeFiles/CMakeTmp'
/usr/bin/cmake -E cmake_progress_report /home/veret/Projects/NSConsole/nc-ui-prototype/Axis2/jansson-2.7/CMakeFiles/CMakeTmp/CMakeFiles 1
Building C object CMakeFiles/cmTryCompileExec597404963.dir/CheckFunctionExists.c.o
/usr/bin/cc   -DCHECK_FUNCTION_EXISTS=gettimeofday   -o CMakeFiles/cmTryCompileExec597404963.dir/CheckFunctionExists.c.o   -c /usr/share/cmake-2.8/Modules/CheckFunctionExists.c
Linking C executable cmTryCompileExec597404963
/usr/bin/cmake -E cmake_link_script CMakeFiles/cmTryCompileExec597404963.dir/link.txt --verbose=1
/usr/bin/cc   -DCHECK_FUNCTION_EXISTS=gettimeofday    CMakeFiles/cmTryCompileExec597404963.dir/CheckFunctionExists.c.o  -o cmTryCompileExec597404963 -rdynamic 
make[1]: Выход из каталога `/home/veret/Projects/NSConsole/nc-ui-prototype/Axis2/jansson-2.7/CMakeFiles/CMakeTmp'


Determining if the function open exists passed with the following output:
Change Dir: /home/veret/Projects/NSConsole/nc-ui-prototype/Axis2/jansson-2.7/CMakeFiles/CMakeTmp

Run Build Command:/usr/bin/make "cmTryCompileExec957863816/fast"
/usr/bin/make -f CMakeFiles/cmTryCompileExec957863816.dir/build.make CMakeFiles/cmTryCompileExec957863816.dir/build
make[1]: Вход в каталог `/home/veret/Projects/NSConsole/nc-ui-prototype/Axis2/jansson-2.7/CMakeFiles/CMakeTmp'
/usr/bin/cmake -E cmake_progress_report /home/veret/Projects/NSConsole/nc-ui-prototype/Axis2/jansson-2.7/CMakeFiles/CMakeTmp/CMakeFiles 1
Building C object CMakeFiles/cmTryCompileExec957863816.dir/CheckFunctionExists.c.o
/usr/bin/cc   -DCHECK_FUNCTION_EXISTS=open   -o CMakeFiles/cmTryCompileExec957863816.dir/CheckFunctionExists.c.o   -c /usr/share/cmake-2.8/Modules/CheckFunctionExists.c
Linking C executable cmTryCompileExec957863816
/usr/bin/cmake -E cmake_link_script CMakeFiles/cmTryCompileExec957863816.dir/link.txt --verbose=1
/usr/bin/cc   -DCHECK_FUNCTION_EXISTS=open    CMakeFiles/cmTryCompileExec957863816.dir/CheckFunctionExists.c.o  -o cmTryCompileExec957863816 -rdynamic 
make[1]: Выход из каталога `/home/veret/Projects/NSConsole/nc-ui-prototype/Axis2/jansson-2.7/CMakeFiles/CMakeTmp'


Determining if the function read exists passed with the following output:
Change Dir: /home/veret/Projects/NSConsole/nc-ui-prototype/Axis2/jansson-2.7/CMakeFiles/CMakeTmp

Run Build Command:/usr/bin/make "cmTryCompileExec3144291469/fast"
/usr/bin/make -f CMakeFiles/cmTryCompileExec3144291469.dir/build.make CMakeFiles/cmTryCompileExec3144291469.dir/build
make[1]: Вход в каталог `/home/veret/Projects/NSConsole/nc-ui-prototype/Axis2/jansson-2.7/CMakeFiles/CMakeTmp'
/usr/bin/cmake -E cmake_progress_report /home/veret/Projects/NSConsole/nc-ui-prototype/Axis2/jansson-2.7/CMakeFiles/CMakeTmp/CMakeFiles 1
Building C object CMakeFiles/cmTryCompileExec3144291469.dir/CheckFunctionExists.c.o
/usr/bin/cc   -DCHECK_FUNCTION_EXISTS=read   -o CMakeFiles/cmTryCompileExec3144291469.dir/CheckFunctionExists.c.o   -c /usr/share/cmake-2.8/Modules/CheckFunctionExists.c
Linking C executable cmTryCompileExec3144291469
/usr/bin/cmake -E cmake_link_script CMakeFiles/cmTryCompileExec3144291469.dir/link.txt --verbose=1
/usr/bin/cc   -DCHECK_FUNCTION_EXISTS=read    CMakeFiles/cmTryCompileExec3144291469.dir/CheckFunctionExists.c.o  -o cmTryCompileExec3144291469 -rdynamic 
make[1]: Выход из каталога `/home/veret/Projects/NSConsole/nc-ui-prototype/Axis2/jansson-2.7/CMakeFiles/CMakeTmp'


Determining if the function sched_yield exists passed with the following output:
Change Dir: /home/veret/Projects/NSConsole/nc-ui-prototype/Axis2/jansson-2.7/CMakeFiles/CMakeTmp

Run Build Command:/usr/bin/make "cmTryCompileExec3015823601/fast"
/usr/bin/make -f CMakeFiles/cmTryCompileExec3015823601.dir/build.make CMakeFiles/cmTryCompileExec3015823601.dir/build
make[1]: Вход в каталог `/home/veret/Projects/NSConsole/nc-ui-prototype/Axis2/jansson-2.7/CMakeFiles/CMakeTmp'
/usr/bin/cmake -E cmake_progress_report /home/veret/Projects/NSConsole/nc-ui-prototype/Axis2/jansson-2.7/CMakeFiles/CMakeTmp/CMakeFiles 1
Building C object CMakeFiles/cmTryCompileExec3015823601.dir/CheckFunctionExists.c.o
/usr/bin/cc   -DCHECK_FUNCTION_EXISTS=sched_yield   -o CMakeFiles/cmTryCompileExec3015823601.dir/CheckFunctionExists.c.o   -c /usr/share/cmake-2.8/Modules/CheckFunctionExists.c
Linking C executable cmTryCompileExec3015823601
/usr/bin/cmake -E cmake_link_script CMakeFiles/cmTryCompileExec3015823601.dir/link.txt --verbose=1
/usr/bin/cc   -DCHECK_FUNCTION_EXISTS=sched_yield    CMakeFiles/cmTryCompileExec3015823601.dir/CheckFunctionExists.c.o  -o cmTryCompileExec3015823601 -rdynamic 
make[1]: Выход из каталога `/home/veret/Projects/NSConsole/nc-ui-prototype/Axis2/jansson-2.7/CMakeFiles/CMakeTmp'


Determining if files stdint.h exist passed with the following output:
Change Dir: /home/veret/Projects/NSConsole/nc-ui-prototype/Axis2/jansson-2.7/CMakeFiles/CMakeTmp

Run Build Command:/usr/bin/make "cmTryCompileExec3640156419/fast"
/usr/bin/make -f CMakeFiles/cmTryCompileExec3640156419.dir/build.make CMakeFiles/cmTryCompileExec3640156419.dir/build
make[1]: Вход в каталог `/home/veret/Projects/NSConsole/nc-ui-prototype/Axis2/jansson-2.7/CMakeFiles/CMakeTmp'
/usr/bin/cmake -E cmake_progress_report /home/veret/Projects/NSConsole/nc-ui-prototype/Axis2/jansson-2.7/CMakeFiles/CMakeTmp/CMakeFiles 1
Building C object CMakeFiles/cmTryCompileExec3640156419.dir/CheckIncludeFiles.c.o
/usr/bin/cc    -o CMakeFiles/cmTryCompileExec3640156419.dir/CheckIncludeFiles.c.o   -c /home/veret/Projects/NSConsole/nc-ui-prototype/Axis2/jansson-2.7/CMakeFiles/CMakeTmp/CheckIncludeFiles.c
Linking C executable cmTryCompileExec3640156419
/usr/bin/cmake -E cmake_link_script CMakeFiles/cmTryCompileExec3640156419.dir/link.txt --verbose=1
/usr/bin/cc       CMakeFiles/cmTryCompileExec3640156419.dir/CheckIncludeFiles.c.o  -o cmTryCompileExec3640156419 -rdynamic 
make[1]: Выход из каталога `/home/veret/Projects/NSConsole/nc-ui-prototype/Axis2/jansson-2.7/CMakeFiles/CMakeTmp'


Determining if the include file stddef.h exists passed with the following output:
Change Dir: /home/veret/Projects/NSConsole/nc-ui-prototype/Axis2/jansson-2.7/CMakeFiles/CMakeTmp

Run Build Command:/usr/bin/make "cmTryCompileExec512410063/fast"
/usr/bin/make -f CMakeFiles/cmTryCompileExec512410063.dir/build.make CMakeFiles/cmTryCompileExec512410063.dir/build
make[1]: Вход в каталог `/home/veret/Projects/NSConsole/nc-ui-prototype/Axis2/jansson-2.7/CMakeFiles/CMakeTmp'
/usr/bin/cmake -E cmake_progress_report /home/veret/Projects/NSConsole/nc-ui-prototype/Axis2/jansson-2.7/CMakeFiles/CMakeTmp/CMakeFiles 1
Building C object CMakeFiles/cmTryCompileExec512410063.dir/CheckIncludeFile.c.o
/usr/bin/cc    -o CMakeFiles/cmTryCompileExec512410063.dir/CheckIncludeFile.c.o   -c /home/veret/Projects/NSConsole/nc-ui-prototype/Axis2/jansson-2.7/CMakeFiles/CMakeTmp/CheckIncludeFile.c
Linking C executable cmTryCompileExec512410063
/usr/bin/cmake -E cmake_link_script CMakeFiles/cmTryCompileExec512410063.dir/link.txt --verbose=1
/usr/bin/cc       CMakeFiles/cmTryCompileExec512410063.dir/CheckIncludeFile.c.o  -o cmTryCompileExec512410063 -rdynamic 
make[1]: Выход из каталога `/home/veret/Projects/NSConsole/nc-ui-prototype/Axis2/jansson-2.7/CMakeFiles/CMakeTmp'


Determining size of int64_t passed with the following output:
Change Dir: /home/veret/Projects/NSConsole/nc-ui-prototype/Axis2/jansson-2.7/CMakeFiles/CMakeTmp

Run Build Command:/usr/bin/make "cmTryCompileExec1058305460/fast"
/usr/bin/make -f CMakeFiles/cmTryCompileExec1058305460.dir/build.make CMakeFiles/cmTryCompileExec1058305460.dir/build
make[1]: Вход в каталог `/home/veret/Projects/NSConsole/nc-ui-prototype/Axis2/jansson-2.7/CMakeFiles/CMakeTmp'
/usr/bin/cmake -E cmake_progress_report /home/veret/Projects/NSConsole/nc-ui-prototype/Axis2/jansson-2.7/CMakeFiles/CMakeTmp/CMakeFiles 1
Building C object CMakeFiles/cmTryCompileExec1058305460.dir/INT64_T.c.o
/usr/bin/cc    -o CMakeFiles/cmTryCompileExec1058305460.dir/INT64_T.c.o   -c /home/veret/Projects/NSConsole/nc-ui-prototype/Axis2/jansson-2.7/CMakeFiles/CheckTypeSize/INT64_T.c
Linking C executable cmTryCompileExec1058305460
/usr/bin/cmake -E cmake_link_script CMakeFiles/cmTryCompileExec1058305460.dir/link.txt --verbose=1
/usr/bin/cc       CMakeFiles/cmTryCompileExec1058305460.dir/INT64_T.c.o  -o cmTryCompileExec1058305460 -rdynamic 
make[1]: Выход из каталога `/home/veret/Projects/NSConsole/nc-ui-prototype/Axis2/jansson-2.7/CMakeFiles/CMakeTmp'


Determining size of long long passed with the following output:
Change Dir: /home/veret/Projects/NSConsole/nc-ui-prototype/Axis2/jansson-2.7/CMakeFiles/CMakeTmp

Run Build Command:/usr/bin/make "cmTryCompileExec618892636/fast"
/usr/bin/make -f CMakeFiles/cmTryCompileExec618892636.dir/build.make CMakeFiles/cmTryCompileExec618892636.dir/build
make[1]: Вход в каталог `/home/veret/Projects/NSConsole/nc-ui-prototype/Axis2/jansson-2.7/CMakeFiles/CMakeTmp'
/usr/bin/cmake -E cmake_progress_report /home/veret/Projects/NSConsole/nc-ui-prototype/Axis2/jansson-2.7/CMakeFiles/CMakeTmp/CMakeFiles 1
Building C object CMakeFiles/cmTryCompileExec618892636.dir/LONG_LONG_INT.c.o
/usr/bin/cc    -o CMakeFiles/cmTryCompileExec618892636.dir/LONG_LONG_INT.c.o   -c /home/veret/Projects/NSConsole/nc-ui-prototype/Axis2/jansson-2.7/CMakeFiles/CheckTypeSize/LONG_LONG_INT.c
Linking C executable cmTryCompileExec618892636
/usr/bin/cmake -E cmake_link_script CMakeFiles/cmTryCompileExec618892636.dir/link.txt --verbose=1
/usr/bin/cc       CMakeFiles/cmTryCompileExec618892636.dir/LONG_LONG_INT.c.o  -o cmTryCompileExec618892636 -rdynamic 
make[1]: Выход из каталога `/home/veret/Projects/NSConsole/nc-ui-prototype/Axis2/jansson-2.7/CMakeFiles/CMakeTmp'


Determining size of int32_t passed with the following output:
Change Dir: /home/veret/Projects/NSConsole/nc-ui-prototype/Axis2/jansson-2.7/CMakeFiles/CMakeTmp

Run Build Command:/usr/bin/make "cmTryCompileExec3417560420/fast"
/usr/bin/make -f CMakeFiles/cmTryCompileExec3417560420.dir/build.make CMakeFiles/cmTryCompileExec3417560420.dir/build
make[1]: Вход в каталог `/home/veret/Projects/NSConsole/nc-ui-prototype/Axis2/jansson-2.7/CMakeFiles/CMakeTmp'
/usr/bin/cmake -E cmake_progress_report /home/veret/Projects/NSConsole/nc-ui-prototype/Axis2/jansson-2.7/CMakeFiles/CMakeTmp/CMakeFiles 1
Building C object CMakeFiles/cmTryCompileExec3417560420.dir/INT32_T.c.o
/usr/bin/cc    -o CMakeFiles/cmTryCompileExec3417560420.dir/INT32_T.c.o   -c /home/veret/Projects/NSConsole/nc-ui-prototype/Axis2/jansson-2.7/CMakeFiles/CheckTypeSize/INT32_T.c
Linking C executable cmTryCompileExec3417560420
/usr/bin/cmake -E cmake_link_script CMakeFiles/cmTryCompileExec3417560420.dir/link.txt --verbose=1
/usr/bin/cc       CMakeFiles/cmTryCompileExec3417560420.dir/INT32_T.c.o  -o cmTryCompileExec3417560420 -rdynamic 
make[1]: Выход из каталога `/home/veret/Projects/NSConsole/nc-ui-prototype/Axis2/jansson-2.7/CMakeFiles/CMakeTmp'


Determining size of long passed with the following output:
Change Dir: /home/veret/Projects/NSConsole/nc-ui-prototype/Axis2/jansson-2.7/CMakeFiles/CMakeTmp

Run Build Command:/usr/bin/make "cmTryCompileExec3048538664/fast"
/usr/bin/make -f CMakeFiles/cmTryCompileExec3048538664.dir/build.make CMakeFiles/cmTryCompileExec3048538664.dir/build
make[1]: Вход в каталог `/home/veret/Projects/NSConsole/nc-ui-prototype/Axis2/jansson-2.7/CMakeFiles/CMakeTmp'
/usr/bin/cmake -E cmake_progress_report /home/veret/Projects/NSConsole/nc-ui-prototype/Axis2/jansson-2.7/CMakeFiles/CMakeTmp/CMakeFiles 1
Building C object CMakeFiles/cmTryCompileExec3048538664.dir/LONG_INT.c.o
/usr/bin/cc    -o CMakeFiles/cmTryCompileExec3048538664.dir/LONG_INT.c.o   -c /home/veret/Projects/NSConsole/nc-ui-prototype/Axis2/jansson-2.7/CMakeFiles/CheckTypeSize/LONG_INT.c
Linking C executable cmTryCompileExec3048538664
/usr/bin/cmake -E cmake_link_script CMakeFiles/cmTryCompileExec3048538664.dir/link.txt --verbose=1
/usr/bin/cc       CMakeFiles/cmTryCompileExec3048538664.dir/LONG_INT.c.o  -o cmTryCompileExec3048538664 -rdynamic 
make[1]: Выход из каталога `/home/veret/Projects/NSConsole/nc-ui-prototype/Axis2/jansson-2.7/CMakeFiles/CMakeTmp'


Determining size of int passed with the following output:
Change Dir: /home/veret/Projects/NSConsole/nc-ui-prototype/Axis2/jansson-2.7/CMakeFiles/CMakeTmp

Run Build Command:/usr/bin/make "cmTryCompileExec531898037/fast"
/usr/bin/make -f CMakeFiles/cmTryCompileExec531898037.dir/build.make CMakeFiles/cmTryCompileExec531898037.dir/build
make[1]: Вход в каталог `/home/veret/Projects/NSConsole/nc-ui-prototype/Axis2/jansson-2.7/CMakeFiles/CMakeTmp'
/usr/bin/cmake -E cmake_progress_report /home/veret/Projects/NSConsole/nc-ui-prototype/Axis2/jansson-2.7/CMakeFiles/CMakeTmp/CMakeFiles 1
Building C object CMakeFiles/cmTryCompileExec531898037.dir/INT.c.o
/usr/bin/cc    -o CMakeFiles/cmTryCompileExec531898037.dir/INT.c.o   -c /home/veret/Projects/NSConsole/nc-ui-prototype/Axis2/jansson-2.7/CMakeFiles/CheckTypeSize/INT.c
Linking C executable cmTryCompileExec531898037
/usr/bin/cmake -E cmake_link_script CMakeFiles/cmTryCompileExec531898037.dir/link.txt --verbose=1
/usr/bin/cc       CMakeFiles/cmTryCompileExec531898037.dir/INT.c.o  -o cmTryCompileExec531898037 -rdynamic 
make[1]: Выход из каталога `/home/veret/Projects/NSConsole/nc-ui-prototype/Axis2/jansson-2.7/CMakeFiles/CMakeTmp'


Determining size of unsigned long passed with the following output:
Change Dir: /home/veret/Projects/NSConsole/nc-ui-prototype/Axis2/jansson-2.7/CMakeFiles/CMakeTmp

Run Build Command:/usr/bin/make "cmTryCompileExec4012273796/fast"
/usr/bin/make -f CMakeFiles/cmTryCompileExec4012273796.dir/build.make CMakeFiles/cmTryCompileExec4012273796.dir/build
make[1]: Вход в каталог `/home/veret/Projects/NSConsole/nc-ui-prototype/Axis2/jansson-2.7/CMakeFiles/CMakeTmp'
/usr/bin/cmake -E cmake_progress_report /home/veret/Projects/NSConsole/nc-ui-prototype/Axis2/jansson-2.7/CMakeFiles/CMakeTmp/CMakeFiles 1
Building C object CMakeFiles/cmTryCompileExec4012273796.dir/UNSIGNED_LONG_INT.c.o
/usr/bin/cc    -o CMakeFiles/cmTryCompileExec4012273796.dir/UNSIGNED_LONG_INT.c.o   -c /home/veret/Projects/NSConsole/nc-ui-prototype/Axis2/jansson-2.7/CMakeFiles/CheckTypeSize/UNSIGNED_LONG_INT.c
Linking C executable cmTryCompileExec4012273796
/usr/bin/cmake -E cmake_link_script CMakeFiles/cmTryCompileExec4012273796.dir/link.txt --verbose=1
/usr/bin/cc       CMakeFiles/cmTryCompileExec4012273796.dir/UNSIGNED_LONG_INT.c.o  -o cmTryCompileExec4012273796 -rdynamic 
make[1]: Выход из каталога `/home/veret/Projects/NSConsole/nc-ui-prototype/Axis2/jansson-2.7/CMakeFiles/CMakeTmp'


Determining size of unsigned int passed with the following output:
Change Dir: /home/veret/Projects/NSConsole/nc-ui-prototype/Axis2/jansson-2.7/CMakeFiles/CMakeTmp

Run Build Command:/usr/bin/make "cmTryCompileExec2485541225/fast"
/usr/bin/make -f CMakeFiles/cmTryCompileExec2485541225.dir/build.make CMakeFiles/cmTryCompileExec2485541225.dir/build
make[1]: Вход в каталог `/home/veret/Projects/NSConsole/nc-ui-prototype/Axis2/jansson-2.7/CMakeFiles/CMakeTmp'
/usr/bin/cmake -E cmake_progress_report /home/veret/Projects/NSConsole/nc-ui-prototype/Axis2/jansson-2.7/CMakeFiles/CMakeTmp/CMakeFiles 1
Building C object CMakeFiles/cmTryCompileExec2485541225.dir/UNSIGNED_INT.c.o
/usr/bin/cc    -o CMakeFiles/cmTryCompileExec2485541225.dir/UNSIGNED_INT.c.o   -c /home/veret/Projects/NSConsole/nc-ui-prototype/Axis2/jansson-2.7/CMakeFiles/CheckTypeSize/UNSIGNED_INT.c
Linking C executable cmTryCompileExec2485541225
/usr/bin/cmake -E cmake_link_script CMakeFiles/cmTryCompileExec2485541225.dir/link.txt --verbose=1
/usr/bin/cc       CMakeFiles/cmTryCompileExec2485541225.dir/UNSIGNED_INT.c.o  -o cmTryCompileExec2485541225 -rdynamic 
make[1]: Выход из каталога `/home/veret/Projects/NSConsole/nc-ui-prototype/Axis2/jansson-2.7/CMakeFiles/CMakeTmp'


Determining size of unsigned short passed with the following output:
Change Dir: /home/veret/Projects/NSConsole/nc-ui-prototype/Axis2/jansson-2.7/CMakeFiles/CMakeTmp

Run Build Command:/usr/bin/make "cmTryCompileExec3262150254/fast"
/usr/bin/make -f CMakeFiles/cmTryCompileExec3262150254.dir/build.make CMakeFiles/cmTryCompileExec3262150254.dir/build
make[1]: Вход в каталог `/home/veret/Projects/NSConsole/nc-ui-prototype/Axis2/jansson-2.7/CMakeFiles/CMakeTmp'
/usr/bin/cmake -E cmake_progress_report /home/veret/Projects/NSConsole/nc-ui-prototype/Axis2/jansson-2.7/CMakeFiles/CMakeTmp/CMakeFiles 1
Building C object CMakeFiles/cmTryCompileExec3262150254.dir/UNSIGNED_SHORT.c.o
/usr/bin/cc    -o CMakeFiles/cmTryCompileExec3262150254.dir/UNSIGNED_SHORT.c.o   -c /home/veret/Projects/NSConsole/nc-ui-prototype/Axis2/jansson-2.7/CMakeFiles/CheckTypeSize/UNSIGNED_SHORT.c
Linking C executable cmTryCompileExec3262150254
/usr/bin/cmake -E cmake_link_script CMakeFiles/cmTryCompileExec3262150254.dir/link.txt --verbose=1
/usr/bin/cc       CMakeFiles/cmTryCompileExec3262150254.dir/UNSIGNED_SHORT.c.o  -o cmTryCompileExec3262150254 -rdynamic 
make[1]: Выход из каталога `/home/veret/Projects/NSConsole/nc-ui-prototype/Axis2/jansson-2.7/CMakeFiles/CMakeTmp'


Determining size of uint32_t passed with the following output:
Change Dir: /home/veret/Projects/NSConsole/nc-ui-prototype/Axis2/jansson-2.7/CMakeFiles/CMakeTmp

Run Build Command:/usr/bin/make "cmTryCompileExec3706289545/fast"
/usr/bin/make -f CMakeFiles/cmTryCompileExec3706289545.dir/build.make CMakeFiles/cmTryCompileExec3706289545.dir/build
make[1]: Вход в каталог `/home/veret/Projects/NSConsole/nc-ui-prototype/Axis2/jansson-2.7/CMakeFiles/CMakeTmp'
/usr/bin/cmake -E cmake_progress_report /home/veret/Projects/NSConsole/nc-ui-prototype/Axis2/jansson-2.7/CMakeFiles/CMakeTmp/CMakeFiles 1
Building C object CMakeFiles/cmTryCompileExec3706289545.dir/UINT32_T.c.o
/usr/bin/cc    -o CMakeFiles/cmTryCompileExec3706289545.dir/UINT32_T.c.o   -c /home/veret/Projects/NSConsole/nc-ui-prototype/Axis2/jansson-2.7/CMakeFiles/CheckTypeSize/UINT32_T.c
Linking C executable cmTryCompileExec3706289545
/usr/bin/cmake -E cmake_link_script CMakeFiles/cmTryCompileExec3706289545.dir/link.txt --verbose=1
/usr/bin/cc       CMakeFiles/cmTryCompileExec3706289545.dir/UINT32_T.c.o  -o cmTryCompileExec3706289545 -rdynamic 
make[1]: Выход из каталога `/home/veret/Projects/NSConsole/nc-ui-prototype/Axis2/jansson-2.7/CMakeFiles/CMakeTmp'


Determining size of uint16_t passed with the following output:
Change Dir: /home/veret/Projects/NSConsole/nc-ui-prototype/Axis2/jansson-2.7/CMakeFiles/CMakeTmp

Run Build Command:/usr/bin/make "cmTryCompileExec2474844794/fast"
/usr/bin/make -f CMakeFiles/cmTryCompileExec2474844794.dir/build.make CMakeFiles/cmTryCompileExec2474844794.dir/build
make[1]: Вход в каталог `/home/veret/Projects/NSConsole/nc-ui-prototype/Axis2/jansson-2.7/CMakeFiles/CMakeTmp'
/usr/bin/cmake -E cmake_progress_report /home/veret/Projects/NSConsole/nc-ui-prototype/Axis2/jansson-2.7/CMakeFiles/CMakeTmp/CMakeFiles 1
Building C object CMakeFiles/cmTryCompileExec2474844794.dir/UINT16_T.c.o
/usr/bin/cc    -o CMakeFiles/cmTryCompileExec2474844794.dir/UINT16_T.c.o   -c /home/veret/Projects/NSConsole/nc-ui-prototype/Axis2/jansson-2.7/CMakeFiles/CheckTypeSize/UINT16_T.c
Linking C executable cmTryCompileExec2474844794
/usr/bin/cmake -E cmake_link_script CMakeFiles/cmTryCompileExec2474844794.dir/link.txt --verbose=1
/usr/bin/cc       CMakeFiles/cmTryCompileExec2474844794.dir/UINT16_T.c.o  -o cmTryCompileExec2474844794 -rdynamic 
make[1]: Выход из каталога `/home/veret/Projects/NSConsole/nc-ui-prototype/Axis2/jansson-2.7/CMakeFiles/CMakeTmp'


Determining size of uint8_t passed with the following output:
Change Dir: /home/veret/Projects/NSConsole/nc-ui-prototype/Axis2/jansson-2.7/CMakeFiles/CMakeTmp

Run Build Command:/usr/bin/make "cmTryCompileExec2757936894/fast"
/usr/bin/make -f CMakeFiles/cmTryCompileExec2757936894.dir/build.make CMakeFiles/cmTryCompileExec2757936894.dir/build
make[1]: Вход в каталог `/home/veret/Projects/NSConsole/nc-ui-prototype/Axis2/jansson-2.7/CMakeFiles/CMakeTmp'
/usr/bin/cmake -E cmake_progress_report /home/veret/Projects/NSConsole/nc-ui-prototype/Axis2/jansson-2.7/CMakeFiles/CMakeTmp/CMakeFiles 1
Building C object CMakeFiles/cmTryCompileExec2757936894.dir/UINT8_T.c.o
/usr/bin/cc    -o CMakeFiles/cmTryCompileExec2757936894.dir/UINT8_T.c.o   -c /home/veret/Projects/NSConsole/nc-ui-prototype/Axis2/jansson-2.7/CMakeFiles/CheckTypeSize/UINT8_T.c
Linking C executable cmTryCompileExec2757936894
/usr/bin/cmake -E cmake_link_script CMakeFiles/cmTryCompileExec2757936894.dir/link.txt --verbose=1
/usr/bin/cc       CMakeFiles/cmTryCompileExec2757936894.dir/UINT8_T.c.o  -o cmTryCompileExec2757936894 -rdynamic 
make[1]: Выход из каталога `/home/veret/Projects/NSConsole/nc-ui-prototype/Axis2/jansson-2.7/CMakeFiles/CMakeTmp'


Determining size of ssize_t passed with the following output:
Change Dir: /home/veret/Projects/NSConsole/nc-ui-prototype/Axis2/jansson-2.7/CMakeFiles/CMakeTmp

Run Build Command:/usr/bin/make "cmTryCompileExec3706660318/fast"
/usr/bin/make -f CMakeFiles/cmTryCompileExec3706660318.dir/build.make CMakeFiles/cmTryCompileExec3706660318.dir/build
make[1]: Вход в каталог `/home/veret/Projects/NSConsole/nc-ui-prototype/Axis2/jansson-2.7/CMakeFiles/CMakeTmp'
/usr/bin/cmake -E cmake_progress_report /home/veret/Projects/NSConsole/nc-ui-prototype/Axis2/jansson-2.7/CMakeFiles/CMakeTmp/CMakeFiles 1
Building C object CMakeFiles/cmTryCompileExec3706660318.dir/SSIZE_T.c.o
/usr/bin/cc    -o CMakeFiles/cmTryCompileExec3706660318.dir/SSIZE_T.c.o   -c /home/veret/Projects/NSConsole/nc-ui-prototype/Axis2/jansson-2.7/CMakeFiles/CheckTypeSize/SSIZE_T.c
Linking C executable cmTryCompileExec3706660318
/usr/bin/cmake -E cmake_link_script CMakeFiles/cmTryCompileExec3706660318.dir/link.txt --verbose=1
/usr/bin/cc       CMakeFiles/cmTryCompileExec3706660318.dir/SSIZE_T.c.o  -o cmTryCompileExec3706660318 -rdynamic 
make[1]: Выход из каталога `/home/veret/Projects/NSConsole/nc-ui-prototype/Axis2/jansson-2.7/CMakeFiles/CMakeTmp'


Determining if the function strtoll exists passed with the following output:
Change Dir: /home/veret/Projects/NSConsole/nc-ui-prototype/Axis2/jansson-2.7/CMakeFiles/CMakeTmp

Run Build Command:/usr/bin/make "cmTryCompileExec3160144109/fast"
/usr/bin/make -f CMakeFiles/cmTryCompileExec3160144109.dir/build.make CMakeFiles/cmTryCompileExec3160144109.dir/build
make[1]: Вход в каталог `/home/veret/Projects/NSConsole/nc-ui-prototype/Axis2/jansson-2.7/CMakeFiles/CMakeTmp'
/usr/bin/cmake -E cmake_progress_report /home/veret/Projects/NSConsole/nc-ui-prototype/Axis2/jansson-2.7/CMakeFiles/CMakeTmp/CMakeFiles 1
Building C object CMakeFiles/cmTryCompileExec3160144109.dir/CheckFunctionExists.c.o
/usr/bin/cc   -DCHECK_FUNCTION_EXISTS=strtoll   -o CMakeFiles/cmTryCompileExec3160144109.dir/CheckFunctionExists.c.o   -c /usr/share/cmake-2.8/Modules/CheckFunctionExists.c
Linking C executable cmTryCompileExec3160144109
/usr/bin/cmake -E cmake_link_script CMakeFiles/cmTryCompileExec3160144109.dir/link.txt --verbose=1
/usr/bin/cc   -DCHECK_FUNCTION_EXISTS=strtoll    CMakeFiles/cmTryCompileExec3160144109.dir/CheckFunctionExists.c.o  -o cmTryCompileExec3160144109 -rdynamic 
make[1]: Выход из каталога `/home/veret/Projects/NSConsole/nc-ui-prototype/Axis2/jansson-2.7/CMakeFiles/CMakeTmp'


Determining if the function strtoq exists passed with the following output:
Change Dir: /home/veret/Projects/NSConsole/nc-ui-prototype/Axis2/jansson-2.7/CMakeFiles/CMakeTmp

Run Build Command:/usr/bin/make "cmTryCompileExec4219662288/fast"
/usr/bin/make -f CMakeFiles/cmTryCompileExec4219662288.dir/build.make CMakeFiles/cmTryCompileExec4219662288.dir/build
make[1]: Вход в каталог `/home/veret/Projects/NSConsole/nc-ui-prototype/Axis2/jansson-2.7/CMakeFiles/CMakeTmp'
/usr/bin/cmake -E cmake_progress_report /home/veret/Projects/NSConsole/nc-ui-prototype/Axis2/jansson-2.7/CMakeFiles/CMakeTmp/CMakeFiles 1
Building C object CMakeFiles/cmTryCompileExec4219662288.dir/CheckFunctionExists.c.o
/usr/bin/cc   -DCHECK_FUNCTION_EXISTS=strtoq   -o CMakeFiles/cmTryCompileExec4219662288.dir/CheckFunctionExists.c.o   -c /usr/share/cmake-2.8/Modules/CheckFunctionExists.c
Linking C executable cmTryCompileExec4219662288
/usr/bin/cmake -E cmake_link_script CMakeFiles/cmTryCompileExec4219662288.dir/link.txt --verbose=1
/usr/bin/cc   -DCHECK_FUNCTION_EXISTS=strtoq    CMakeFiles/cmTryCompileExec4219662288.dir/CheckFunctionExists.c.o  -o cmTryCompileExec4219662288 -rdynamic 
make[1]: Выход из каталога `/home/veret/Projects/NSConsole/nc-ui-prototype/Axis2/jansson-2.7/CMakeFiles/CMakeTmp'


Determining if files locale.h exist passed with the following output:
Change Dir: /home/veret/Projects/NSConsole/nc-ui-prototype/Axis2/jansson-2.7/CMakeFiles/CMakeTmp

Run Build Command:/usr/bin/make "cmTryCompileExec4285591699/fast"
/usr/bin/make -f CMakeFiles/cmTryCompileExec4285591699.dir/build.make CMakeFiles/cmTryCompileExec4285591699.dir/build
make[1]: Вход в каталог `/home/veret/Projects/NSConsole/nc-ui-prototype/Axis2/jansson-2.7/CMakeFiles/CMakeTmp'
/usr/bin/cmake -E cmake_progress_report /home/veret/Projects/NSConsole/nc-ui-prototype/Axis2/jansson-2.7/CMakeFiles/CMakeTmp/CMakeFiles 1
Building C object CMakeFiles/cmTryCompileExec4285591699.dir/CheckIncludeFiles.c.o
/usr/bin/cc    -o CMakeFiles/cmTryCompileExec4285591699.dir/CheckIncludeFiles.c.o   -c /home/veret/Projects/NSConsole/nc-ui-prototype/Axis2/jansson-2.7/CMakeFiles/CMakeTmp/CheckIncludeFiles.c
Linking C executable cmTryCompileExec4285591699
/usr/bin/cmake -E cmake_link_script CMakeFiles/cmTryCompileExec4285591699.dir/link.txt --verbose=1
/usr/bin/cc       CMakeFiles/cmTryCompileExec4285591699.dir/CheckIncludeFiles.c.o  -o cmTryCompileExec4285591699 -rdynamic 
make[1]: Выход из каталога `/home/veret/Projects/NSConsole/nc-ui-prototype/Axis2/jansson-2.7/CMakeFiles/CMakeTmp'


Determining if the function localeconv exists passed with the following output:
Change Dir: /home/veret/Projects/NSConsole/nc-ui-prototype/Axis2/jansson-2.7/CMakeFiles/CMakeTmp

Run Build Command:/usr/bin/make "cmTryCompileExec2131208733/fast"
/usr/bin/make -f CMakeFiles/cmTryCompileExec2131208733.dir/build.make CMakeFiles/cmTryCompileExec2131208733.dir/build
make[1]: Вход в каталог `/home/veret/Projects/NSConsole/nc-ui-prototype/Axis2/jansson-2.7/CMakeFiles/CMakeTmp'
/usr/bin/cmake -E cmake_progress_report /home/veret/Projects/NSConsole/nc-ui-prototype/Axis2/jansson-2.7/CMakeFiles/CMakeTmp/CMakeFiles 1
Building C object CMakeFiles/cmTryCompileExec2131208733.dir/CheckFunctionExists.c.o
/usr/bin/cc   -DCHECK_FUNCTION_EXISTS=localeconv   -o CMakeFiles/cmTryCompileExec2131208733.dir/CheckFunctionExists.c.o   -c /usr/share/cmake-2.8/Modules/CheckFunctionExists.c
Linking C executable cmTryCompileExec2131208733
/usr/bin/cmake -E cmake_link_script CMakeFiles/cmTryCompileExec2131208733.dir/link.txt --verbose=1
/usr/bin/cc   -DCHECK_FUNCTION_EXISTS=localeconv    CMakeFiles/cmTryCompileExec2131208733.dir/CheckFunctionExists.c.o  -o cmTryCompileExec2131208733 -rdynamic 
make[1]: Выход из каталога `/home/veret/Projects/NSConsole/nc-ui-prototype/Axis2/jansson-2.7/CMakeFiles/CMakeTmp'


Determining if the function setlocale exists passed with the following output:
Change Dir: /home/veret/Projects/NSConsole/nc-ui-prototype/Axis2/jansson-2.7/CMakeFiles/CMakeTmp

Run Build Command:/usr/bin/make "cmTryCompileExec1671679129/fast"
/usr/bin/make -f CMakeFiles/cmTryCompileExec1671679129.dir/build.make CMakeFiles/cmTryCompileExec1671679129.dir/build
make[1]: Вход в каталог `/home/veret/Projects/NSConsole/nc-ui-prototype/Axis2/jansson-2.7/CMakeFiles/CMakeTmp'
/usr/bin/cmake -E cmake_progress_report /home/veret/Projects/NSConsole/nc-ui-prototype/Axis2/jansson-2.7/CMakeFiles/CMakeTmp/CMakeFiles 1
Building C object CMakeFiles/cmTryCompileExec1671679129.dir/CheckFunctionExists.c.o
/usr/bin/cc   -DCHECK_FUNCTION_EXISTS=setlocale   -o CMakeFiles/cmTryCompileExec1671679129.dir/CheckFunctionExists.c.o   -c /usr/share/cmake-2.8/Modules/CheckFunctionExists.c
Linking C executable cmTryCompileExec1671679129
/usr/bin/cmake -E cmake_link_script CMakeFiles/cmTryCompileExec1671679129.dir/link.txt --verbose=1
/usr/bin/cc   -DCHECK_FUNCTION_EXISTS=setlocale    CMakeFiles/cmTryCompileExec1671679129.dir/CheckFunctionExists.c.o  -o cmTryCompileExec1671679129 -rdynamic 
make[1]: Выход из каталога `/home/veret/Projects/NSConsole/nc-ui-prototype/Axis2/jansson-2.7/CMakeFiles/CMakeTmp'


Performing C SOURCE FILE Test HAVE_INLINE succeded with the following output:
Change Dir: /home/veret/Projects/NSConsole/nc-ui-prototype/Axis2/jansson-2.7/CMakeFiles/CMakeTmp

Run Build Command:/usr/bin/make "cmTryCompileExec2971934460/fast"
/usr/bin/make -f CMakeFiles/cmTryCompileExec2971934460.dir/build.make CMakeFiles/cmTryCompileExec2971934460.dir/build
make[1]: Вход в каталог `/home/veret/Projects/NSConsole/nc-ui-prototype/Axis2/jansson-2.7/CMakeFiles/CMakeTmp'
/usr/bin/cmake -E cmake_progress_report /home/veret/Projects/NSConsole/nc-ui-prototype/Axis2/jansson-2.7/CMakeFiles/CMakeTmp/CMakeFiles 1
Building C object CMakeFiles/cmTryCompileExec2971934460.dir/src.c.o
/usr/bin/cc   -DHAVE_INLINE   -o CMakeFiles/cmTryCompileExec2971934460.dir/src.c.o   -c /home/veret/Projects/NSConsole/nc-ui-prototype/Axis2/jansson-2.7/CMakeFiles/CMakeTmp/src.c
Linking C executable cmTryCompileExec2971934460
/usr/bin/cmake -E cmake_link_script CMakeFiles/cmTryCompileExec2971934460.dir/link.txt --verbose=1
/usr/bin/cc   -DHAVE_INLINE    CMakeFiles/cmTryCompileExec2971934460.dir/src.c.o  -o cmTryCompileExec2971934460 -rdynamic 
make[1]: Выход из каталога `/home/veret/Projects/NSConsole/nc-ui-prototype/Axis2/jansson-2.7/CMakeFiles/CMakeTmp'

Source file was:
inline void func(); void func() { } int main() { func(); return 0; }
Performing C SOURCE FILE Test HAVE___INLINE succeded with the following output:
Change Dir: /home/veret/Projects/NSConsole/nc-ui-prototype/Axis2/jansson-2.7/CMakeFiles/CMakeTmp

Run Build Command:/usr/bin/make "cmTryCompileExec256162106/fast"
/usr/bin/make -f CMakeFiles/cmTryCompileExec256162106.dir/build.make CMakeFiles/cmTryCompileExec256162106.dir/build
make[1]: Вход в каталог `/home/veret/Projects/NSConsole/nc-ui-prototype/Axis2/jansson-2.7/CMakeFiles/CMakeTmp'
/usr/bin/cmake -E cmake_progress_report /home/veret/Projects/NSConsole/nc-ui-prototype/Axis2/jansson-2.7/CMakeFiles/CMakeTmp/CMakeFiles 1
Building C object CMakeFiles/cmTryCompileExec256162106.dir/src.c.o
/usr/bin/cc   -DHAVE___INLINE   -o CMakeFiles/cmTryCompileExec256162106.dir/src.c.o   -c /home/veret/Projects/NSConsole/nc-ui-prototype/Axis2/jansson-2.7/CMakeFiles/CMakeTmp/src.c
Linking C executable cmTryCompileExec256162106
/usr/bin/cmake -E cmake_link_script CMakeFiles/cmTryCompileExec256162106.dir/link.txt --verbose=1
/usr/bin/cc   -DHAVE___INLINE    CMakeFiles/cmTryCompileExec256162106.dir/src.c.o  -o cmTryCompileExec256162106 -rdynamic 
make[1]: Выход из каталога `/home/veret/Projects/NSConsole/nc-ui-prototype/Axis2/jansson-2.7/CMakeFiles/CMakeTmp'

Source file was:
__inline void func(); void func() { } int main() { func(); return 0; }
Performing C SOURCE FILE Test HAVE___INLINE__ succeded with the following output:
Change Dir: /home/veret/Projects/NSConsole/nc-ui-prototype/Axis2/jansson-2.7/CMakeFiles/CMakeTmp

Run Build Command:/usr/bin/make "cmTryCompileExec3791959740/fast"
/usr/bin/make -f CMakeFiles/cmTryCompileExec3791959740.dir/build.make CMakeFiles/cmTryCompileExec3791959740.dir/build
make[1]: Вход в каталог `/home/veret/Projects/NSConsole/nc-ui-prototype/Axis2/jansson-2.7/CMakeFiles/CMakeTmp'
/usr/bin/cmake -E cmake_progress_report /home/veret/Projects/NSConsole/nc-ui-prototype/Axis2/jansson-2.7/CMakeFiles/CMakeTmp/CMakeFiles 1
Building C object CMakeFiles/cmTryCompileExec3791959740.dir/src.c.o
/usr/bin/cc   -DHAVE___INLINE__   -o CMakeFiles/cmTryCompileExec3791959740.dir/src.c.o   -c /home/veret/Projects/NSConsole/nc-ui-prototype/Axis2/jansson-2.7/CMakeFiles/CMakeTmp/src.c
Linking C executable cmTryCompileExec3791959740
/usr/bin/cmake -E cmake_link_script CMakeFiles/cmTryCompileExec3791959740.dir/link.txt --verbose=1
/usr/bin/cc   -DHAVE___INLINE__    CMakeFiles/cmTryCompileExec3791959740.dir/src.c.o  -o cmTryCompileExec3791959740 -rdynamic 
make[1]: Выход из каталога `/home/veret/Projects/NSConsole/nc-ui-prototype/Axis2/jansson-2.7/CMakeFiles/CMakeTmp'

Source file was:
__inline__ void func(); void func() { } int main() { func(); return 0; }
Determining if the function snprintf exists passed with the following output:
Change Dir: /home/veret/Projects/NSConsole/nc-ui-prototype/Axis2/jansson-2.7/CMakeFiles/CMakeTmp

Run Build Command:/usr/bin/make "cmTryCompileExec1877631129/fast"
/usr/bin/make -f CMakeFiles/cmTryCompileExec1877631129.dir/build.make CMakeFiles/cmTryCompileExec1877631129.dir/build
make[1]: Вход в каталог `/home/veret/Projects/NSConsole/nc-ui-prototype/Axis2/jansson-2.7/CMakeFiles/CMakeTmp'
/usr/bin/cmake -E cmake_progress_report /home/veret/Projects/NSConsole/nc-ui-prototype/Axis2/jansson-2.7/CMakeFiles/CMakeTmp/CMakeFiles 1
Building C object CMakeFiles/cmTryCompileExec1877631129.dir/CheckFunctionExists.c.o
/usr/bin/cc   -DCHECK_FUNCTION_EXISTS=snprintf   -o CMakeFiles/cmTryCompileExec1877631129.dir/CheckFunctionExists.c.o   -c /usr/share/cmake-2.8/Modules/CheckFunctionExists.c
<command-line>:0:23: warning: conflicting types for built-in function 'snprintf' [enabled by default]
/usr/share/cmake-2.8/Modules/CheckFunctionExists.c:3:6: note: in expansion of macro 'CHECK_FUNCTION_EXISTS'
 char CHECK_FUNCTION_EXISTS();
      ^
Linking C executable cmTryCompileExec1877631129
/usr/bin/cmake -E cmake_link_script CMakeFiles/cmTryCompileExec1877631129.dir/link.txt --verbose=1
/usr/bin/cc   -DCHECK_FUNCTION_EXISTS=snprintf    CMakeFiles/cmTryCompileExec1877631129.dir/CheckFunctionExists.c.o  -o cmTryCompileExec1877631129 -rdynamic 
make[1]: Выход из каталога `/home/veret/Projects/NSConsole/nc-ui-prototype/Axis2/jansson-2.7/CMakeFiles/CMakeTmp'


Performing C SOURCE FILE Test HAVE_SYNC_BUILTINS succeded with the following output:
Change Dir: /home/veret/Projects/NSConsole/nc-ui-prototype/Axis2/jansson-2.7/CMakeFiles/CMakeTmp

Run Build Command:/usr/bin/make "cmTryCompileExec4215155879/fast"
/usr/bin/make -f CMakeFiles/cmTryCompileExec4215155879.dir/build.make CMakeFiles/cmTryCompileExec4215155879.dir/build
make[1]: Вход в каталог `/home/veret/Projects/NSConsole/nc-ui-prototype/Axis2/jansson-2.7/CMakeFiles/CMakeTmp'
/usr/bin/cmake -E cmake_progress_report /home/veret/Projects/NSConsole/nc-ui-prototype/Axis2/jansson-2.7/CMakeFiles/CMakeTmp/CMakeFiles 1
Building C object CMakeFiles/cmTryCompileExec4215155879.dir/src.c.o
/usr/bin/cc   -DHAVE_SYNC_BUILTINS   -o CMakeFiles/cmTryCompileExec4215155879.dir/src.c.o   -c /home/veret/Projects/NSConsole/nc-ui-prototype/Axis2/jansson-2.7/CMakeFiles/CMakeTmp/src.c
Linking C executable cmTryCompileExec4215155879
/usr/bin/cmake -E cmake_link_script CMakeFiles/cmTryCompileExec4215155879.dir/link.txt --verbose=1
/usr/bin/cc   -DHAVE_SYNC_BUILTINS    CMakeFiles/cmTryCompileExec4215155879.dir/src.c.o  -o cmTryCompileExec4215155879 -rdynamic 
make[1]: Выход из каталога `/home/veret/Projects/NSConsole/nc-ui-prototype/Axis2/jansson-2.7/CMakeFiles/CMakeTmp'

Source file was:
int main() { unsigned long val; __sync_bool_compare_and_swap(&val, 0, 1); return 0; } 
Performing C SOURCE FILE Test HAVE_ATOMIC_BUILTINS succeded with the following output:
Change Dir: /home/veret/Projects/NSConsole/nc-ui-prototype/Axis2/jansson-2.7/CMakeFiles/CMakeTmp

Run Build Command:/usr/bin/make "cmTryCompileExec3996208586/fast"
/usr/bin/make -f CMakeFiles/cmTryCompileExec3996208586.dir/build.make CMakeFiles/cmTryCompileExec3996208586.dir/build
make[1]: Вход в каталог `/home/veret/Projects/NSConsole/nc-ui-prototype/Axis2/jansson-2.7/CMakeFiles/CMakeTmp'
/usr/bin/cmake -E cmake_progress_report /home/veret/Projects/NSConsole/nc-ui-prototype/Axis2/jansson-2.7/CMakeFiles/CMakeTmp/CMakeFiles 1
Building C object CMakeFiles/cmTryCompileExec3996208586.dir/src.c.o
/usr/bin/cc   -DHAVE_ATOMIC_BUILTINS   -o CMakeFiles/cmTryCompileExec3996208586.dir/src.c.o   -c /home/veret/Projects/NSConsole/nc-ui-prototype/Axis2/jansson-2.7/CMakeFiles/CMakeTmp/src.c
Linking C executable cmTryCompileExec3996208586
/usr/bin/cmake -E cmake_link_script CMakeFiles/cmTryCompileExec3996208586.dir/link.txt --verbose=1
/usr/bin/cc   -DHAVE_ATOMIC_BUILTINS    CMakeFiles/cmTryCompileExec3996208586.dir/src.c.o  -o cmTryCompileExec3996208586 -rdynamic 
make[1]: Выход из каталога `/home/veret/Projects/NSConsole/nc-ui-prototype/Axis2/jansson-2.7/CMakeFiles/CMakeTmp'

Source file was:
int main() { char l; unsigned long v; __atomic_test_and_set(&l, __ATOMIC_RELAXED); __atomic_store_n(&v, 1, __ATOMIC_RELEASE); __atomic_load_n(&v, __ATOMIC_ACQUIRE); return 0; }
