[Sun Apr 03 14:59:16 2016] [info]  Starting Axis2 HTTP server....
[Sun Apr 03 14:59:16 2016] [info]  Apache Axis2/C version in use : 1.6.0
[Sun Apr 03 14:59:16 2016] [info]  Server port : 9090
[Sun Apr 03 14:59:16 2016] [info]  Repo location : E:/Projects/Axis2/axis2c-bin-1.6.0-win32
[Sun Apr 03 14:59:16 2016] [info]  Read Timeout : 60000 ms
[Sun Apr 03 14:59:16 2016] [debug] ..\..\src\core\engine\phase.c(121) axis2_handler_t *request_uri_based_dispatcher added to the index 0 of the phase Transport
[Sun Apr 03 14:59:16 2016] [debug] ..\..\src\core\engine\phase.c(121) axis2_handler_t *addressing_based_dispatcher added to the index 1 of the phase Transport
[Sun Apr 03 14:59:16 2016] [debug] ..\..\src\core\engine\phase.c(121) axis2_handler_t *rest_dispatcher added to the index 0 of the phase Dispatch
[Sun Apr 03 14:59:16 2016] [debug] ..\..\src\core\engine\phase.c(121) axis2_handler_t *soap_message_body_based_dispatcher added to the index 1 of the phase Dispatch
[Sun Apr 03 14:59:16 2016] [debug] ..\..\src\core\engine\phase.c(121) axis2_handler_t *soap_action_based_dispatcher added to the index 2 of the phase Dispatch
[Sun Apr 03 14:59:16 2016] [debug] ..\..\src\core\engine\phase.c(121) axis2_handler_t *dispatch_post_conditions_evaluator added to the index 0 of the phase PostDispatch
[Sun Apr 03 14:59:16 2016] [debug] ..\..\src\core\engine\phase.c(121) axis2_handler_t *context_handler added to the index 1 of the phase PostDispatch
[Sun Apr 03 14:59:16 2016] [debug] ..\..\src\core\deployment\conf_builder.c(234) No custom dispatching order found. Continue with the default dispatching order
[Sun Apr 03 14:59:16 2016] [debug] ..\..\src\core\deployment\conf_builder.c(379) Module addressing found in axis2.xml
[Sun Apr 03 14:59:16 2016] [error] ..\..\util\src\class_loader.c(167) Loading shared library E:/Projects/Axis2/axis2c-bin-1.6.0-win32/lib/axis2_http_sender.dll  Failed. DLERROR IS DLL Load Error 126: Ќе найден указанный модуль.

[Sun Apr 03 14:59:16 2016] [error] ..\..\src\core\deployment\conf_builder.c(903) Transport sender is NULL for transport http, unable to continue
[Sun Apr 03 14:59:16 2016] [error] ..\..\src\core\deployment\conf_builder.c(262) Processing transport senders failed, unable to continue
[Sun Apr 03 14:59:16 2016] [error] ..\..\src\core\deployment\dep_engine.c(752) Populating Axis2 Configuration failed
[Sun Apr 03 14:59:16 2016] [error] ..\..\src\core\deployment\conf_init.c(64) Loading deployment engine failed for repository E:/Projects/Axis2/axis2c-bin-1.6.0-win32.
[Sun Apr 03 14:59:16 2016] [error] ..\..\src\core\transport\http\receiver\http_receiver.c(126) unable to create private configuration contextfor repo path E:/Projects/Axis2/axis2c-bin-1.6.0-win32
[Sun Apr 03 14:59:16 2016] [error] ..\..\src\core\transport\http\server\simple_axis2_server\http_server_main.c(215) Server creation failed: Error code: 103 :: Failed in creating DLL
[Sun Apr 03 15:01:25 2016] [info]  Starting Axis2 HTTP server....
[Sun Apr 03 15:01:25 2016] [info]  Apache Axis2/C version in use : 1.6.0
[Sun Apr 03 15:01:25 2016] [info]  Server port : 9090
[Sun Apr 03 15:01:25 2016] [info]  Repo location : E:/Projects/Axis2/axis2c-bin-1.6.0-win32
[Sun Apr 03 15:01:25 2016] [info]  Read Timeout : 60000 ms
[Sun Apr 03 15:01:25 2016] [debug] ..\..\src\core\engine\phase.c(121) axis2_handler_t *request_uri_based_dispatcher added to the index 0 of the phase Transport
[Sun Apr 03 15:01:25 2016] [debug] ..\..\src\core\engine\phase.c(121) axis2_handler_t *addressing_based_dispatcher added to the index 1 of the phase Transport
[Sun Apr 03 15:01:25 2016] [debug] ..\..\src\core\engine\phase.c(121) axis2_handler_t *rest_dispatcher added to the index 0 of the phase Dispatch
[Sun Apr 03 15:01:25 2016] [debug] ..\..\src\core\engine\phase.c(121) axis2_handler_t *soap_message_body_based_dispatcher added to the index 1 of the phase Dispatch
[Sun Apr 03 15:01:25 2016] [debug] ..\..\src\core\engine\phase.c(121) axis2_handler_t *soap_action_based_dispatcher added to the index 2 of the phase Dispatch
[Sun Apr 03 15:01:25 2016] [debug] ..\..\src\core\engine\phase.c(121) axis2_handler_t *dispatch_post_conditions_evaluator added to the index 0 of the phase PostDispatch
[Sun Apr 03 15:01:25 2016] [debug] ..\..\src\core\engine\phase.c(121) axis2_handler_t *context_handler added to the index 1 of the phase PostDispatch
[Sun Apr 03 15:01:25 2016] [debug] ..\..\src\core\deployment\conf_builder.c(234) No custom dispatching order found. Continue with the default dispatching order
[Sun Apr 03 15:01:25 2016] [debug] ..\..\src\core\deployment\conf_builder.c(379) Module addressing found in axis2.xml
[Sun Apr 03 15:01:26 2016] [debug] ..\..\util\src\class_loader.c(140) E:/Projects/Axis2/axis2c-bin-1.6.0-win32/lib/axis2_http_sender.dll shared lib loaded successfully
[Sun Apr 03 15:01:26 2016] [debug] ..\..\util\src\class_loader.c(140) E:/Projects/Axis2/axis2c-bin-1.6.0-win32/lib/axis2_http_receiver.dll shared lib loaded successfully
[Sun Apr 03 15:01:26 2016] [debug] ..\..\src\core\deployment\dep_engine.c(1283) axis2_dep_engine_load_module_dll: DLL path is : E:/Projects/Axis2/axis2c-bin-1.6.0-win32/modules/addressing/axis2_mod_addr.dll
[Sun Apr 03 15:01:26 2016] [debug] ..\..\util\src\class_loader.c(140) E:/Projects/Axis2/axis2c-bin-1.6.0-win32/modules/addressing/axis2_mod_addr.dll shared lib loaded successfully
[Sun Apr 03 15:01:26 2016] [debug] ..\..\src\core\deployment\dep_engine.c(1283) axis2_dep_engine_load_module_dll: DLL path is : E:/Projects/Axis2/axis2c-bin-1.6.0-win32/modules/logging/axis2_mod_log.dll
[Sun Apr 03 15:01:26 2016] [debug] ..\..\util\src\class_loader.c(140) E:/Projects/Axis2/axis2c-bin-1.6.0-win32/modules/logging/axis2_mod_log.dll shared lib loaded successfully
[Sun Apr 03 15:01:26 2016] [debug] ..\..\src\core\deployment\svc_builder.c(318) DLL path is : E:/Projects/Axis2/axis2c-bin-1.6.0-win32/services/Axis2Service/Axis2Service.dll
[Sun Apr 03 15:01:26 2016] [debug] ..\..\axiom\src\om\om_element.c(1114) There are no child elements for the node
[Sun Apr 03 15:01:26 2016] [debug] ..\..\src\core\deployment\svc_builder.c(318) DLL path is : E:/Projects/Axis2/axis2c-bin-1.6.0-win32/services/Calculator/Calculator.dll
[Sun Apr 03 15:01:26 2016] [debug] ..\..\src\core\deployment\svc_builder.c(318) DLL path is : E:/Projects/Axis2/axis2c-bin-1.6.0-win32/services/echo/echo.dll
[Sun Apr 03 15:01:26 2016] [debug] ..\..\src\core\deployment\svc_builder.c(318) DLL path is : E:/Projects/Axis2/axis2c-bin-1.6.0-win32/services/math/math.dll
[Sun Apr 03 15:01:26 2016] [debug] ..\..\src\core\deployment\svc_builder.c(318) DLL path is : E:/Projects/Axis2/axis2c-bin-1.6.0-win32/services/mtom/mtom.dll
[Sun Apr 03 15:01:26 2016] [debug] ..\..\src\core\deployment\svc_builder.c(318) DLL path is : E:/Projects/Axis2/axis2c-bin-1.6.0-win32/services/mtom_callback/mtom_callback.dll
[Sun Apr 03 15:01:26 2016] [debug] ..\..\src\core\deployment\svc_builder.c(318) DLL path is : E:/Projects/Axis2/axis2c-bin-1.6.0-win32/services/notify/notify.dll
[Sun Apr 03 15:01:26 2016] [debug] ..\..\src\core\deployment\svc_builder.c(318) DLL path is : E:/Projects/Axis2/axis2c-bin-1.6.0-win32/services/sg_math/add.dll
[Sun Apr 03 15:01:26 2016] [debug] ..\..\axiom\src\om\om_element.c(1114) There are no child elements for the node
[Sun Apr 03 15:01:26 2016] [debug] ..\..\src\core\deployment\svc_builder.c(318) DLL path is : E:/Projects/Axis2/axis2c-bin-1.6.0-win32/services/sg_math/sub.dll
[Sun Apr 03 15:01:26 2016] [debug] ..\..\axiom\src\om\om_element.c(1114) There are no child elements for the node
[Sun Apr 03 15:01:26 2016] [debug] ..\..\src\core\deployment\svc_builder.c(318) DLL path is : E:/Projects/Axis2/axis2c-bin-1.6.0-win32/services/sg_math/mul.dll
[Sun Apr 03 15:01:26 2016] [debug] ..\..\axiom\src\om\om_element.c(1114) There are no child elements for the node
[Sun Apr 03 15:01:26 2016] [debug] ..\..\src\core\deployment\svc_builder.c(318) DLL path is : E:/Projects/Axis2/axis2c-bin-1.6.0-win32/services/sg_math/div.dll
[Sun Apr 03 15:01:26 2016] [debug] ..\..\axiom\src\om\om_element.c(1114) There are no child elements for the node
[Sun Apr 03 15:01:26 2016] [debug] ..\..\src\core\phaseresolver\phase_holder.c(139) Add handler AddressingInHandler to phase Transport
[Sun Apr 03 15:01:26 2016] [debug] ..\..\src\core\phaseresolver\phase_resolver.c(222) svc name is:div
[Sun Apr 03 15:01:26 2016] [debug] ..\..\src\core\phaseresolver\phase_resolver.c(139) Service name is : div
[Sun Apr 03 15:01:26 2016] [debug] ..\..\src\core\phaseresolver\phase_resolver.c(1123) Operation name is : div
[Sun Apr 03 15:01:26 2016] [debug] ..\..\src\core\phaseresolver\phase_holder.c(139) Add handler AddressingOutHandler to phase MessageOut
[Sun Apr 03 15:01:26 2016] [debug] ..\..\src\core\phaseresolver\phase_holder.c(139) Add handler AddressingOutHandler to phase MessageOut
[Sun Apr 03 15:01:26 2016] [debug] ..\..\src\core\phaseresolver\phase_resolver.c(222) svc name is:Axis2Service
[Sun Apr 03 15:01:26 2016] [debug] ..\..\src\core\phaseresolver\phase_resolver.c(139) Service name is : Axis2Service
[Sun Apr 03 15:01:26 2016] [debug] ..\..\src\core\phaseresolver\phase_resolver.c(1123) Operation name is : greet
[Sun Apr 03 15:01:26 2016] [debug] ..\..\src\core\phaseresolver\phase_holder.c(139) Add handler AddressingOutHandler to phase MessageOut
[Sun Apr 03 15:01:26 2016] [debug] ..\..\src\core\phaseresolver\phase_holder.c(139) Add handler AddressingOutHandler to phase MessageOut
[Sun Apr 03 15:01:26 2016] [debug] ..\..\src\core\phaseresolver\phase_resolver.c(222) svc name is:mtom_callback
[Sun Apr 03 15:01:26 2016] [debug] ..\..\src\core\phaseresolver\phase_resolver.c(139) Service name is : mtom_callback
[Sun Apr 03 15:01:26 2016] [debug] ..\..\src\core\phaseresolver\phase_resolver.c(1123) Operation name is : mtomSample
[Sun Apr 03 15:01:26 2016] [debug] ..\..\src\core\phaseresolver\phase_holder.c(139) Add handler AddressingOutHandler to phase MessageOut
[Sun Apr 03 15:01:26 2016] [debug] ..\..\src\core\phaseresolver\phase_holder.c(139) Add handler AddressingOutHandler to phase MessageOut
[Sun Apr 03 15:01:26 2016] [debug] ..\..\src\core\phaseresolver\phase_resolver.c(222) svc name is:notify
[Sun Apr 03 15:01:26 2016] [debug] ..\..\src\core\phaseresolver\phase_resolver.c(139) Service name is : notify
[Sun Apr 03 15:01:26 2016] [debug] ..\..\src\core\phaseresolver\phase_resolver.c(1123) Operation name is : notify
[Sun Apr 03 15:01:26 2016] [debug] ..\..\src\core\phaseresolver\phase_holder.c(139) Add handler AddressingOutHandler to phase MessageOut
[Sun Apr 03 15:01:26 2016] [debug] ..\..\src\core\phaseresolver\phase_holder.c(139) Add handler AddressingOutHandler to phase MessageOut
[Sun Apr 03 15:01:26 2016] [debug] ..\..\src\core\phaseresolver\phase_resolver.c(222) svc name is:add
[Sun Apr 03 15:01:26 2016] [debug] ..\..\src\core\phaseresolver\phase_resolver.c(139) Service name is : add
[Sun Apr 03 15:01:26 2016] [debug] ..\..\src\core\phaseresolver\phase_resolver.c(1123) Operation name is : add
[Sun Apr 03 15:01:26 2016] [debug] ..\..\src\core\phaseresolver\phase_holder.c(139) Add handler AddressingOutHandler to phase MessageOut
[Sun Apr 03 15:01:26 2016] [debug] ..\..\src\core\phaseresolver\phase_holder.c(139) Add handler AddressingOutHandler to phase MessageOut
[Sun Apr 03 15:01:26 2016] [debug] ..\..\src\core\phaseresolver\phase_resolver.c(222) svc name is:Calculator
[Sun Apr 03 15:01:26 2016] [debug] ..\..\src\core\phaseresolver\phase_resolver.c(139) Service name is : Calculator
[Sun Apr 03 15:01:26 2016] [debug] ..\..\src\core\phaseresolver\phase_resolver.c(1123) Operation name is : div
[Sun Apr 03 15:01:26 2016] [debug] ..\..\src\core\phaseresolver\phase_holder.c(139) Add handler AddressingOutHandler to phase MessageOut
[Sun Apr 03 15:01:26 2016] [debug] ..\..\src\core\phaseresolver\phase_holder.c(139) Add handler AddressingOutHandler to phase MessageOut
[Sun Apr 03 15:01:26 2016] [debug] ..\..\src\core\phaseresolver\phase_resolver.c(1123) Operation name is : add
[Sun Apr 03 15:01:26 2016] [debug] ..\..\src\core\phaseresolver\phase_holder.c(139) Add handler AddressingOutHandler to phase MessageOut
[Sun Apr 03 15:01:26 2016] [debug] ..\..\src\core\phaseresolver\phase_holder.c(139) Add handler AddressingOutHandler to phase MessageOut
[Sun Apr 03 15:01:26 2016] [debug] ..\..\src\core\phaseresolver\phase_resolver.c(1123) Operation name is : sub
[Sun Apr 03 15:01:26 2016] [debug] ..\..\src\core\phaseresolver\phase_holder.c(139) Add handler AddressingOutHandler to phase MessageOut
[Sun Apr 03 15:01:26 2016] [debug] ..\..\src\core\phaseresolver\phase_holder.c(139) Add handler AddressingOutHandler to phase MessageOut
[Sun Apr 03 15:01:26 2016] [debug] ..\..\src\core\phaseresolver\phase_resolver.c(1123) Operation name is : mul
[Sun Apr 03 15:01:26 2016] [debug] ..\..\src\core\phaseresolver\phase_holder.c(139) Add handler AddressingOutHandler to phase MessageOut
[Sun Apr 03 15:01:26 2016] [debug] ..\..\src\core\phaseresolver\phase_holder.c(139) Add handler AddressingOutHandler to phase MessageOut
[Sun Apr 03 15:01:26 2016] [debug] ..\..\src\core\phaseresolver\phase_resolver.c(222) svc name is:math
[Sun Apr 03 15:01:26 2016] [debug] ..\..\src\core\phaseresolver\phase_resolver.c(139) Service name is : math
[Sun Apr 03 15:01:26 2016] [debug] ..\..\src\core\phaseresolver\phase_resolver.c(1123) Operation name is : div
[Sun Apr 03 15:01:26 2016] [debug] ..\..\src\core\phaseresolver\phase_holder.c(139) Add handler AddressingOutHandler to phase MessageOut
[Sun Apr 03 15:01:26 2016] [debug] ..\..\src\core\phaseresolver\phase_holder.c(139) Add handler AddressingOutHandler to phase MessageOut
[Sun Apr 03 15:01:26 2016] [debug] ..\..\src\core\phaseresolver\phase_resolver.c(1123) Operation name is : add
[Sun Apr 03 15:01:26 2016] [debug] ..\..\src\core\phaseresolver\phase_holder.c(139) Add handler AddressingOutHandler to phase MessageOut
[Sun Apr 03 15:01:26 2016] [debug] ..\..\src\core\phaseresolver\phase_holder.c(139) Add handler AddressingOutHandler to phase MessageOut
[Sun Apr 03 15:01:26 2016] [debug] ..\..\src\core\phaseresolver\phase_resolver.c(1123) Operation name is : sub
[Sun Apr 03 15:01:26 2016] [debug] ..\..\src\core\phaseresolver\phase_holder.c(139) Add handler AddressingOutHandler to phase MessageOut
[Sun Apr 03 15:01:26 2016] [debug] ..\..\src\core\phaseresolver\phase_holder.c(139) Add handler AddressingOutHandler to phase MessageOut
[Sun Apr 03 15:01:26 2016] [debug] ..\..\src\core\phaseresolver\phase_resolver.c(1123) Operation name is : mul
[Sun Apr 03 15:01:26 2016] [debug] ..\..\src\core\phaseresolver\phase_holder.c(139) Add handler AddressingOutHandler to phase MessageOut
[Sun Apr 03 15:01:26 2016] [debug] ..\..\src\core\phaseresolver\phase_holder.c(139) Add handler AddressingOutHandler to phase MessageOut
[Sun Apr 03 15:01:26 2016] [debug] ..\..\src\core\phaseresolver\phase_resolver.c(222) svc name is:sub
[Sun Apr 03 15:01:26 2016] [debug] ..\..\src\core\phaseresolver\phase_resolver.c(139) Service name is : sub
[Sun Apr 03 15:01:26 2016] [debug] ..\..\src\core\phaseresolver\phase_resolver.c(1123) Operation name is : sub
[Sun Apr 03 15:01:26 2016] [debug] ..\..\src\core\phaseresolver\phase_holder.c(139) Add handler AddressingOutHandler to phase MessageOut
[Sun Apr 03 15:01:26 2016] [debug] ..\..\src\core\phaseresolver\phase_holder.c(139) Add handler AddressingOutHandler to phase MessageOut
[Sun Apr 03 15:01:26 2016] [debug] ..\..\src\core\phaseresolver\phase_resolver.c(222) svc name is:mtom
[Sun Apr 03 15:01:26 2016] [debug] ..\..\src\core\phaseresolver\phase_resolver.c(139) Service name is : mtom
[Sun Apr 03 15:01:26 2016] [debug] ..\..\src\core\phaseresolver\phase_resolver.c(1123) Operation name is : mtomSample
[Sun Apr 03 15:01:26 2016] [debug] ..\..\src\core\phaseresolver\phase_holder.c(139) Add handler AddressingOutHandler to phase MessageOut
[Sun Apr 03 15:01:26 2016] [debug] ..\..\src\core\phaseresolver\phase_holder.c(139) Add handler AddressingOutHandler to phase MessageOut
[Sun Apr 03 15:01:26 2016] [debug] ..\..\src\core\phaseresolver\phase_resolver.c(222) svc name is:mul
[Sun Apr 03 15:01:26 2016] [debug] ..\..\src\core\phaseresolver\phase_resolver.c(139) Service name is : mul
[Sun Apr 03 15:01:26 2016] [debug] ..\..\src\core\phaseresolver\phase_resolver.c(1123) Operation name is : mul
[Sun Apr 03 15:01:26 2016] [debug] ..\..\src\core\phaseresolver\phase_holder.c(139) Add handler AddressingOutHandler to phase MessageOut
[Sun Apr 03 15:01:26 2016] [debug] ..\..\src\core\phaseresolver\phase_holder.c(139) Add handler AddressingOutHandler to phase MessageOut
[Sun Apr 03 15:01:26 2016] [debug] ..\..\src\core\phaseresolver\phase_resolver.c(222) svc name is:echo
[Sun Apr 03 15:01:26 2016] [debug] ..\..\src\core\phaseresolver\phase_resolver.c(139) Service name is : echo
[Sun Apr 03 15:01:26 2016] [debug] ..\..\src\core\phaseresolver\phase_resolver.c(1123) Operation name is : echoString
[Sun Apr 03 15:01:26 2016] [debug] ..\..\src\core\phaseresolver\phase_holder.c(139) Add handler AddressingOutHandler to phase MessageOut
[Sun Apr 03 15:01:26 2016] [debug] ..\..\src\core\phaseresolver\phase_holder.c(139) Add handler AddressingOutHandler to phase MessageOut
[Sun Apr 03 15:01:27 2016] [info]  Starting HTTP server thread
[Sun Apr 03 15:01:29 2016] [info]  Received signal SIGINT. Server shutting down
[Sun Apr 03 15:01:29 2016] [info]  Terminating HTTP server thread
[Sun Apr 03 15:01:29 2016] [debug] ..\..\src\core\transport\http\receiver\http_svr_thread.c(181) Terminating HTTP server thread.
[Sun Apr 03 15:01:29 2016] [info]  Successfully terminated  HTTP server thread
[Sun Apr 03 15:01:29 2016] [info]  Shutdown complete ...
[Sun Apr 03 15:01:29 2016] [error] ..\..\util\src\network_handler.c(268) Winsock error 10004: ќпераци€ блокировани€ прервана вызовом WSACancelBlockingCall.

[Sun Apr 03 15:01:29 2016] [warning] ..\..\src\core\transport\http\receiver\http_svr_thread.c(133) Worker not ready yet. Cannot serve the request
[Sun Apr 03 15:01:29 2016] [error] ..\..\util\src\network_handler.c(268) Winsock error 10038: —делана попытка выполнить операцию на объекте, не €вл€ющемс€ сокетом.

[Sun Apr 03 15:01:29 2016] [warning] ..\..\src\core\transport\http\receiver\http_svr_thread.c(133) Worker not ready yet. Cannot serve the request
[Sun Apr 03 15:01:29 2016] [debug] ..\..\src\core\deployment\arch_file_data.c(149) Service name :Axis2Service
[Sun Apr 03 15:01:29 2016] [error] ..\..\util\src\network_handler.c(268) Winsock error 10038: —делана попытка выполнить операцию на объекте, не €вл€ющемс€ сокетом.

[Sun Apr 03 15:01:29 2016] [debug] ..\..\src\core\deployment\arch_file_data.c(149) Service name :Calculator
[Sun Apr 03 15:01:29 2016] [warning] ..\..\src\core\transport\http\receiver\http_svr_thread.c(133) Worker not ready yet. Cannot serve the request
[Sun Apr 03 15:01:29 2016] [debug] ..\..\src\core\deployment\arch_file_data.c(149) Service name :echo
[Sun Apr 03 15:01:29 2016] [error] ..\..\util\src\network_handler.c(268) Winsock error 10038: —делана попытка выполнить операцию на объекте, не €вл€ющемс€ сокетом.

[Sun Apr 03 15:01:29 2016] [debug] ..\..\src\core\deployment\arch_file_data.c(149) Service name :math
[Sun Apr 03 15:01:29 2016] [warning] ..\..\src\core\transport\http\receiver\http_svr_thread.c(133) Worker not ready yet. Cannot serve the request
[Sun Apr 03 15:01:29 2016] [debug] ..\..\src\core\deployment\arch_file_data.c(149) Service name :mtom
[Sun Apr 03 15:01:29 2016] [error] ..\..\util\src\network_handler.c(268) Winsock error 10038: —делана попытка выполнить операцию на объекте, не €вл€ющемс€ сокетом.

[Sun Apr 03 15:01:29 2016] [debug] ..\..\src\core\deployment\arch_file_data.c(149) Service name :mtom_callback
[Sun Apr 03 15:01:29 2016] [warning] ..\..\src\core\transport\http\receiver\http_svr_thread.c(133) Worker not ready yet. Cannot serve the request
[Sun Apr 03 15:01:29 2016] [debug] ..\..\src\core\deployment\arch_file_data.c(149) Service name :notify
[Sun Apr 03 15:01:29 2016] [error] ..\..\util\src\network_handler.c(268) Winsock error 10038: —делана попытка выполнить операцию на объекте, не €вл€ющемс€ сокетом.

[Sun Apr 03 15:01:29 2016] [debug] ..\..\src\core\deployment\arch_file_data.c(149) Service name :div
[Sun Apr 03 15:01:29 2016] [warning] ..\..\src\core\transport\http\receiver\http_svr_thread.c(133) Worker not ready yet. Cannot serve the request
[Sun Apr 03 15:01:29 2016] [debug] ..\..\src\core\deployment\arch_file_data.c(149) Service name :add
[Sun Apr 03 15:01:29 2016] [error] ..\..\util\src\network_handler.c(268) Winsock error 10038: —делана попытка выполнить операцию на объекте, не €вл€ющемс€ сокетом.

[Sun Apr 03 15:01:29 2016] [debug] ..\..\src\core\deployment\arch_file_data.c(149) Service name :sub
[Sun Apr 03 15:01:29 2016] [warning] ..\..\src\core\transport\http\receiver\http_svr_thread.c(133) Worker not ready yet. Cannot serve the request
[Sun Apr 03 15:01:29 2016] [debug] ..\..\src\core\deployment\arch_file_data.c(149) Service name :mul
[Sun Apr 03 15:01:29 2016] [error] ..\..\util\src\network_handler.c(268) Winsock error 10038: —делана попытка выполнить операцию на объекте, не €вл€ющемс€ сокетом.

[Sun Apr 03 15:01:33 2016] [info]  Starting Axis2 HTTP server....
[Sun Apr 03 15:01:33 2016] [info]  Apache Axis2/C version in use : 1.6.0
[Sun Apr 03 15:01:33 2016] [info]  Server port : 9090
[Sun Apr 03 15:01:33 2016] [info]  Repo location : ../
[Sun Apr 03 15:01:33 2016] [info]  Read Timeout : 60000 ms
[Sun Apr 03 15:01:33 2016] [debug] ..\..\src\core\engine\phase.c(121) axis2_handler_t *request_uri_based_dispatcher added to the index 0 of the phase Transport
[Sun Apr 03 15:01:33 2016] [debug] ..\..\src\core\engine\phase.c(121) axis2_handler_t *addressing_based_dispatcher added to the index 1 of the phase Transport
[Sun Apr 03 15:01:33 2016] [debug] ..\..\src\core\engine\phase.c(121) axis2_handler_t *rest_dispatcher added to the index 0 of the phase Dispatch
[Sun Apr 03 15:01:33 2016] [debug] ..\..\src\core\engine\phase.c(121) axis2_handler_t *soap_message_body_based_dispatcher added to the index 1 of the phase Dispatch
[Sun Apr 03 15:01:33 2016] [debug] ..\..\src\core\engine\phase.c(121) axis2_handler_t *soap_action_based_dispatcher added to the index 2 of the phase Dispatch
[Sun Apr 03 15:01:33 2016] [debug] ..\..\src\core\engine\phase.c(121) axis2_handler_t *dispatch_post_conditions_evaluator added to the index 0 of the phase PostDispatch
[Sun Apr 03 15:01:33 2016] [debug] ..\..\src\core\engine\phase.c(121) axis2_handler_t *context_handler added to the index 1 of the phase PostDispatch
[Sun Apr 03 15:01:33 2016] [debug] ..\..\src\core\deployment\conf_builder.c(234) No custom dispatching order found. Continue with the default dispatching order
[Sun Apr 03 15:01:33 2016] [debug] ..\..\src\core\deployment\conf_builder.c(379) Module addressing found in axis2.xml
[Sun Apr 03 15:01:33 2016] [debug] ..\..\util\src\class_loader.c(140) ..//lib/axis2_http_sender.dll shared lib loaded successfully
[Sun Apr 03 15:01:33 2016] [debug] ..\..\util\src\class_loader.c(140) ..//lib/axis2_http_receiver.dll shared lib loaded successfully
[Sun Apr 03 15:01:33 2016] [debug] ..\..\src\core\deployment\dep_engine.c(1283) axis2_dep_engine_load_module_dll: DLL path is : ..//modules/addressing/axis2_mod_addr.dll
[Sun Apr 03 15:01:33 2016] [debug] ..\..\util\src\class_loader.c(140) ..//modules/addressing/axis2_mod_addr.dll shared lib loaded successfully
[Sun Apr 03 15:01:33 2016] [debug] ..\..\src\core\deployment\dep_engine.c(1283) axis2_dep_engine_load_module_dll: DLL path is : ..//modules/logging/axis2_mod_log.dll
[Sun Apr 03 15:01:33 2016] [debug] ..\..\util\src\class_loader.c(140) ..//modules/logging/axis2_mod_log.dll shared lib loaded successfully
[Sun Apr 03 15:01:33 2016] [debug] ..\..\src\core\deployment\svc_builder.c(318) DLL path is : ..//services/Axis2Service/Axis2Service.dll
[Sun Apr 03 15:01:33 2016] [debug] ..\..\axiom\src\om\om_element.c(1114) There are no child elements for the node
[Sun Apr 03 15:01:33 2016] [debug] ..\..\src\core\deployment\svc_builder.c(318) DLL path is : ..//services/Calculator/Calculator.dll
[Sun Apr 03 15:01:33 2016] [debug] ..\..\src\core\deployment\svc_builder.c(318) DLL path is : ..//services/echo/echo.dll
[Sun Apr 03 15:01:33 2016] [debug] ..\..\src\core\deployment\svc_builder.c(318) DLL path is : ..//services/math/math.dll
[Sun Apr 03 15:01:33 2016] [debug] ..\..\src\core\deployment\svc_builder.c(318) DLL path is : ..//services/mtom/mtom.dll
[Sun Apr 03 15:01:33 2016] [debug] ..\..\src\core\deployment\svc_builder.c(318) DLL path is : ..//services/mtom_callback/mtom_callback.dll
[Sun Apr 03 15:01:33 2016] [debug] ..\..\src\core\deployment\svc_builder.c(318) DLL path is : ..//services/notify/notify.dll
[Sun Apr 03 15:01:33 2016] [debug] ..\..\src\core\deployment\svc_builder.c(318) DLL path is : ..//services/sg_math/add.dll
[Sun Apr 03 15:01:33 2016] [debug] ..\..\axiom\src\om\om_element.c(1114) There are no child elements for the node
[Sun Apr 03 15:01:33 2016] [debug] ..\..\src\core\deployment\svc_builder.c(318) DLL path is : ..//services/sg_math/sub.dll
[Sun Apr 03 15:01:33 2016] [debug] ..\..\axiom\src\om\om_element.c(1114) There are no child elements for the node
[Sun Apr 03 15:01:33 2016] [debug] ..\..\src\core\deployment\svc_builder.c(318) DLL path is : ..//services/sg_math/mul.dll
[Sun Apr 03 15:01:33 2016] [debug] ..\..\axiom\src\om\om_element.c(1114) There are no child elements for the node
[Sun Apr 03 15:01:33 2016] [debug] ..\..\src\core\deployment\svc_builder.c(318) DLL path is : ..//services/sg_math/div.dll
[Sun Apr 03 15:01:33 2016] [debug] ..\..\axiom\src\om\om_element.c(1114) There are no child elements for the node
[Sun Apr 03 15:01:33 2016] [debug] ..\..\src\core\phaseresolver\phase_holder.c(139) Add handler AddressingInHandler to phase Transport
[Sun Apr 03 15:01:33 2016] [debug] ..\..\src\core\phaseresolver\phase_resolver.c(222) svc name is:div
[Sun Apr 03 15:01:33 2016] [debug] ..\..\src\core\phaseresolver\phase_resolver.c(139) Service name is : div
[Sun Apr 03 15:01:33 2016] [debug] ..\..\src\core\phaseresolver\phase_resolver.c(1123) Operation name is : div
[Sun Apr 03 15:01:33 2016] [debug] ..\..\src\core\phaseresolver\phase_holder.c(139) Add handler AddressingOutHandler to phase MessageOut
[Sun Apr 03 15:01:33 2016] [debug] ..\..\src\core\phaseresolver\phase_holder.c(139) Add handler AddressingOutHandler to phase MessageOut
[Sun Apr 03 15:01:33 2016] [debug] ..\..\src\core\phaseresolver\phase_resolver.c(222) svc name is:Axis2Service
[Sun Apr 03 15:01:33 2016] [debug] ..\..\src\core\phaseresolver\phase_resolver.c(139) Service name is : Axis2Service
[Sun Apr 03 15:01:33 2016] [debug] ..\..\src\core\phaseresolver\phase_resolver.c(1123) Operation name is : greet
[Sun Apr 03 15:01:33 2016] [debug] ..\..\src\core\phaseresolver\phase_holder.c(139) Add handler AddressingOutHandler to phase MessageOut
[Sun Apr 03 15:01:33 2016] [debug] ..\..\src\core\phaseresolver\phase_holder.c(139) Add handler AddressingOutHandler to phase MessageOut
[Sun Apr 03 15:01:33 2016] [debug] ..\..\src\core\phaseresolver\phase_resolver.c(222) svc name is:mtom_callback
[Sun Apr 03 15:01:33 2016] [debug] ..\..\src\core\phaseresolver\phase_resolver.c(139) Service name is : mtom_callback
[Sun Apr 03 15:01:33 2016] [debug] ..\..\src\core\phaseresolver\phase_resolver.c(1123) Operation name is : mtomSample
[Sun Apr 03 15:01:33 2016] [debug] ..\..\src\core\phaseresolver\phase_holder.c(139) Add handler AddressingOutHandler to phase MessageOut
[Sun Apr 03 15:01:33 2016] [debug] ..\..\src\core\phaseresolver\phase_holder.c(139) Add handler AddressingOutHandler to phase MessageOut
[Sun Apr 03 15:01:33 2016] [debug] ..\..\src\core\phaseresolver\phase_resolver.c(222) svc name is:notify
[Sun Apr 03 15:01:33 2016] [debug] ..\..\src\core\phaseresolver\phase_resolver.c(139) Service name is : notify
[Sun Apr 03 15:01:33 2016] [debug] ..\..\src\core\phaseresolver\phase_resolver.c(1123) Operation name is : notify
[Sun Apr 03 15:01:33 2016] [debug] ..\..\src\core\phaseresolver\phase_holder.c(139) Add handler AddressingOutHandler to phase MessageOut
[Sun Apr 03 15:01:33 2016] [debug] ..\..\src\core\phaseresolver\phase_holder.c(139) Add handler AddressingOutHandler to phase MessageOut
[Sun Apr 03 15:01:33 2016] [debug] ..\..\src\core\phaseresolver\phase_resolver.c(222) svc name is:add
[Sun Apr 03 15:01:33 2016] [debug] ..\..\src\core\phaseresolver\phase_resolver.c(139) Service name is : add
[Sun Apr 03 15:01:33 2016] [debug] ..\..\src\core\phaseresolver\phase_resolver.c(1123) Operation name is : add
[Sun Apr 03 15:01:33 2016] [debug] ..\..\src\core\phaseresolver\phase_holder.c(139) Add handler AddressingOutHandler to phase MessageOut
[Sun Apr 03 15:01:33 2016] [debug] ..\..\src\core\phaseresolver\phase_holder.c(139) Add handler AddressingOutHandler to phase MessageOut
[Sun Apr 03 15:01:33 2016] [debug] ..\..\src\core\phaseresolver\phase_resolver.c(222) svc name is:Calculator
[Sun Apr 03 15:01:33 2016] [debug] ..\..\src\core\phaseresolver\phase_resolver.c(139) Service name is : Calculator
[Sun Apr 03 15:01:33 2016] [debug] ..\..\src\core\phaseresolver\phase_resolver.c(1123) Operation name is : div
[Sun Apr 03 15:01:33 2016] [debug] ..\..\src\core\phaseresolver\phase_holder.c(139) Add handler AddressingOutHandler to phase MessageOut
[Sun Apr 03 15:01:33 2016] [debug] ..\..\src\core\phaseresolver\phase_holder.c(139) Add handler AddressingOutHandler to phase MessageOut
[Sun Apr 03 15:01:33 2016] [debug] ..\..\src\core\phaseresolver\phase_resolver.c(1123) Operation name is : add
[Sun Apr 03 15:01:33 2016] [debug] ..\..\src\core\phaseresolver\phase_holder.c(139) Add handler AddressingOutHandler to phase MessageOut
[Sun Apr 03 15:01:33 2016] [debug] ..\..\src\core\phaseresolver\phase_holder.c(139) Add handler AddressingOutHandler to phase MessageOut
[Sun Apr 03 15:01:33 2016] [debug] ..\..\src\core\phaseresolver\phase_resolver.c(1123) Operation name is : sub
[Sun Apr 03 15:01:33 2016] [debug] ..\..\src\core\phaseresolver\phase_holder.c(139) Add handler AddressingOutHandler to phase MessageOut
[Sun Apr 03 15:01:33 2016] [debug] ..\..\src\core\phaseresolver\phase_holder.c(139) Add handler AddressingOutHandler to phase MessageOut
[Sun Apr 03 15:01:33 2016] [debug] ..\..\src\core\phaseresolver\phase_resolver.c(1123) Operation name is : mul
[Sun Apr 03 15:01:33 2016] [debug] ..\..\src\core\phaseresolver\phase_holder.c(139) Add handler AddressingOutHandler to phase MessageOut
[Sun Apr 03 15:01:33 2016] [debug] ..\..\src\core\phaseresolver\phase_holder.c(139) Add handler AddressingOutHandler to phase MessageOut
[Sun Apr 03 15:01:33 2016] [debug] ..\..\src\core\phaseresolver\phase_resolver.c(222) svc name is:math
[Sun Apr 03 15:01:33 2016] [debug] ..\..\src\core\phaseresolver\phase_resolver.c(139) Service name is : math
[Sun Apr 03 15:01:33 2016] [debug] ..\..\src\core\phaseresolver\phase_resolver.c(1123) Operation name is : div
[Sun Apr 03 15:01:33 2016] [debug] ..\..\src\core\phaseresolver\phase_holder.c(139) Add handler AddressingOutHandler to phase MessageOut
[Sun Apr 03 15:01:33 2016] [debug] ..\..\src\core\phaseresolver\phase_holder.c(139) Add handler AddressingOutHandler to phase MessageOut
[Sun Apr 03 15:01:33 2016] [debug] ..\..\src\core\phaseresolver\phase_resolver.c(1123) Operation name is : add
[Sun Apr 03 15:01:33 2016] [debug] ..\..\src\core\phaseresolver\phase_holder.c(139) Add handler AddressingOutHandler to phase MessageOut
[Sun Apr 03 15:01:33 2016] [debug] ..\..\src\core\phaseresolver\phase_holder.c(139) Add handler AddressingOutHandler to phase MessageOut
[Sun Apr 03 15:01:33 2016] [debug] ..\..\src\core\phaseresolver\phase_resolver.c(1123) Operation name is : sub
[Sun Apr 03 15:01:33 2016] [debug] ..\..\src\core\phaseresolver\phase_holder.c(139) Add handler AddressingOutHandler to phase MessageOut
[Sun Apr 03 15:01:33 2016] [debug] ..\..\src\core\phaseresolver\phase_holder.c(139) Add handler AddressingOutHandler to phase MessageOut
[Sun Apr 03 15:01:33 2016] [debug] ..\..\src\core\phaseresolver\phase_resolver.c(1123) Operation name is : mul
[Sun Apr 03 15:01:33 2016] [debug] ..\..\src\core\phaseresolver\phase_holder.c(139) Add handler AddressingOutHandler to phase MessageOut
[Sun Apr 03 15:01:33 2016] [debug] ..\..\src\core\phaseresolver\phase_holder.c(139) Add handler AddressingOutHandler to phase MessageOut
[Sun Apr 03 15:01:33 2016] [debug] ..\..\src\core\phaseresolver\phase_resolver.c(222) svc name is:sub
[Sun Apr 03 15:01:33 2016] [debug] ..\..\src\core\phaseresolver\phase_resolver.c(139) Service name is : sub
[Sun Apr 03 15:01:33 2016] [debug] ..\..\src\core\phaseresolver\phase_resolver.c(1123) Operation name is : sub
[Sun Apr 03 15:01:33 2016] [debug] ..\..\src\core\phaseresolver\phase_holder.c(139) Add handler AddressingOutHandler to phase MessageOut
[Sun Apr 03 15:01:33 2016] [debug] ..\..\src\core\phaseresolver\phase_holder.c(139) Add handler AddressingOutHandler to phase MessageOut
[Sun Apr 03 15:01:33 2016] [debug] ..\..\src\core\phaseresolver\phase_resolver.c(222) svc name is:mtom
[Sun Apr 03 15:01:33 2016] [debug] ..\..\src\core\phaseresolver\phase_resolver.c(139) Service name is : mtom
[Sun Apr 03 15:01:33 2016] [debug] ..\..\src\core\phaseresolver\phase_resolver.c(1123) Operation name is : mtomSample
[Sun Apr 03 15:01:33 2016] [debug] ..\..\src\core\phaseresolver\phase_holder.c(139) Add handler AddressingOutHandler to phase MessageOut
[Sun Apr 03 15:01:33 2016] [debug] ..\..\src\core\phaseresolver\phase_holder.c(139) Add handler AddressingOutHandler to phase MessageOut
[Sun Apr 03 15:01:33 2016] [debug] ..\..\src\core\phaseresolver\phase_resolver.c(222) svc name is:mul
[Sun Apr 03 15:01:33 2016] [debug] ..\..\src\core\phaseresolver\phase_resolver.c(139) Service name is : mul
[Sun Apr 03 15:01:33 2016] [debug] ..\..\src\core\phaseresolver\phase_resolver.c(1123) Operation name is : mul
[Sun Apr 03 15:01:33 2016] [debug] ..\..\src\core\phaseresolver\phase_holder.c(139) Add handler AddressingOutHandler to phase MessageOut
[Sun Apr 03 15:01:33 2016] [debug] ..\..\src\core\phaseresolver\phase_holder.c(139) Add handler AddressingOutHandler to phase MessageOut
[Sun Apr 03 15:01:33 2016] [debug] ..\..\src\core\phaseresolver\phase_resolver.c(222) svc name is:echo
[Sun Apr 03 15:01:33 2016] [debug] ..\..\src\core\phaseresolver\phase_resolver.c(139) Service name is : echo
[Sun Apr 03 15:01:33 2016] [debug] ..\..\src\core\phaseresolver\phase_resolver.c(1123) Operation name is : echoString
[Sun Apr 03 15:01:33 2016] [debug] ..\..\src\core\phaseresolver\phase_holder.c(139) Add handler AddressingOutHandler to phase MessageOut
[Sun Apr 03 15:01:33 2016] [debug] ..\..\src\core\phaseresolver\phase_holder.c(139) Add handler AddressingOutHandler to phase MessageOut
[Sun Apr 03 15:01:33 2016] [info]  Starting HTTP server thread
[Sun Apr 03 15:01:36 2016] [debug] ..\..\src\core\transport\http\common\http_worker.c(200) Client HTTP version HTTP/1.1
[Sun Apr 03 15:01:36 2016] [debug] ..\..\axiom\src\soap\soap_builder.c(945) identified soap version is soap12
[Sun Apr 03 15:01:36 2016] [debug] ..\..\src\core\engine\phase.c(210) Invoke the handler request_uri_based_dispatcher within the phase Transport
[Sun Apr 03 15:01:36 2016] [debug] ..\..\src\core\engine\req_uri_disp.c(100) Checking for service using target endpoint address : http://127.0.0.1:9090/axis2/services/Axis2Service
[Sun Apr 03 15:01:36 2016] [debug] ..\..\src\core\engine\req_uri_disp.c(121) Service found using target endpoint address
[Sun Apr 03 15:01:36 2016] [debug] ..\..\src\core\engine\phase.c(210) Invoke the handler AddressingInHandler within the phase Transport
[Sun Apr 03 15:01:36 2016] [info]  Starting addressing in handler
[Sun Apr 03 15:01:36 2016] [debug] ..\..\src\core\engine\phase.c(210) Invoke the handler addressing_based_dispatcher within the phase Transport
[Sun Apr 03 15:01:36 2016] [debug] ..\..\src\core\engine\phase.c(210) Invoke the handler rest_dispatcher within the phase Dispatch
[Sun Apr 03 15:01:36 2016] [debug] ..\..\src\core\engine\phase.c(210) Invoke the handler soap_message_body_based_dispatcher within the phase Dispatch
[Sun Apr 03 15:01:36 2016] [debug] ..\..\src\core\engine\soap_body_disp.c(231) Checking for operation using SOAP messagebody's first child's local name : greet
[Sun Apr 03 15:01:36 2016] [debug] ..\..\src\core\engine\soap_body_disp.c(240) Operation found using SOAP message body's first child's local name
[Sun Apr 03 15:01:36 2016] [debug] ..\..\src\core\engine\phase.c(210) Invoke the handler soap_action_based_dispatcher within the phase Dispatch
[Sun Apr 03 15:01:36 2016] [debug] ..\..\src\core\engine\phase.c(210) Invoke the handler dispatch_post_conditions_evaluator within the phase PostDispatch
[Sun Apr 03 15:01:36 2016] [debug] ..\..\src\core\engine\phase.c(210) Invoke the handler context_handler within the phase PostDispatch
[Sun Apr 03 15:01:36 2016] [debug] ..\..\util\src\class_loader.c(140) ..//services/Axis2Service/Axis2Service.dll shared lib loaded successfully
[Sun Apr 03 15:01:36 2016] [debug] ..\..\src\core\engine\phase.c(210) Invoke the handler AddressingOutHandler within the phase MessageOut
[Sun Apr 03 15:01:36 2016] [info]  Starting addressing out handler
[Sun Apr 03 15:01:36 2016] [debug] ..\..\src\modules\mod_addr\addr_out_handler.c(133) No action present. Stop processing addressing
[Sun Apr 03 15:01:36 2016] [info]  Request served successfully
