[Sun Apr 03 15:01:36 2016] [debug] ..\..\src\core\engine\phase.c(121) axis2_handler_t *request_uri_based_dispatcher added to the index 0 of the phase Transport
[Sun Apr 03 15:01:36 2016] [debug] ..\..\src\core\engine\phase.c(121) axis2_handler_t *addressing_based_dispatcher added to the index 1 of the phase Transport
[Sun Apr 03 15:01:36 2016] [debug] ..\..\src\core\engine\phase.c(121) axis2_handler_t *rest_dispatcher added to the index 0 of the phase Dispatch
[Sun Apr 03 15:01:36 2016] [debug] ..\..\src\core\engine\phase.c(121) axis2_handler_t *soap_message_body_based_dispatcher added to the index 1 of the phase Dispatch
[Sun Apr 03 15:01:36 2016] [debug] ..\..\src\core\engine\phase.c(121) axis2_handler_t *soap_action_based_dispatcher added to the index 2 of the phase Dispatch
[Sun Apr 03 15:01:36 2016] [debug] ..\..\src\core\engine\phase.c(121) axis2_handler_t *dispatch_post_conditions_evaluator added to the index 0 of the phase PostDispatch
[Sun Apr 03 15:01:36 2016] [debug] ..\..\src\core\engine\phase.c(121) axis2_handler_t *context_handler added to the index 1 of the phase PostDispatch
[Sun Apr 03 15:01:36 2016] [debug] ..\..\src\core\deployment\conf_builder.c(234) No custom dispatching order found. Continue with the default dispatching order
[Sun Apr 03 15:01:36 2016] [debug] ..\..\src\core\deployment\conf_builder.c(379) Module addressing found in axis2.xml
[Sun Apr 03 15:01:36 2016] [debug] ..\..\util\src\class_loader.c(140) E:\Projects\Axis2\axis2c-bin-1.6.0-win32/lib/axis2_http_sender.dll shared lib loaded successfully
[Sun Apr 03 15:01:36 2016] [debug] ..\..\util\src\class_loader.c(140) E:\Projects\Axis2\axis2c-bin-1.6.0-win32/lib/axis2_http_receiver.dll shared lib loaded successfully
[Sun Apr 03 15:01:36 2016] [debug] ..\..\src\core\deployment\dep_engine.c(1283) axis2_dep_engine_load_module_dll: DLL path is : E:\Projects\Axis2\axis2c-bin-1.6.0-win32/modules/addressing/axis2_mod_addr.dll
[Sun Apr 03 15:01:36 2016] [debug] ..\..\util\src\class_loader.c(140) E:\Projects\Axis2\axis2c-bin-1.6.0-win32/modules/addressing/axis2_mod_addr.dll shared lib loaded successfully
[Sun Apr 03 15:01:36 2016] [debug] ..\..\src\core\deployment\dep_engine.c(1283) axis2_dep_engine_load_module_dll: DLL path is : E:\Projects\Axis2\axis2c-bin-1.6.0-win32/modules/logging/axis2_mod_log.dll
[Sun Apr 03 15:01:36 2016] [debug] ..\..\util\src\class_loader.c(140) E:\Projects\Axis2\axis2c-bin-1.6.0-win32/modules/logging/axis2_mod_log.dll shared lib loaded successfully
[Sun Apr 03 15:01:36 2016] [debug] ..\..\src\core\deployment\svc_builder.c(318) DLL path is : E:\Projects\Axis2\axis2c-bin-1.6.0-win32/services/Axis2Service/Axis2Service.dll
[Sun Apr 03 15:01:36 2016] [debug] ..\..\axiom\src\om\om_element.c(1114) There are no child elements for the node
[Sun Apr 03 15:01:36 2016] [debug] ..\..\src\core\deployment\svc_builder.c(318) DLL path is : E:\Projects\Axis2\axis2c-bin-1.6.0-win32/services/Calculator/Calculator.dll
[Sun Apr 03 15:01:36 2016] [debug] ..\..\src\core\deployment\svc_builder.c(318) DLL path is : E:\Projects\Axis2\axis2c-bin-1.6.0-win32/services/echo/echo.dll
[Sun Apr 03 15:01:36 2016] [debug] ..\..\src\core\deployment\svc_builder.c(318) DLL path is : E:\Projects\Axis2\axis2c-bin-1.6.0-win32/services/math/math.dll
[Sun Apr 03 15:01:36 2016] [debug] ..\..\src\core\deployment\svc_builder.c(318) DLL path is : E:\Projects\Axis2\axis2c-bin-1.6.0-win32/services/mtom/mtom.dll
[Sun Apr 03 15:01:36 2016] [debug] ..\..\src\core\deployment\svc_builder.c(318) DLL path is : E:\Projects\Axis2\axis2c-bin-1.6.0-win32/services/mtom_callback/mtom_callback.dll
[Sun Apr 03 15:01:36 2016] [debug] ..\..\src\core\deployment\svc_builder.c(318) DLL path is : E:\Projects\Axis2\axis2c-bin-1.6.0-win32/services/notify/notify.dll
[Sun Apr 03 15:01:36 2016] [debug] ..\..\src\core\deployment\svc_builder.c(318) DLL path is : E:\Projects\Axis2\axis2c-bin-1.6.0-win32/services/sg_math/add.dll
[Sun Apr 03 15:01:36 2016] [debug] ..\..\axiom\src\om\om_element.c(1114) There are no child elements for the node
[Sun Apr 03 15:01:36 2016] [debug] ..\..\src\core\deployment\svc_builder.c(318) DLL path is : E:\Projects\Axis2\axis2c-bin-1.6.0-win32/services/sg_math/sub.dll
[Sun Apr 03 15:01:36 2016] [debug] ..\..\axiom\src\om\om_element.c(1114) There are no child elements for the node
[Sun Apr 03 15:01:36 2016] [debug] ..\..\src\core\deployment\svc_builder.c(318) DLL path is : E:\Projects\Axis2\axis2c-bin-1.6.0-win32/services/sg_math/mul.dll
[Sun Apr 03 15:01:36 2016] [debug] ..\..\axiom\src\om\om_element.c(1114) There are no child elements for the node
[Sun Apr 03 15:01:36 2016] [debug] ..\..\src\core\deployment\svc_builder.c(318) DLL path is : E:\Projects\Axis2\axis2c-bin-1.6.0-win32/services/sg_math/div.dll
[Sun Apr 03 15:01:36 2016] [debug] ..\..\axiom\src\om\om_element.c(1114) There are no child elements for the node
[Sun Apr 03 15:01:36 2016] [debug] ..\..\src\core\phaseresolver\phase_holder.c(139) Add handler AddressingInHandler to phase Transport
[Sun Apr 03 15:01:36 2016] [debug] ..\..\src\core\phaseresolver\phase_resolver.c(222) svc name is:div
[Sun Apr 03 15:01:36 2016] [debug] ..\..\src\core\phaseresolver\phase_resolver.c(139) Service name is : div
[Sun Apr 03 15:01:36 2016] [debug] ..\..\src\core\phaseresolver\phase_resolver.c(1123) Operation name is : div
[Sun Apr 03 15:01:36 2016] [debug] ..\..\src\core\phaseresolver\phase_holder.c(139) Add handler AddressingOutHandler to phase MessageOut
[Sun Apr 03 15:01:36 2016] [debug] ..\..\src\core\phaseresolver\phase_holder.c(139) Add handler AddressingOutHandler to phase MessageOut
[Sun Apr 03 15:01:36 2016] [debug] ..\..\src\core\phaseresolver\phase_resolver.c(222) svc name is:Axis2Service
[Sun Apr 03 15:01:36 2016] [debug] ..\..\src\core\phaseresolver\phase_resolver.c(139) Service name is : Axis2Service
[Sun Apr 03 15:01:36 2016] [debug] ..\..\src\core\phaseresolver\phase_resolver.c(1123) Operation name is : greet
[Sun Apr 03 15:01:36 2016] [debug] ..\..\src\core\phaseresolver\phase_holder.c(139) Add handler AddressingOutHandler to phase MessageOut
[Sun Apr 03 15:01:36 2016] [debug] ..\..\src\core\phaseresolver\phase_holder.c(139) Add handler AddressingOutHandler to phase MessageOut
[Sun Apr 03 15:01:36 2016] [debug] ..\..\src\core\phaseresolver\phase_resolver.c(222) svc name is:mtom_callback
[Sun Apr 03 15:01:36 2016] [debug] ..\..\src\core\phaseresolver\phase_resolver.c(139) Service name is : mtom_callback
[Sun Apr 03 15:01:36 2016] [debug] ..\..\src\core\phaseresolver\phase_resolver.c(1123) Operation name is : mtomSample
[Sun Apr 03 15:01:36 2016] [debug] ..\..\src\core\phaseresolver\phase_holder.c(139) Add handler AddressingOutHandler to phase MessageOut
[Sun Apr 03 15:01:36 2016] [debug] ..\..\src\core\phaseresolver\phase_holder.c(139) Add handler AddressingOutHandler to phase MessageOut
[Sun Apr 03 15:01:36 2016] [debug] ..\..\src\core\phaseresolver\phase_resolver.c(222) svc name is:notify
[Sun Apr 03 15:01:36 2016] [debug] ..\..\src\core\phaseresolver\phase_resolver.c(139) Service name is : notify
[Sun Apr 03 15:01:36 2016] [debug] ..\..\src\core\phaseresolver\phase_resolver.c(1123) Operation name is : notify
[Sun Apr 03 15:01:36 2016] [debug] ..\..\src\core\phaseresolver\phase_holder.c(139) Add handler AddressingOutHandler to phase MessageOut
[Sun Apr 03 15:01:36 2016] [debug] ..\..\src\core\phaseresolver\phase_holder.c(139) Add handler AddressingOutHandler to phase MessageOut
[Sun Apr 03 15:01:36 2016] [debug] ..\..\src\core\phaseresolver\phase_resolver.c(222) svc name is:add
[Sun Apr 03 15:01:36 2016] [debug] ..\..\src\core\phaseresolver\phase_resolver.c(139) Service name is : add
[Sun Apr 03 15:01:36 2016] [debug] ..\..\src\core\phaseresolver\phase_resolver.c(1123) Operation name is : add
[Sun Apr 03 15:01:36 2016] [debug] ..\..\src\core\phaseresolver\phase_holder.c(139) Add handler AddressingOutHandler to phase MessageOut
[Sun Apr 03 15:01:36 2016] [debug] ..\..\src\core\phaseresolver\phase_holder.c(139) Add handler AddressingOutHandler to phase MessageOut
[Sun Apr 03 15:01:36 2016] [debug] ..\..\src\core\phaseresolver\phase_resolver.c(222) svc name is:Calculator
[Sun Apr 03 15:01:36 2016] [debug] ..\..\src\core\phaseresolver\phase_resolver.c(139) Service name is : Calculator
[Sun Apr 03 15:01:36 2016] [debug] ..\..\src\core\phaseresolver\phase_resolver.c(1123) Operation name is : div
[Sun Apr 03 15:01:36 2016] [debug] ..\..\src\core\phaseresolver\phase_holder.c(139) Add handler AddressingOutHandler to phase MessageOut
[Sun Apr 03 15:01:36 2016] [debug] ..\..\src\core\phaseresolver\phase_holder.c(139) Add handler AddressingOutHandler to phase MessageOut
[Sun Apr 03 15:01:36 2016] [debug] ..\..\src\core\phaseresolver\phase_resolver.c(1123) Operation name is : add
[Sun Apr 03 15:01:36 2016] [debug] ..\..\src\core\phaseresolver\phase_holder.c(139) Add handler AddressingOutHandler to phase MessageOut
[Sun Apr 03 15:01:36 2016] [debug] ..\..\src\core\phaseresolver\phase_holder.c(139) Add handler AddressingOutHandler to phase MessageOut
[Sun Apr 03 15:01:36 2016] [debug] ..\..\src\core\phaseresolver\phase_resolver.c(1123) Operation name is : sub
[Sun Apr 03 15:01:36 2016] [debug] ..\..\src\core\phaseresolver\phase_holder.c(139) Add handler AddressingOutHandler to phase MessageOut
[Sun Apr 03 15:01:36 2016] [debug] ..\..\src\core\phaseresolver\phase_holder.c(139) Add handler AddressingOutHandler to phase MessageOut
[Sun Apr 03 15:01:36 2016] [debug] ..\..\src\core\phaseresolver\phase_resolver.c(1123) Operation name is : mul
[Sun Apr 03 15:01:36 2016] [debug] ..\..\src\core\phaseresolver\phase_holder.c(139) Add handler AddressingOutHandler to phase MessageOut
[Sun Apr 03 15:01:36 2016] [debug] ..\..\src\core\phaseresolver\phase_holder.c(139) Add handler AddressingOutHandler to phase MessageOut
[Sun Apr 03 15:01:36 2016] [debug] ..\..\src\core\phaseresolver\phase_resolver.c(222) svc name is:math
[Sun Apr 03 15:01:36 2016] [debug] ..\..\src\core\phaseresolver\phase_resolver.c(139) Service name is : math
[Sun Apr 03 15:01:36 2016] [debug] ..\..\src\core\phaseresolver\phase_resolver.c(1123) Operation name is : div
[Sun Apr 03 15:01:36 2016] [debug] ..\..\src\core\phaseresolver\phase_holder.c(139) Add handler AddressingOutHandler to phase MessageOut
[Sun Apr 03 15:01:36 2016] [debug] ..\..\src\core\phaseresolver\phase_holder.c(139) Add handler AddressingOutHandler to phase MessageOut
[Sun Apr 03 15:01:36 2016] [debug] ..\..\src\core\phaseresolver\phase_resolver.c(1123) Operation name is : add
[Sun Apr 03 15:01:36 2016] [debug] ..\..\src\core\phaseresolver\phase_holder.c(139) Add handler AddressingOutHandler to phase MessageOut
[Sun Apr 03 15:01:36 2016] [debug] ..\..\src\core\phaseresolver\phase_holder.c(139) Add handler AddressingOutHandler to phase MessageOut
[Sun Apr 03 15:01:36 2016] [debug] ..\..\src\core\phaseresolver\phase_resolver.c(1123) Operation name is : sub
[Sun Apr 03 15:01:36 2016] [debug] ..\..\src\core\phaseresolver\phase_holder.c(139) Add handler AddressingOutHandler to phase MessageOut
[Sun Apr 03 15:01:36 2016] [debug] ..\..\src\core\phaseresolver\phase_holder.c(139) Add handler AddressingOutHandler to phase MessageOut
[Sun Apr 03 15:01:36 2016] [debug] ..\..\src\core\phaseresolver\phase_resolver.c(1123) Operation name is : mul
[Sun Apr 03 15:01:36 2016] [debug] ..\..\src\core\phaseresolver\phase_holder.c(139) Add handler AddressingOutHandler to phase MessageOut
[Sun Apr 03 15:01:36 2016] [debug] ..\..\src\core\phaseresolver\phase_holder.c(139) Add handler AddressingOutHandler to phase MessageOut
[Sun Apr 03 15:01:36 2016] [debug] ..\..\src\core\phaseresolver\phase_resolver.c(222) svc name is:sub
[Sun Apr 03 15:01:36 2016] [debug] ..\..\src\core\phaseresolver\phase_resolver.c(139) Service name is : sub
[Sun Apr 03 15:01:36 2016] [debug] ..\..\src\core\phaseresolver\phase_resolver.c(1123) Operation name is : sub
[Sun Apr 03 15:01:36 2016] [debug] ..\..\src\core\phaseresolver\phase_holder.c(139) Add handler AddressingOutHandler to phase MessageOut
[Sun Apr 03 15:01:36 2016] [debug] ..\..\src\core\phaseresolver\phase_holder.c(139) Add handler AddressingOutHandler to phase MessageOut
[Sun Apr 03 15:01:36 2016] [debug] ..\..\src\core\phaseresolver\phase_resolver.c(222) svc name is:mtom
[Sun Apr 03 15:01:36 2016] [debug] ..\..\src\core\phaseresolver\phase_resolver.c(139) Service name is : mtom
[Sun Apr 03 15:01:36 2016] [debug] ..\..\src\core\phaseresolver\phase_resolver.c(1123) Operation name is : mtomSample
[Sun Apr 03 15:01:36 2016] [debug] ..\..\src\core\phaseresolver\phase_holder.c(139) Add handler AddressingOutHandler to phase MessageOut
[Sun Apr 03 15:01:36 2016] [debug] ..\..\src\core\phaseresolver\phase_holder.c(139) Add handler AddressingOutHandler to phase MessageOut
[Sun Apr 03 15:01:36 2016] [debug] ..\..\src\core\phaseresolver\phase_resolver.c(222) svc name is:mul
[Sun Apr 03 15:01:36 2016] [debug] ..\..\src\core\phaseresolver\phase_resolver.c(139) Service name is : mul
[Sun Apr 03 15:01:36 2016] [debug] ..\..\src\core\phaseresolver\phase_resolver.c(1123) Operation name is : mul
[Sun Apr 03 15:01:36 2016] [debug] ..\..\src\core\phaseresolver\phase_holder.c(139) Add handler AddressingOutHandler to phase MessageOut
[Sun Apr 03 15:01:36 2016] [debug] ..\..\src\core\phaseresolver\phase_holder.c(139) Add handler AddressingOutHandler to phase MessageOut
[Sun Apr 03 15:01:36 2016] [debug] ..\..\src\core\phaseresolver\phase_resolver.c(222) svc name is:echo
[Sun Apr 03 15:01:36 2016] [debug] ..\..\src\core\phaseresolver\phase_resolver.c(139) Service name is : echo
[Sun Apr 03 15:01:36 2016] [debug] ..\..\src\core\phaseresolver\phase_resolver.c(1123) Operation name is : echoString
[Sun Apr 03 15:01:36 2016] [debug] ..\..\src\core\phaseresolver\phase_holder.c(139) Add handler AddressingOutHandler to phase MessageOut
[Sun Apr 03 15:01:36 2016] [debug] ..\..\src\core\phaseresolver\phase_holder.c(139) Add handler AddressingOutHandler to phase MessageOut
[Sun Apr 03 15:01:36 2016] [debug] ..\..\src\core\phaseresolver\phase_resolver.c(139) Service name is : __ANONYMOUS_SERVICE__
[Sun Apr 03 15:01:36 2016] [debug] ..\..\src\core\phaseresolver\phase_resolver.c(723) Module name is:addressing
[Sun Apr 03 15:01:36 2016] [debug] ..\..\src\core\phaseresolver\phase_resolver.c(2058) Trying to add this handler AddressingInHandler to system pre defined phases , but those handlers are already added to global chain which run irrespective of the service
[Sun Apr 03 15:01:36 2016] [debug] ..\..\src\core\phaseresolver\phase_resolver.c(723) Module name is:addressing
[Sun Apr 03 15:01:36 2016] [debug] ..\..\src\core\phaseresolver\phase_holder.c(139) Add handler AddressingOutHandler to phase MessageOut
[Sun Apr 03 15:01:36 2016] [debug] ..\..\src\core\phaseresolver\phase_resolver.c(723) Module name is:addressing
[Sun Apr 03 15:01:36 2016] [debug] ..\..\src\core\phaseresolver\phase_resolver.c(723) Module name is:addressing
[Sun Apr 03 15:01:36 2016] [debug] ..\..\src\core\phaseresolver\phase_holder.c(139) Add handler AddressingOutHandler to phase MessageOut
[Sun Apr 03 15:01:36 2016] [debug] ..\..\src\core\phaseresolver\phase_resolver.c(723) Module name is:addressing
[Sun Apr 03 15:01:36 2016] [debug] ..\..\src\core\phaseresolver\phase_resolver.c(2058) Trying to add this handler AddressingInHandler to system pre defined phases , but those handlers are already added to global chain which run irrespective of the service
[Sun Apr 03 15:01:36 2016] [debug] ..\..\src\core\phaseresolver\phase_resolver.c(723) Module name is:addressing
[Sun Apr 03 15:01:36 2016] [debug] ..\..\src\core\phaseresolver\phase_holder.c(139) Add handler AddressingOutHandler to phase MessageOut
[Sun Apr 03 15:01:36 2016] [debug] ..\..\src\core\phaseresolver\phase_resolver.c(723) Module name is:addressing
[Sun Apr 03 15:01:36 2016] [debug] ..\..\src\core\phaseresolver\phase_resolver.c(723) Module name is:addressing
[Sun Apr 03 15:01:36 2016] [debug] ..\..\src\core\phaseresolver\phase_holder.c(139) Add handler AddressingOutHandler to phase MessageOut
[Sun Apr 03 15:01:36 2016] [debug] ..\..\src\core\phaseresolver\phase_resolver.c(723) Module name is:addressing
[Sun Apr 03 15:01:36 2016] [debug] ..\..\src\core\phaseresolver\phase_resolver.c(2058) Trying to add this handler AddressingInHandler to system pre defined phases , but those handlers are already added to global chain which run irrespective of the service
[Sun Apr 03 15:01:36 2016] [debug] ..\..\src\core\phaseresolver\phase_resolver.c(723) Module name is:addressing
[Sun Apr 03 15:01:36 2016] [debug] ..\..\src\core\phaseresolver\phase_holder.c(139) Add handler AddressingOutHandler to phase MessageOut
[Sun Apr 03 15:01:36 2016] [debug] ..\..\src\core\phaseresolver\phase_resolver.c(723) Module name is:addressing
[Sun Apr 03 15:01:36 2016] [debug] ..\..\src\core\phaseresolver\phase_resolver.c(723) Module name is:addressing
[Sun Apr 03 15:01:36 2016] [debug] ..\..\src\core\phaseresolver\phase_holder.c(139) Add handler AddressingOutHandler to phase MessageOut
[Sun Apr 03 15:01:36 2016] [debug] ..\..\src\core\clientapi\op_client.c(888) Start:axis2_op_client_infer_transport
[Sun Apr 03 15:01:36 2016] [debug] ..\..\src\core\clientapi\op_client.c(954) End:axis2_op_client_infer_transport
[Sun Apr 03 15:01:36 2016] [debug] ..\..\src\core\engine\phase.c(210) Invoke the handler AddressingOutHandler within the phase MessageOut
[Sun Apr 03 15:01:36 2016] [info]  Starting addressing out handler
[Sun Apr 03 15:01:36 2016] [debug] ..\..\src\modules\mod_addr\addr_out_handler.c(133) No action present. Stop processing addressing
[Sun Apr 03 15:01:36 2016] [debug] ..\..\src\core\transport\http\sender\http_transport_sender.c(246) ctx_epr:http://localhost:9090/axis2/services/Axis2Service
[Sun Apr 03 15:01:36 2016] [debug] ..\..\src\core\transport\http\sender\http_transport_sender.c(805) using axis2 native http sender.
[Sun Apr 03 15:01:36 2016] [debug] ..\..\src\core\transport\http\sender\http_sender.c(416) msg_ctx_id:urn:uuid:37a1fd1e-34a8-4820-b889-c45a860d594a
[Sun Apr 03 15:01:36 2016] [debug] ..\..\src\core\transport\http\sender\http_transport_sender.c(822) OP name axutil_qname_get_localpart = http://www.w3.org/2004/08/wsdl/out-in
[Sun Apr 03 15:01:36 2016] [debug] ..\..\axiom\src\soap\soap_builder.c(945) identified soap version is soap12
[Sun Apr 03 15:01:36 2016] [debug] ..\..\src\core\engine\phase.c(210) Invoke the handler request_uri_based_dispatcher within the phase Transport
[Sun Apr 03 15:01:36 2016] [debug] ..\..\src\core\engine\phase.c(210) Invoke the handler AddressingInHandler within the phase Transport
[Sun Apr 03 15:01:36 2016] [info]  Starting addressing in handler
[Sun Apr 03 15:01:36 2016] [debug] ..\..\src\core\engine\phase.c(210) Invoke the handler addressing_based_dispatcher within the phase Transport
[Sun Apr 03 15:01:36 2016] [debug] ..\..\src\core\engine\phase.c(210) Invoke the handler rest_dispatcher within the phase Dispatch
[Sun Apr 03 15:01:36 2016] [debug] ..\..\src\core\engine\phase.c(210) Invoke the handler soap_message_body_based_dispatcher within the phase Dispatch
[Sun Apr 03 15:01:36 2016] [debug] ..\..\src\core\engine\phase.c(210) Invoke the handler soap_action_based_dispatcher within the phase Dispatch
[Sun Apr 03 15:01:36 2016] [debug] ..\..\src\core\engine\soap_action_disp.c(89) Checking for service using SOAPAction is not implemented
[Sun Apr 03 15:01:36 2016] [debug] ..\..\src\core\engine\phase.c(210) Invoke the handler dispatch_post_conditions_evaluator within the phase PostDispatch
[Sun Apr 03 15:01:36 2016] [debug] ..\..\src\core\engine\phase.c(210) Invoke the handler context_handler within the phase PostDispatch
[Sun Apr 03 15:01:36 2016] [debug] ..\..\src\core\deployment\arch_file_data.c(149) Service name :Axis2Service
[Sun Apr 03 15:01:36 2016] [debug] ..\..\src\core\deployment\arch_file_data.c(149) Service name :Calculator
[Sun Apr 03 15:01:36 2016] [debug] ..\..\src\core\deployment\arch_file_data.c(149) Service name :echo
[Sun Apr 03 15:01:36 2016] [debug] ..\..\src\core\deployment\arch_file_data.c(149) Service name :math
[Sun Apr 03 15:01:36 2016] [debug] ..\..\src\core\deployment\arch_file_data.c(149) Service name :mtom
[Sun Apr 03 15:01:36 2016] [debug] ..\..\src\core\deployment\arch_file_data.c(149) Service name :mtom_callback
[Sun Apr 03 15:01:36 2016] [debug] ..\..\src\core\deployment\arch_file_data.c(149) Service name :notify
[Sun Apr 03 15:01:36 2016] [debug] ..\..\src\core\deployment\arch_file_data.c(149) Service name :div
[Sun Apr 03 15:01:36 2016] [debug] ..\..\src\core\deployment\arch_file_data.c(149) Service name :add
[Sun Apr 03 15:01:36 2016] [debug] ..\..\src\core\deployment\arch_file_data.c(149) Service name :sub
[Sun Apr 03 15:01:36 2016] [debug] ..\..\src\core\deployment\arch_file_data.c(149) Service name :mul
